[ 2017-12-14T16:35:07+08:00 ] ::1 /www.39.com/index.php/Admin/Admin/lst.html
ERR: 1054:Champ 'b.role_name' inconnu dans field list
 [ SQL语句 ] : SELECT a.*,b.role_name FROM p39_admin a LEFT JOIN p39_admin_role b ON a.id = b.admin_id
                                LEFT JOIN p39_role c ON  b.role_id = c.id  GROUP BY a.id LIMIT 0,20  

[ 2017-12-14T16:35:55+08:00 ] ::1 /www.39.com/index.php/Admin/Admin/lst.html
ERR: 1054:Champ 'b.role_name' inconnu dans field list
 [ SQL语句 ] : SELECT a.*,b.role_name FROM p39_admin a LEFT JOIN p39_admin_role b ON a.id = b.admin_id
                                LEFT JOIN p39_role c ON  b.role_id = c.id  LIMIT 0,20  

[ 2017-12-14T16:35:59+08:00 ] ::1 /www.39.com/index.php/Admin/Admin/lst.html
ERR: 1054:Champ 'b.role_name' inconnu dans field list
 [ SQL语句 ] : SELECT a.*,b.role_name FROM p39_admin a LEFT JOIN p39_admin_role b ON a.id = b.admin_id
                                LEFT JOIN p39_role c ON  b.role_id = c.id  LIMIT 0,20  

[ 2017-12-14T16:37:49+08:00 ] ::1 /www.39.com/index.php/Admin/Admin/lst.html
ERR: 1054:Champ 'b.role_name' inconnu dans field list
 [ SQL语句 ] : SELECT a.*,b.role_name FROM p39_admin a LEFT JOIN p39_admin_role b ON a.id = b.admin_id
                                LEFT JOIN p39_role c ON  b.role_id = c.id  LIMIT 0,20  

[ 2017-12-14T16:37:50+08:00 ] ::1 /www.39.com/index.php/Admin/Admin/lst.html
ERR: 1054:Champ 'b.role_name' inconnu dans field list
 [ SQL语句 ] : SELECT a.*,b.role_name FROM p39_admin a LEFT JOIN p39_admin_role b ON a.id = b.admin_id
                                LEFT JOIN p39_role c ON  b.role_id = c.id  LIMIT 0,20  

[ 2017-12-14T16:37:50+08:00 ] ::1 /www.39.com/index.php/Admin/Admin/lst.html
ERR: 1054:Champ 'b.role_name' inconnu dans field list
 [ SQL语句 ] : SELECT a.*,b.role_name FROM p39_admin a LEFT JOIN p39_admin_role b ON a.id = b.admin_id
                                LEFT JOIN p39_role c ON  b.role_id = c.id  LIMIT 0,20  

[ 2017-12-14T16:37:50+08:00 ] ::1 /www.39.com/index.php/Admin/Admin/lst.html
ERR: 1054:Champ 'b.role_name' inconnu dans field list
 [ SQL语句 ] : SELECT a.*,b.role_name FROM p39_admin a LEFT JOIN p39_admin_role b ON a.id = b.admin_id
                                LEFT JOIN p39_role c ON  b.role_id = c.id  LIMIT 0,20  

[ 2017-12-14T16:37:50+08:00 ] ::1 /www.39.com/index.php/Admin/Admin/lst.html
ERR: 1054:Champ 'b.role_name' inconnu dans field list
 [ SQL语句 ] : SELECT a.*,b.role_name FROM p39_admin a LEFT JOIN p39_admin_role b ON a.id = b.admin_id
                                LEFT JOIN p39_role c ON  b.role_id = c.id  LIMIT 0,20  

[ 2017-12-14T16:37:50+08:00 ] ::1 /www.39.com/index.php/Admin/Admin/lst.html
ERR: 1054:Champ 'b.role_name' inconnu dans field list
 [ SQL语句 ] : SELECT a.*,b.role_name FROM p39_admin a LEFT JOIN p39_admin_role b ON a.id = b.admin_id
                                LEFT JOIN p39_role c ON  b.role_id = c.id  LIMIT 0,20  

[ 2017-12-14T16:37:51+08:00 ] ::1 /www.39.com/index.php/Admin/Admin/lst.html
ERR: 1054:Champ 'b.role_name' inconnu dans field list
 [ SQL语句 ] : SELECT a.*,b.role_name FROM p39_admin a LEFT JOIN p39_admin_role b ON a.id = b.admin_id
                                LEFT JOIN p39_role c ON  b.role_id = c.id  LIMIT 0,20  

[ 2017-12-14T16:37:51+08:00 ] ::1 /www.39.com/index.php/Admin/Admin/lst.html
ERR: 1054:Champ 'b.role_name' inconnu dans field list
 [ SQL语句 ] : SELECT a.*,b.role_name FROM p39_admin a LEFT JOIN p39_admin_role b ON a.id = b.admin_id
                                LEFT JOIN p39_role c ON  b.role_id = c.id  LIMIT 0,20  

[ 2017-12-14T16:45:26+08:00 ] ::1 /www.39.com/index.php/Admin/Admin/edit/id/3.html
ERR: 1305:FUNCTION php39.GROOUP_CONCAT does not exist
 [ SQL语句 ] : SELECT GROOUP_CONCAT(role_id) role_id FROM `p39_admin_role` WHERE `admin_id` = '3' LIMIT 1  

[ 2017-12-14T16:45:31+08:00 ] ::1 /www.39.com/index.php/Admin/Admin/edit/id/3.html
ERR: 1305:FUNCTION php39.GROOUP_CONCAT does not exist
 [ SQL语句 ] : SELECT GROOUP_CONCAT(role_id) role_id FROM `p39_admin_role` WHERE `admin_id` = '3' LIMIT 1  

[ 2017-12-14T16:46:49+08:00 ] ::1 /www.39.com/index.php/Admin/Admin/edit/id/3.html
ERR: 1305:FUNCTION php39.GROOUP_CONCAT does not exist
 [ SQL语句 ] : SELECT GROOUP_CONCAT(role_id) role_id FROM `p39_admin_role` WHERE `admin_id` = '3' LIMIT 1  

[ 2017-12-14T16:53:14+08:00 ] ::1 /www.39.com/index.php/Admin/Admin/edit/id/3.html
ERR: Think\Model:delect方法不存在！

[ 2017-12-14T16:54:10+08:00 ] ::1 /www.39.com/index.php/Admin/Admin/edit/id/3.html
ERR: 1048:Le champ 'admin_id' ne peut être vide (null)
 [ SQL语句 ] : INSERT INTO `p39_admin_role` (`admin_id`,`role_id`) VALUES (NULL,'1')

[ 2017-12-14T17:18:18+08:00 ] ::1 /www.39.com/index.php/Admin/Login/chkcode.html
ERR: 非法操作:chkcode

[ 2017-12-14T17:23:36+08:00 ] ::1 /www.39.com/index.php/Admin/Login/verify
ERR: 非法操作:verify

[ 2017-12-14T17:52:50+08:00 ] ::1 /www.39.com/index.php/Admin/Login/verify
ERR: 非法操作:verify

[ 2017-12-14T17:53:09+08:00 ] ::1 /www.39.com/index.php/Admin/Login/chkcode.html
ERR: 非法操作:chkcode

[ 2017-12-14T17:53:13+08:00 ] ::1 /www.39.com/index.php/Admin/Login/chkcode.html
ERR: 非法操作:chkcode

[ 2017-12-14T17:53:13+08:00 ] ::1 /www.39.com/index.php/Admin/Login/chkcode.html
ERR: 非法操作:chkcode

[ 2017-12-14T17:53:14+08:00 ] ::1 /www.39.com/index.php/Admin/Login/chkcode.html
ERR: 非法操作:chkcode

[ 2017-12-14T19:02:06+08:00 ] ::1 /www.39.com/index.php/Admin/Index/userMessage.html
ERR: 非法操作:userMessage

[ 2017-12-14T19:03:17+08:00 ] ::1 /www.39.com/index.php/Admin/Base/
ERR: 非法操作:index

[ 2017-12-14T19:03:26+08:00 ] ::1 /www.39.com/index.php/Admin/Base/__construct
ERR: 非法操作:__construct

