[ 2017-11-09T15:45:59+08:00 ] ::1 /www.39.com/index.php/Admin/layout
ERR: 无法加载控制器:Layout

[ 2017-11-09T16:43:44+08:00 ] ::1 /www.39.com/index.php/Admin/Goods/%3Cimg%20%20%20src%20=%20'Public/UploadsGoods/2017-11-06/sm_5a0027194ac74.jpg'%20/%3E
ERR: 非法操作:

[ 2017-11-09T16:43:44+08:00 ] ::1 /www.39.com/index.php/Admin/Goods/%3Cimg%20%20%20src%20=%20'Public/UploadsGoods/2017-11-06/sm_5a00268d9ccbe.jpg'%20/%3E
ERR: 非法操作:

[ 2017-11-09T16:43:44+08:00 ] ::1 /www.39.com/index.php/Admin/Goods/%3Cimg%20%20%20src%20=%20'Public/UploadsGoods/2017-11-06/sm_5a0026b240466.jpg'%20/%3E
ERR: 非法操作:

[ 2017-11-09T16:43:44+08:00 ] ::1 /www.39.com/index.php/Admin/Goods/%3Cimg%20%20%20src%20=%20'Public/UploadsGoods/2017-11-06/sm_5a002664b2147.jpg'%20/%3E
ERR: 非法操作:

[ 2017-11-09T16:43:44+08:00 ] ::1 /www.39.com/index.php/Admin/Goods/%3Cimg%20%20%20src%20=%20'Public/UploadsGoods/2017-11-06/sm_5a0027016df90.jpg'%20/%3E
ERR: 非法操作:

[ 2017-11-09T16:43:47+08:00 ] ::1 /www.39.com/index.php/Admin/Goods/%3Cimg%20%20%20src%20=%20'Public/UploadsGoods/2017-11-06/sm_5a0027016df90.jpg'%20/%3E
ERR: 非法操作:

[ 2017-11-09T16:43:47+08:00 ] ::1 /www.39.com/index.php/Admin/Goods/%3Cimg%20%20%20src%20=%20'Public/UploadsGoods/2017-11-06/sm_5a0027194ac74.jpg'%20/%3E
ERR: 非法操作:

[ 2017-11-09T16:43:47+08:00 ] ::1 /www.39.com/index.php/Admin/Goods/%3Cimg%20%20%20src%20=%20'Public/UploadsGoods/2017-11-06/sm_5a0026b240466.jpg'%20/%3E
ERR: 非法操作:

[ 2017-11-09T16:43:47+08:00 ] ::1 /www.39.com/index.php/Admin/Goods/%3Cimg%20%20%20src%20=%20'Public/UploadsGoods/2017-11-06/sm_5a002664b2147.jpg'%20/%3E
ERR: 非法操作:

[ 2017-11-09T16:43:47+08:00 ] ::1 /www.39.com/index.php/Admin/Goods/%3Cimg%20%20%20src%20=%20'Public/UploadsGoods/2017-11-06/sm_5a00268d9ccbe.jpg'%20/%3E
ERR: 非法操作:

[ 2017-11-09T16:44:06+08:00 ] ::1 /www.39.com/index.php/Admin/Goods/%3Cimg%20%20%20src%20=%20'__ROOT__/Public/UploadsGoods/2017-11-06/sm_5a0026b240466.jpg'%20/%3E
ERR: 非法操作:

[ 2017-11-09T16:44:06+08:00 ] ::1 /www.39.com/index.php/Admin/Goods/%3Cimg%20%20%20src%20=%20'__ROOT__/Public/UploadsGoods/2017-11-06/sm_5a0027194ac74.jpg'%20/%3E
ERR: 非法操作:

[ 2017-11-09T16:44:06+08:00 ] ::1 /www.39.com/index.php/Admin/Goods/%3Cimg%20%20%20src%20=%20'__ROOT__/Public/UploadsGoods/2017-11-06/sm_5a0027016df90.jpg'%20/%3E
ERR: 非法操作:

[ 2017-11-09T16:44:06+08:00 ] ::1 /www.39.com/index.php/Admin/Goods/%3Cimg%20%20%20src%20=%20'__ROOT__/Public/UploadsGoods/2017-11-06/sm_5a002664b2147.jpg'%20/%3E
ERR: 非法操作:

[ 2017-11-09T16:44:06+08:00 ] ::1 /www.39.com/index.php/Admin/Goods/%3Cimg%20%20%20src%20=%20'__ROOT__/Public/UploadsGoods/2017-11-06/sm_5a00268d9ccbe.jpg'%20/%3E
ERR: 非法操作:

[ 2017-11-09T16:44:12+08:00 ] ::1 /www.39.com/index.php/Admin/Goods/%3Cimg%20%20%20src%20=%20'__ROOT__Public/UploadsGoods/2017-11-06/sm_5a0027194ac74.jpg'%20/%3E
ERR: 非法操作:

[ 2017-11-09T16:44:12+08:00 ] ::1 /www.39.com/index.php/Admin/Goods/%3Cimg%20%20%20src%20=%20'__ROOT__Public/UploadsGoods/2017-11-06/sm_5a0026b240466.jpg'%20/%3E
ERR: 非法操作:

[ 2017-11-09T16:44:12+08:00 ] ::1 /www.39.com/index.php/Admin/Goods/%3Cimg%20%20%20src%20=%20'__ROOT__Public/UploadsGoods/2017-11-06/sm_5a002664b2147.jpg'%20/%3E
ERR: 非法操作:

[ 2017-11-09T16:44:12+08:00 ] ::1 /www.39.com/index.php/Admin/Goods/%3Cimg%20%20%20src%20=%20'__ROOT__Public/UploadsGoods/2017-11-06/sm_5a00268d9ccbe.jpg'%20/%3E
ERR: 非法操作:

[ 2017-11-09T16:44:12+08:00 ] ::1 /www.39.com/index.php/Admin/Goods/%3Cimg%20%20%20src%20=%20'__ROOT__Public/UploadsGoods/2017-11-06/sm_5a0027016df90.jpg'%20/%3E
ERR: 非法操作:

[ 2017-11-09T16:44:13+08:00 ] ::1 /www.39.com/index.php/Admin/Goods/%3Cimg%20%20%20src%20=%20'__ROOT__Public/UploadsGoods/2017-11-06/sm_5a002664b2147.jpg'%20/%3E
ERR: 非法操作:

[ 2017-11-09T16:44:13+08:00 ] ::1 /www.39.com/index.php/Admin/Goods/%3Cimg%20%20%20src%20=%20'__ROOT__Public/UploadsGoods/2017-11-06/sm_5a0027194ac74.jpg'%20/%3E
ERR: 非法操作:

[ 2017-11-09T16:44:13+08:00 ] ::1 /www.39.com/index.php/Admin/Goods/%3Cimg%20%20%20src%20=%20'__ROOT__Public/UploadsGoods/2017-11-06/sm_5a00268d9ccbe.jpg'%20/%3E
ERR: 非法操作:

[ 2017-11-09T16:44:13+08:00 ] ::1 /www.39.com/index.php/Admin/Goods/%3Cimg%20%20%20src%20=%20'__ROOT__Public/UploadsGoods/2017-11-06/sm_5a0027016df90.jpg'%20/%3E
ERR: 非法操作:

[ 2017-11-09T16:44:13+08:00 ] ::1 /www.39.com/index.php/Admin/Goods/%3Cimg%20%20%20src%20=%20'__ROOT__Public/UploadsGoods/2017-11-06/sm_5a0026b240466.jpg'%20/%3E
ERR: 非法操作:

[ 2017-11-09T16:44:14+08:00 ] ::1 /www.39.com/index.php/Admin/Goods/%3Cimg%20%20%20src%20=%20'__ROOT__Public/UploadsGoods/2017-11-06/sm_5a0027194ac74.jpg'%20/%3E
ERR: 非法操作:

[ 2017-11-09T16:44:14+08:00 ] ::1 /www.39.com/index.php/Admin/Goods/%3Cimg%20%20%20src%20=%20'__ROOT__Public/UploadsGoods/2017-11-06/sm_5a0026b240466.jpg'%20/%3E
ERR: 非法操作:

[ 2017-11-09T16:44:14+08:00 ] ::1 /www.39.com/index.php/Admin/Goods/%3Cimg%20%20%20src%20=%20'__ROOT__Public/UploadsGoods/2017-11-06/sm_5a002664b2147.jpg'%20/%3E
ERR: 非法操作:

[ 2017-11-09T16:44:14+08:00 ] ::1 /www.39.com/index.php/Admin/Goods/%3Cimg%20%20%20src%20=%20'__ROOT__Public/UploadsGoods/2017-11-06/sm_5a00268d9ccbe.jpg'%20/%3E
ERR: 非法操作:

[ 2017-11-09T16:44:14+08:00 ] ::1 /www.39.com/index.php/Admin/Goods/%3Cimg%20%20%20src%20=%20'__ROOT__Public/UploadsGoods/2017-11-06/sm_5a0027016df90.jpg'%20/%3E
ERR: 非法操作:

[ 2017-11-09T16:44:16+08:00 ] ::1 /www.39.com/index.php/Admin/Goods/%3Cimg%20%20%20src%20=%20'__ROOT__Public/UploadsGoods/2017-11-06/sm_5a0027194ac74.jpg'%20/%3E
ERR: 非法操作:

[ 2017-11-09T16:44:16+08:00 ] ::1 /www.39.com/index.php/Admin/Goods/%3Cimg%20%20%20src%20=%20'__ROOT__Public/UploadsGoods/2017-11-06/sm_5a00268d9ccbe.jpg'%20/%3E
ERR: 非法操作:

[ 2017-11-09T16:44:16+08:00 ] ::1 /www.39.com/index.php/Admin/Goods/%3Cimg%20%20%20src%20=%20'__ROOT__Public/UploadsGoods/2017-11-06/sm_5a0026b240466.jpg'%20/%3E
ERR: 非法操作:

[ 2017-11-09T16:44:16+08:00 ] ::1 /www.39.com/index.php/Admin/Goods/%3Cimg%20%20%20src%20=%20'__ROOT__Public/UploadsGoods/2017-11-06/sm_5a0027016df90.jpg'%20/%3E
ERR: 非法操作:

[ 2017-11-09T16:44:16+08:00 ] ::1 /www.39.com/index.php/Admin/Goods/%3Cimg%20%20%20src%20=%20'__ROOT__Public/UploadsGoods/2017-11-06/sm_5a002664b2147.jpg'%20/%3E
ERR: 非法操作:

[ 2017-11-09T16:45:10+08:00 ] ::1 /www.39.com/index.php/Admin/Goods/%3Cimg%20%20%20src%20=%20'__ROOT__Public/Uploads/Goods/2017-11-06/sm_5a0027016df90.jpg'%20/%3E
ERR: 非法操作:

[ 2017-11-09T16:45:10+08:00 ] ::1 /www.39.com/index.php/Admin/Goods/%3Cimg%20%20%20src%20=%20'__ROOT__Public/Uploads/Goods/2017-11-06/sm_5a002664b2147.jpg'%20/%3E
ERR: 非法操作:

[ 2017-11-09T16:45:10+08:00 ] ::1 /www.39.com/index.php/Admin/Goods/%3Cimg%20%20%20src%20=%20'__ROOT__Public/Uploads/Goods/2017-11-06/sm_5a0027194ac74.jpg'%20/%3E
ERR: 非法操作:

[ 2017-11-09T16:45:10+08:00 ] ::1 /www.39.com/index.php/Admin/Goods/%3Cimg%20%20%20src%20=%20'__ROOT__Public/Uploads/Goods/2017-11-06/sm_5a00268d9ccbe.jpg'%20/%3E
ERR: 非法操作:

[ 2017-11-09T16:45:10+08:00 ] ::1 /www.39.com/index.php/Admin/Goods/%3Cimg%20%20%20src%20=%20'__ROOT__Public/Uploads/Goods/2017-11-06/sm_5a0026b240466.jpg'%20/%3E
ERR: 非法操作:

[ 2017-11-09T16:45:11+08:00 ] ::1 /www.39.com/index.php/Admin/Goods/%3Cimg%20%20%20src%20=%20'__ROOT__Public/Uploads/Goods/2017-11-06/sm_5a00268d9ccbe.jpg'%20/%3E
ERR: 非法操作:

[ 2017-11-09T16:45:11+08:00 ] ::1 /www.39.com/index.php/Admin/Goods/%3Cimg%20%20%20src%20=%20'__ROOT__Public/Uploads/Goods/2017-11-06/sm_5a0027194ac74.jpg'%20/%3E
ERR: 非法操作:

[ 2017-11-09T16:45:11+08:00 ] ::1 /www.39.com/index.php/Admin/Goods/%3Cimg%20%20%20src%20=%20'__ROOT__Public/Uploads/Goods/2017-11-06/sm_5a002664b2147.jpg'%20/%3E
ERR: 非法操作:

[ 2017-11-09T16:45:11+08:00 ] ::1 /www.39.com/index.php/Admin/Goods/%3Cimg%20%20%20src%20=%20'__ROOT__Public/Uploads/Goods/2017-11-06/sm_5a0027016df90.jpg'%20/%3E
ERR: 非法操作:

[ 2017-11-09T16:45:11+08:00 ] ::1 /www.39.com/index.php/Admin/Goods/%3Cimg%20%20%20src%20=%20'__ROOT__Public/Uploads/Goods/2017-11-06/sm_5a0026b240466.jpg'%20/%3E
ERR: 非法操作:

[ 2017-11-09T16:46:13+08:00 ] ::1 /www.39.com/index.php/Admin/Goods/%3Cimg%20%20%20src%20=%20'Public/Uploads/Goods/2017-11-06/sm_5a0027194ac74.jpg'%20/%3E
ERR: 非法操作:

[ 2017-11-09T16:46:13+08:00 ] ::1 /www.39.com/index.php/Admin/Goods/%3Cimg%20%20%20src%20=%20'Public/Uploads/Goods/2017-11-06/sm_5a0027016df90.jpg'%20/%3E
ERR: 非法操作:

[ 2017-11-09T16:46:13+08:00 ] ::1 /www.39.com/index.php/Admin/Goods/%3Cimg%20%20%20src%20=%20'Public/Uploads/Goods/2017-11-06/sm_5a002664b2147.jpg'%20/%3E
ERR: 非法操作:

[ 2017-11-09T16:46:13+08:00 ] ::1 /www.39.com/index.php/Admin/Goods/%3Cimg%20%20%20src%20=%20'Public/Uploads/Goods/2017-11-06/sm_5a0026b240466.jpg'%20/%3E
ERR: 非法操作:

[ 2017-11-09T16:46:13+08:00 ] ::1 /www.39.com/index.php/Admin/Goods/%3Cimg%20%20%20src%20=%20'Public/Uploads/Goods/2017-11-06/sm_5a00268d9ccbe.jpg'%20/%3E
ERR: 非法操作:

[ 2017-11-09T16:47:27+08:00 ] ::1 /www.39.com/index.php/Admin/Goods/%3Cimg%20%20%20src%20=%20'Public/Uploads/Goods/2017-11-06/sm_5a00268d9ccbe.jpg'%20/%3E
ERR: 非法操作:

[ 2017-11-09T16:47:27+08:00 ] ::1 /www.39.com/index.php/Admin/Goods/%3Cimg%20%20%20src%20=%20'Public/Uploads/Goods/2017-11-06/sm_5a002664b2147.jpg'%20/%3E
ERR: 非法操作:

[ 2017-11-09T16:47:27+08:00 ] ::1 /www.39.com/index.php/Admin/Goods/%3Cimg%20%20%20src%20=%20'Public/Uploads/Goods/2017-11-06/sm_5a0026b240466.jpg'%20/%3E
ERR: 非法操作:

[ 2017-11-09T16:47:27+08:00 ] ::1 /www.39.com/index.php/Admin/Goods/%3Cimg%20%20%20src%20=%20'Public/Uploads/Goods/2017-11-06/sm_5a0027016df90.jpg'%20/%3E
ERR: 非法操作:

[ 2017-11-09T16:47:27+08:00 ] ::1 /www.39.com/index.php/Admin/Goods/%3Cimg%20%20%20src%20=%20'Public/Uploads/Goods/2017-11-06/sm_5a0027194ac74.jpg'%20/%3E
ERR: 非法操作:

[ 2017-11-09T16:48:28+08:00 ] ::1 /www.39.com/index.php/Admin/Goods/%3Cimg%20%20%20src%20=%20'www.39.com/Public/Uploads/Goods/2017-11-06/sm_5a0027194ac74.jpg'%20/%3E
ERR: 非法操作:

[ 2017-11-09T16:48:28+08:00 ] ::1 /www.39.com/index.php/Admin/Goods/%3Cimg%20%20%20src%20=%20'www.39.com/Public/Uploads/Goods/2017-11-06/sm_5a002664b2147.jpg'%20/%3E
ERR: 非法操作:

[ 2017-11-09T16:48:28+08:00 ] ::1 /www.39.com/index.php/Admin/Goods/%3Cimg%20%20%20src%20=%20'www.39.com/Public/Uploads/Goods/2017-11-06/sm_5a0026b240466.jpg'%20/%3E
ERR: 非法操作:

[ 2017-11-09T16:48:28+08:00 ] ::1 /www.39.com/index.php/Admin/Goods/%3Cimg%20%20%20src%20=%20'www.39.com/Public/Uploads/Goods/2017-11-06/sm_5a0027016df90.jpg'%20/%3E
ERR: 非法操作:

[ 2017-11-09T16:48:28+08:00 ] ::1 /www.39.com/index.php/Admin/Goods/%3Cimg%20%20%20src%20=%20'www.39.com/Public/Uploads/Goods/2017-11-06/sm_5a00268d9ccbe.jpg'%20/%3E
ERR: 非法操作:

[ 2017-11-09T16:49:11+08:00 ] ::1 /www.39.com/index.php/Admin/Goods/%3Cimg%20%20%20src%20=%20'/www.39.com/Public/Uploads/Goods/2017-11-06/sm_5a0027194ac74.jpg'%20/%3E
ERR: 非法操作:

[ 2017-11-09T16:49:11+08:00 ] ::1 /www.39.com/index.php/Admin/Goods/%3Cimg%20%20%20src%20=%20'/www.39.com/Public/Uploads/Goods/2017-11-06/sm_5a0027016df90.jpg'%20/%3E
ERR: 非法操作:

[ 2017-11-09T16:49:11+08:00 ] ::1 /www.39.com/index.php/Admin/Goods/%3Cimg%20%20%20src%20=%20'/www.39.com/Public/Uploads/Goods/2017-11-06/sm_5a00268d9ccbe.jpg'%20/%3E
ERR: 非法操作:

[ 2017-11-09T16:49:11+08:00 ] ::1 /www.39.com/index.php/Admin/Goods/%3Cimg%20%20%20src%20=%20'/www.39.com/Public/Uploads/Goods/2017-11-06/sm_5a0026b240466.jpg'%20/%3E
ERR: 非法操作:

[ 2017-11-09T16:49:11+08:00 ] ::1 /www.39.com/index.php/Admin/Goods/%3Cimg%20%20%20src%20=%20'/www.39.com/Public/Uploads/Goods/2017-11-06/sm_5a002664b2147.jpg'%20/%3E
ERR: 非法操作:

[ 2017-11-09T16:49:45+08:00 ] ::1 /www.39.com/index.php/Admin/Goods/%3Cimg%20%20%20src%20=%20'/www.39.com/Public/Uploads/Goods/2017-11-06/sm_5a0027016df90.jpg%20/%3E
ERR: 非法操作:

[ 2017-11-09T16:50:18+08:00 ] ::1 /www.39.com/index.php/Admin/Goods/%3Cimg%20%20%20src%20=%20'/Public/Uploads/Goods/2017-11-06/sm_5a0027016df90.jpg'%20/%3E
ERR: 非法操作:

[ 2017-11-09T16:50:18+08:00 ] ::1 /www.39.com/index.php/Admin/Goods/%3Cimg%20%20%20src%20=%20'/Public/Uploads/Goods/2017-11-06/sm_5a002664b2147.jpg'%20/%3E
ERR: 非法操作:

[ 2017-11-09T16:50:18+08:00 ] ::1 /www.39.com/index.php/Admin/Goods/%3Cimg%20%20%20src%20=%20'/Public/Uploads/Goods/2017-11-06/sm_5a0027194ac74.jpg'%20/%3E
ERR: 非法操作:

[ 2017-11-09T16:50:18+08:00 ] ::1 /www.39.com/index.php/Admin/Goods/%3Cimg%20%20%20src%20=%20'/Public/Uploads/Goods/2017-11-06/sm_5a00268d9ccbe.jpg'%20/%3E
ERR: 非法操作:

[ 2017-11-09T16:50:18+08:00 ] ::1 /www.39.com/index.php/Admin/Goods/%3Cimg%20%20%20src%20=%20'/Public/Uploads/Goods/2017-11-06/sm_5a0026b240466.jpg'%20/%3E
ERR: 非法操作:

[ 2017-11-09T16:50:53+08:00 ] ::1 /www.39.com/index.php/Admin/Goods/%3Cimg%20%20%20src%20=%20'__ROOT__/Public/Uploads/Goods/2017-11-06/sm_5a002664b2147.jpg'%20/%3E
ERR: 非法操作:

[ 2017-11-09T16:50:53+08:00 ] ::1 /www.39.com/index.php/Admin/Goods/%3Cimg%20%20%20src%20=%20'__ROOT__/Public/Uploads/Goods/2017-11-06/sm_5a0027194ac74.jpg'%20/%3E
ERR: 非法操作:

[ 2017-11-09T16:50:53+08:00 ] ::1 /www.39.com/index.php/Admin/Goods/%3Cimg%20%20%20src%20=%20'__ROOT__/Public/Uploads/Goods/2017-11-06/sm_5a0026b240466.jpg'%20/%3E
ERR: 非法操作:

[ 2017-11-09T16:50:53+08:00 ] ::1 /www.39.com/index.php/Admin/Goods/%3Cimg%20%20%20src%20=%20'__ROOT__/Public/Uploads/Goods/2017-11-06/sm_5a00268d9ccbe.jpg'%20/%3E
ERR: 非法操作:

[ 2017-11-09T16:50:53+08:00 ] ::1 /www.39.com/index.php/Admin/Goods/%3Cimg%20%20%20src%20=%20'__ROOT__/Public/Uploads/Goods/2017-11-06/sm_5a0027016df90.jpg'%20/%3E
ERR: 非法操作:

[ 2017-11-09T16:51:59+08:00 ] ::1 /www.39.com/index.php/Admin/Goods/%3Cimg%20%20%20src%20=%20'__ROOT__/Public/Uploads/Goods/2017-11-06/sm_5a0027016df90.jpg'%20/%3E
ERR: 非法操作:

[ 2017-11-09T16:51:59+08:00 ] ::1 /www.39.com/index.php/Admin/Goods/%3Cimg%20%20%20src%20=%20'__ROOT__/Public/Uploads/Goods/2017-11-06/sm_5a002664b2147.jpg'%20/%3E
ERR: 非法操作:

[ 2017-11-09T16:51:59+08:00 ] ::1 /www.39.com/index.php/Admin/Goods/%3Cimg%20%20%20src%20=%20'__ROOT__/Public/Uploads/Goods/2017-11-06/sm_5a00268d9ccbe.jpg'%20/%3E
ERR: 非法操作:

[ 2017-11-09T16:51:59+08:00 ] ::1 /www.39.com/index.php/Admin/Goods/%3Cimg%20%20%20src%20=%20'__ROOT__/Public/Uploads/Goods/2017-11-06/sm_5a0027194ac74.jpg'%20/%3E
ERR: 非法操作:

[ 2017-11-09T16:51:59+08:00 ] ::1 /www.39.com/index.php/Admin/Goods/%3Cimg%20%20%20src%20=%20'__ROOT__/Public/Uploads/Goods/2017-11-06/sm_5a0026b240466.jpg'%20/%3E
ERR: 非法操作:

[ 2017-11-09T20:22:40+08:00 ] ::1 /www.39.com/index.php/Admin/Gii
ERR: 无法加载控制器:Gii

