[ 2017-11-18T10:49:21+08:00 ] ::1 /www.39.com/index.php/Admin/Goods/lst?brand_id=1&gn=&fp=&tp=&fa=&ta=&odby=id_desc
ERR: 1054:Champ 'a.brand_id' inconnu dans where clause
 [ SQL语句 ] : SELECT COUNT(*) AS tp_count FROM `p39_goods` WHERE a.brand_id = '1' AND `goods_name` LIKE '%%' LIMIT 1  

[ 2017-11-18T10:52:21+08:00 ] ::1 /www.39.com/index.php/Admin/Goods/lst?brand_id=2&gn=&fp=&tp=&fa=&ta=&odby=id_desc
ERR: 1054:Champ 'a.brand_id' inconnu dans where clause
 [ SQL语句 ] : SELECT COUNT(*) AS tp_count FROM `p39_goods` WHERE `goods_name` LIKE '%%' AND a.brand_id = '2' LIMIT 1  

[ 2017-11-18T10:54:45+08:00 ] ::1 /www.39.com/index.php/Admin/Goods/lst?brand_id=1&gn=&fp=&tp=&fa=&ta=&odby=id_desc
ERR: 1054:Champ 'a.brand_id' inconnu dans where clause
 [ SQL语句 ] : SELECT COUNT(*) AS tp_count FROM `p39_goods` WHERE `goods_name` LIKE '%%' AND a.brand_id = '1' LIMIT 1  

[ 2017-11-18T10:55:29+08:00 ] ::1 /www.39.com/index.php/Admin/Goods/lst?brand_id=1&gn=&fp=&tp=&fa=&ta=&odby=id_desc
ERR: 1054:Champ 'a.brand_id' inconnu dans where clause
 [ SQL语句 ] : SELECT COUNT(*) AS tp_count FROM `p39_goods` WHERE `goods_name` LIKE '%%' AND a.brand_id = '1' LIMIT 1  

[ 2017-11-18T10:55:32+08:00 ] ::1 /www.39.com/index.php/Admin/Goods/lst?brand_id=2&gn=&fp=&tp=&fa=&ta=&odby=id_desc
ERR: 1054:Champ 'a.brand_id' inconnu dans where clause
 [ SQL语句 ] : SELECT COUNT(*) AS tp_count FROM `p39_goods` WHERE `goods_name` LIKE '%%' AND a.brand_id = '2' LIMIT 1  

[ 2017-11-18T10:55:40+08:00 ] ::1 /www.39.com/index.php/Admin/Goods/lst?brand_id=2&gn=&fp=&tp=&fa=&ta=&odby=id_desc
ERR: 1054:Champ 'a.brand_id' inconnu dans where clause
 [ SQL语句 ] : SELECT COUNT(*) AS tp_count FROM `p39_goods` WHERE `goods_name` LIKE '%%' AND a.brand_id = '2' LIMIT 1  

[ 2017-11-18T10:56:43+08:00 ] ::1 /www.39.com/index.php/Admin/Goods/lst?brand_id=1&gn=&fp=&tp=&fa=&ta=&odby=id_desc
ERR: 1054:Champ 'a.brand_id' inconnu dans where clause
 [ SQL语句 ] : SELECT COUNT(*) AS tp_count FROM `p39_goods` WHERE `goods_name` LIKE '%%' AND a.brand_id = '1' LIMIT 1  

[ 2017-11-18T16:03:49+08:00 ] ::1 /www.39.com/index.php/Admin/Goods/lst?brand_id=3&gn=&fp=&tp=&fa=&ta=&odby=id_desc
ERR: 1054:Champ 'a.brand_id' inconnu dans where clause
 [ SQL语句 ] : SELECT COUNT(*) AS tp_count FROM `p39_goods` WHERE `goods_name` LIKE '%%' AND a.brand_id = '3' LIMIT 1  

[ 2017-11-18T16:04:36+08:00 ] ::1 /www.39.com/index.php/Admin/Goods/lst?brand_id=1&gn=&fp=&tp=&fa=&ta=&odby=id_desc
ERR: 1054:Champ 'a.brand_id' inconnu dans where clause
 [ SQL语句 ] : SELECT COUNT(*) AS tp_count FROM `p39_goods` WHERE `goods_name` LIKE '%%' AND a.brand_id = '1' LIMIT 1  

[ 2017-11-18T16:04:40+08:00 ] ::1 /www.39.com/index.php/Admin/Goods/lst?brand_id=3&gn=&fp=&tp=&fa=&ta=&odby=id_desc
ERR: 1054:Champ 'a.brand_id' inconnu dans where clause
 [ SQL语句 ] : SELECT COUNT(*) AS tp_count FROM `p39_goods` WHERE `goods_name` LIKE '%%' AND a.brand_id = '3' LIMIT 1  

[ 2017-11-18T16:06:17+08:00 ] ::1 /www.39.com/index.php/Admin/Goods/lst?brand_id=1&gn=&fp=&tp=&fa=&ta=&odby=id_desc
ERR: 1054:Champ 'a.brand_id' inconnu dans where clause
 [ SQL语句 ] : SELECT COUNT(*) AS tp_count FROM `p39_goods` WHERE `goods_name` LIKE '%%' AND a.brand_id = '1' LIMIT 1  

[ 2017-11-18T16:07:15+08:00 ] ::1 /www.39.com/index.php/Admin/Goods/lst?brand_id=1&gn=&fp=&tp=&fa=&ta=&odby=id_desc
ERR: 1054:Champ 'a.brand_id' inconnu dans where clause
 [ SQL语句 ] : SELECT COUNT(*) AS tp_count FROM `p39_goods` WHERE `goods_name` LIKE '%%' AND a.brand_id = '1' LIMIT 1  

[ 2017-11-18T16:07:25+08:00 ] ::1 /www.39.com/index.php/Admin/Goods/lst?brand_id=1&gn=&fp=&tp=&fa=&ta=&odby=id_desc
ERR: 1054:Champ 'a.brand_id' inconnu dans where clause
 [ SQL语句 ] : SELECT COUNT(*) AS tp_count FROM `p39_goods` WHERE `goods_name` LIKE '%%' AND a.brand_id = '1' LIMIT 1  

[ 2017-11-18T16:07:32+08:00 ] ::1 /www.39.com/index.php/Admin/Goods/lst?brand_id=2&gn=&fp=&tp=&fa=&ta=&odby=id_desc
ERR: 1054:Champ 'a.brand_id' inconnu dans where clause
 [ SQL语句 ] : SELECT COUNT(*) AS tp_count FROM `p39_goods` WHERE `goods_name` LIKE '%%' AND a.brand_id = '2' LIMIT 1  

[ 2017-11-18T16:09:09+08:00 ] ::1 /www.39.com/index.php/Admin/Goods/lst?brand_id=1&gn=&fp=&tp=&fa=&ta=&odby=id_desc
ERR: 1054:Champ 'a.brand_id' inconnu dans where clause
 [ SQL语句 ] : SELECT COUNT(*) AS tp_count FROM `p39_goods` WHERE `goods_name` LIKE '%%' AND a.brand_id = '1' LIMIT 1  

[ 2017-11-18T16:09:19+08:00 ] ::1 /www.39.com/index.php/Admin/Goods/lst?brand_id=2&gn=&fp=&tp=&fa=&ta=&odby=id_desc
ERR: 1054:Champ 'a.brand_id' inconnu dans where clause
 [ SQL语句 ] : SELECT COUNT(*) AS tp_count FROM `p39_goods` WHERE `goods_name` LIKE '%%' AND a.brand_id = '2' LIMIT 1  

[ 2017-11-18T16:13:57+08:00 ] ::1 /www.39.com/index.php/Admin/Goods/lst?brand_id=1&gn=&fp=&tp=&fa=&ta=&odby=id_desc
ERR: 1054:Champ 'a.brand_id' inconnu dans where clause
 [ SQL语句 ] : SELECT COUNT(*) AS tp_count FROM `p39_goods` WHERE `goods_name` LIKE '%%' AND a.brand_id = '1' LIMIT 1  

[ 2017-11-18T16:40:33+08:00 ] ::1 /www.39.com/index.php/Admin/Gii
ERR: 无法加载控制器:Gii

[ 2017-11-18T16:41:08+08:00 ] ::1 /www.39.com/index.php/Admin/Gii
ERR: 无法加载控制器:Gii

