[ 2017-11-05T15:32:46+08:00 ] ::1 /www.39.com/index.php/Admin/Goods/add
INFO: [ app_init ] --START--
INFO: Run Behavior\BuildLiteBehavior [ RunTime:0.000048s ]
INFO: [ app_init ] --END-- [ RunTime:0.076713s ]
INFO: [ app_begin ] --START--
INFO: Run Behavior\ReadHtmlCacheBehavior [ RunTime:0.019582s ]
INFO: [ app_begin ] --END-- [ RunTime:0.019760s ]
INFO: [ view_parse ] --START--
INFO: [ template_filter ] --START--
INFO: Run Behavior\ContentReplaceBehavior [ RunTime:0.008159s ]
INFO: [ template_filter ] --END-- [ RunTime:0.008325s ]
INFO: Run Behavior\ParseTemplateBehavior [ RunTime:0.106664s ]
INFO: [ view_parse ] --END-- [ RunTime:0.106845s ]
INFO: [ view_filter ] --START--
INFO: Run Behavior\WriteHtmlCacheBehavior [ RunTime:0.015371s ]
INFO: [ view_filter ] --END-- [ RunTime:0.015519s ]
INFO: [ app_end ] --START--
INFO: Run Behavior\ShowPageTraceBehavior [ RunTime:0.014574s ]
INFO: [ app_end ] --END-- [ RunTime:0.014743s ]

[ 2017-11-05T15:33:34+08:00 ] ::1 /www.39.com/index.php/Admin/Goods/add
INFO: [ app_init ] --START--
INFO: Run Behavior\BuildLiteBehavior [ RunTime:0.000047s ]
INFO: [ app_init ] --END-- [ RunTime:0.001196s ]
INFO: [ app_begin ] --START--
INFO: Run Behavior\ReadHtmlCacheBehavior [ RunTime:0.001196s ]
INFO: [ app_begin ] --END-- [ RunTime:0.001367s ]
SQL: SHOW COLUMNS FROM `p39_goods` [ RunTime:0.0167s ]
NOTIC: [8] Undefined index: validate D:\wamp\www\www.39.com\ThinkPHP\Library\Think\Model.class.php 第 1185 行.
NOTIC: [8] Undefined index: auto D:\wamp\www\www.39.com\ThinkPHP\Library\Think\Model.class.php 第 1128 行.
NOTIC: [2] call_user_func() expects parameter 1 to be a valid callback, no array or string given D:\wamp\www\www.39.com\ThinkPHP\Library\Think\Upload.class.php 第 170 行.
SQL: INSERT INTO `p39_goods` (`goods_name`,`market_price`,`shop_price`,`goods_desc`,`is_on_sale`,`logo`,`mbig_logo`,`big_logo`,`mid_logo`,`sm_logo`,`addtime`) VALUES ('goods6','0','0','','是','Goods/2017-11-05/59febecc40a85.jpg','Goods/2017-11-05/mbig_59febecc40a85.jpg','Goods/2017-11-05/big_59febecc40a85.jpg','Goods/2017-11-05/mid_59febecc40a85.jpg','Goods/2017-11-05/sm_59febecc40a85.jpg','2017-11-05 15:33:32') [ RunTime:0.4502s ]
INFO: [ view_parse ] --START--
INFO: [ template_filter ] --START--
INFO: Run Behavior\ContentReplaceBehavior [ RunTime:0.000099s ]
INFO: [ template_filter ] --END-- [ RunTime:0.000263s ]
INFO: Run Behavior\ParseTemplateBehavior [ RunTime:0.167537s ]
INFO: [ view_parse ] --END-- [ RunTime:0.167737s ]
INFO: [ view_filter ] --START--
INFO: Run Behavior\WriteHtmlCacheBehavior [ RunTime:0.002451s ]
INFO: [ view_filter ] --END-- [ RunTime:0.002685s ]

[ 2017-11-05T15:33:36+08:00 ] ::1 /www.39.com/index.php/Admin/Goods/lst.html
INFO: [ app_init ] --START--
INFO: Run Behavior\BuildLiteBehavior [ RunTime:0.000035s ]
INFO: [ app_init ] --END-- [ RunTime:0.000937s ]
INFO: [ app_begin ] --START--
INFO: Run Behavior\ReadHtmlCacheBehavior [ RunTime:0.001638s ]
INFO: [ app_begin ] --END-- [ RunTime:0.001843s ]
INFO: [ app_end ] --START--
INFO: Run Behavior\ShowPageTraceBehavior [ RunTime:0.001698s ]
INFO: [ app_end ] --END-- [ RunTime:0.001867s ]

