[ 2018-03-14T21:45:52+08:00 ] ::1 /www.39.com/index.php/Admin/Goods/edit
ERR: 1064:Erreur de syntaxe près de ')  WHERE a.type_id = null' à la ligne 1
 [ SQL语句 ] : SELECT a.id attr_id,a.attr_name,a.attr_type,a.attr_option_values,b.attr_value,b.id FROM p39_attribute a LEFT JOIN p39_goods_attr b ON (a.id=b.attr_id AND b.goods_id=)  WHERE a.type_id = null 

[ 2018-03-14T21:47:43+08:00 ] ::1 /www.39.com/index.php/Admin/Goods/ajaxGetAttr/type_id/1
INFO: [ app_begin ] --START--
INFO: Run Behavior\ReadHtmlCacheBehavior [ RunTime:0.000922s ]
INFO: [ app_begin ] --END-- [ RunTime:0.001708s ]
SQL: SHOW COLUMNS FROM `p39_privilege` [ RunTime:0.0220s ]
SQL: SHOW COLUMNS FROM `p39_attribute` [ RunTime:0.0106s ]
SQL: SELECT * FROM `p39_attribute` WHERE `type_id` = '1'  [ RunTime:0.0004s ]
INFO: [ app_end ] --START--
INFO: Run Behavior\ShowPageTraceBehavior [ RunTime:0.000969s ]
INFO: [ app_end ] --END-- [ RunTime:0.001111s ]

[ 2018-03-14T21:49:56+08:00 ] ::1 /www.39.com/index.php/Admin/Goods/ajaxGetAttr/type_id/1
INFO: [ app_begin ] --START--
INFO: Run Behavior\ReadHtmlCacheBehavior [ RunTime:0.000990s ]
INFO: [ app_begin ] --END-- [ RunTime:0.001861s ]
SQL: SHOW COLUMNS FROM `p39_privilege` [ RunTime:0.0086s ]
SQL: SHOW COLUMNS FROM `p39_attribute` [ RunTime:0.0099s ]
SQL: SELECT * FROM `p39_attribute` WHERE `type_id` = '1'  [ RunTime:0.0004s ]
INFO: [ app_end ] --START--
INFO: Run Behavior\ShowPageTraceBehavior [ RunTime:0.001095s ]
INFO: [ app_end ] --END-- [ RunTime:0.001201s ]

