[ 2018-02-09T14:00:26+08:00 ] ::1 /www.39.com/index.php/Admin/Index/__GROUP__/Index/main
ERR: 非法操作:__GROUP__

[ 2018-02-09T14:00:27+08:00 ] ::1 /www.39.com/index.php/Admin/Index/__GROUP__/Goods/goodsList
ERR: 非法操作:__GROUP__

[ 2018-02-09T14:00:28+08:00 ] ::1 /www.39.com/index.php/Admin/Index/__GROUP__/Order/orderList
ERR: 非法操作:__GROUP__

[ 2018-02-09T14:00:28+08:00 ] ::1 /www.39.com/index.php/Admin/Index/__GROUP__/Comment/commentList
ERR: 非法操作:__GROUP__

[ 2018-02-09T14:00:29+08:00 ] ::1 /www.39.com/index.php/Admin/Index/__GROUP__/User/userList
ERR: 非法操作:__GROUP__

[ 2018-02-09T14:00:30+08:00 ] ::1 /www.39.com/index.php/Admin/Index/__GROUP__/Index/main
ERR: 非法操作:__GROUP__

[ 2018-02-09T14:00:32+08:00 ] ::1 /www.39.com/index.php/Admin/Index/__GROUP__/Goods/goodsList
ERR: 非法操作:__GROUP__

[ 2018-02-09T14:00:34+08:00 ] ::1 /www.39.com/index.php/Admin/Index/__GROUP__/Goods/goodsList
ERR: 非法操作:__GROUP__

[ 2018-02-09T14:07:25+08:00 ] ::1 /www.39.com/index.php/Admin/Index/Goods/lst
ERR: 非法操作:Goods

[ 2018-02-09T14:10:22+08:00 ] ::1 /www.39.com/index.php/Admin/Index/__GROUP__/Index/main
ERR: 非法操作:__GROUP__

[ 2018-02-09T14:10:23+08:00 ] ::1 /www.39.com/index.php/Admin/Index/__GROUP__/Order/orderList
ERR: 非法操作:__GROUP__

[ 2018-02-09T14:10:24+08:00 ] ::1 /www.39.com/index.php/Admin/Index/__GROUP__/Index/main
ERR: 非法操作:__GROUP__

