[ 2018-03-28T18:08:54+08:00 ] ::1 /www.39.com/index.php/Home/Member/ajaxChkLogin.html
INFO: [ app_begin ] --START--
INFO: Run Behavior\ReadHtmlCacheBehavior [ RunTime:0.000913s ]
INFO: [ app_begin ] --END-- [ RunTime:0.001614s ]
INFO: [ app_end ] --START--
INFO: Run Behavior\ShowPageTraceBehavior [ RunTime:0.000906s ]
INFO: [ app_end ] --END-- [ RunTime:0.001032s ]

[ 2018-03-28T18:08:56+08:00 ] ::1 /www.39.com/index.php/Home/Member/ajaxChkLogin.html
INFO: [ app_begin ] --START--
INFO: Run Behavior\ReadHtmlCacheBehavior [ RunTime:0.001932s ]
INFO: [ app_begin ] --END-- [ RunTime:0.003160s ]
INFO: [ app_end ] --START--
INFO: Run Behavior\ShowPageTraceBehavior [ RunTime:0.001092s ]
INFO: [ app_end ] --END-- [ RunTime:0.001270s ]

[ 2018-03-28T18:09:01+08:00 ] ::1 /www.39.com/index.php/Home/Index/displayHistory/id/36.html
INFO: [ app_begin ] --START--
INFO: Run Behavior\ReadHtmlCacheBehavior [ RunTime:0.001411s ]
INFO: [ app_begin ] --END-- [ RunTime:0.003934s ]
SQL: SHOW COLUMNS FROM `p39_category` [ RunTime:0.0147s ]
SQL: SHOW COLUMNS FROM `p39_goods` [ RunTime:0.0089s ]
ERR: 1064:Erreur de syntaxe près de '33,35,29,32)' à la ligne 1
 [ SQL语句 ] : SELECT `id`,`mid_logo`,`goods_name` FROM `p39_goods` WHERE `id` IN ('36','','33','35','29','32') AND `is_on_sale` = '是' ORDER BY FIELD(id,36,,33,35,29,32) 
ERR: 1064:Erreur de syntaxe près de '33,35,29,32)' à la ligne 1
 [ SQL语句 ] : SELECT `id`,`mid_logo`,`goods_name` FROM `p39_goods` WHERE `id` IN ('36','','33','35','29','32') AND `is_on_sale` = '是' ORDER BY FIELD(id,36,,33,35,29,32) 

[ 2018-03-28T18:09:01+08:00 ] ::1 /www.39.com/index.php/Home/Member/ajaxChkLogin.html
INFO: [ app_begin ] --START--
INFO: Run Behavior\ReadHtmlCacheBehavior [ RunTime:0.000932s ]
INFO: [ app_begin ] --END-- [ RunTime:0.001741s ]
INFO: [ app_end ] --START--
INFO: Run Behavior\ShowPageTraceBehavior [ RunTime:0.001389s ]
INFO: [ app_end ] --END-- [ RunTime:0.001640s ]

[ 2018-03-28T18:09:01+08:00 ] ::1 /www.39.com/index.php/Home/Index/ajaxGetMemberPrice/goods_id/36.html
INFO: [ app_begin ] --START--
INFO: Run Behavior\ReadHtmlCacheBehavior [ RunTime:0.001555s ]
INFO: [ app_begin ] --END-- [ RunTime:0.002797s ]
SQL: SHOW COLUMNS FROM `p39_category` [ RunTime:0.0087s ]
SQL: SHOW COLUMNS FROM `p39_goods` [ RunTime:0.0151s ]
SQL: SELECT `promote_price` FROM `p39_goods` WHERE `id` = '36' AND `promote_price` > 0 AND `promote_start_date` <= '2018-03-28 18:09' AND `promote_end_date` >= '2018-03-28 18:09' LIMIT 1   [ RunTime:0.0004s ]
SQL: SELECT `shop_price` FROM `p39_goods` WHERE `id` = 36 LIMIT 1   [ RunTime:0.0003s ]
INFO: [ app_end ] --START--
INFO: Run Behavior\ShowPageTraceBehavior [ RunTime:0.001233s ]
INFO: [ app_end ] --END-- [ RunTime:0.001398s ]

[ 2018-03-28T18:09:04+08:00 ] ::1 /www.39.com/index.php/Home/Member/ajaxChkLogin.html
INFO: [ app_begin ] --START--
INFO: Run Behavior\ReadHtmlCacheBehavior [ RunTime:0.001114s ]
INFO: [ app_begin ] --END-- [ RunTime:0.002299s ]
INFO: [ app_end ] --START--
INFO: Run Behavior\ShowPageTraceBehavior [ RunTime:0.000998s ]
INFO: [ app_end ] --END-- [ RunTime:0.001137s ]

[ 2018-03-28T18:48:22+08:00 ] ::1 /www.39.com/index.php/Home/Member/ajaxChkLogin.html
INFO: [ app_begin ] --START--
INFO: Run Behavior\ReadHtmlCacheBehavior [ RunTime:0.001429s ]
INFO: [ app_begin ] --END-- [ RunTime:0.005302s ]
INFO: [ app_end ] --START--
INFO: Run Behavior\ShowPageTraceBehavior [ RunTime:0.001268s ]
INFO: [ app_end ] --END-- [ RunTime:0.001503s ]

[ 2018-03-28T18:48:35+08:00 ] ::1 /www.39.com/index.php/Home/Member/ajaxChkLogin.html
INFO: [ app_begin ] --START--
INFO: Run Behavior\ReadHtmlCacheBehavior [ RunTime:0.001706s ]
INFO: [ app_begin ] --END-- [ RunTime:0.003062s ]
INFO: [ app_end ] --START--
INFO: Run Behavior\ShowPageTraceBehavior [ RunTime:0.001500s ]
INFO: [ app_end ] --END-- [ RunTime:0.001924s ]

[ 2018-03-28T18:48:39+08:00 ] ::1 /www.39.com/index.php/Home/Index/displayHistory/id/36.html
INFO: [ app_begin ] --START--
INFO: Run Behavior\ReadHtmlCacheBehavior [ RunTime:0.001137s ]
INFO: [ app_begin ] --END-- [ RunTime:0.002226s ]
SQL: SHOW COLUMNS FROM `p39_category` [ RunTime:0.0271s ]
SQL: SHOW COLUMNS FROM `p39_goods` [ RunTime:0.2493s ]
ERR: 1064:Erreur de syntaxe près de '33,35,29,32)' à la ligne 1
 [ SQL语句 ] : SELECT `id`,`mid_logo`,`goods_name` FROM `p39_goods` WHERE `id` IN ('36','','33','35','29','32') AND `is_on_sale` = '是' ORDER BY FIELD(id,36,,33,35,29,32) 
ERR: 1064:Erreur de syntaxe près de '33,35,29,32)' à la ligne 1
 [ SQL语句 ] : SELECT `id`,`mid_logo`,`goods_name` FROM `p39_goods` WHERE `id` IN ('36','','33','35','29','32') AND `is_on_sale` = '是' ORDER BY FIELD(id,36,,33,35,29,32) 

[ 2018-03-28T18:48:39+08:00 ] ::1 /www.39.com/index.php/Home/Index/ajaxGetMemberPrice/goods_id/36.html
INFO: [ app_begin ] --START--
INFO: Run Behavior\ReadHtmlCacheBehavior [ RunTime:0.001538s ]
INFO: [ app_begin ] --END-- [ RunTime:0.002933s ]
SQL: SHOW COLUMNS FROM `p39_category` [ RunTime:0.0088s ]
SQL: SHOW COLUMNS FROM `p39_goods` [ RunTime:0.0089s ]
SQL: SELECT `promote_price` FROM `p39_goods` WHERE `id` = '36' AND `promote_price` > 0 AND `promote_start_date` <= '2018-03-28 18:48' AND `promote_end_date` >= '2018-03-28 18:48' LIMIT 1   [ RunTime:0.0003s ]
SQL: SHOW COLUMNS FROM `p39_member_price` [ RunTime:0.0099s ]
SQL: SELECT `price` FROM `p39_member_price` WHERE `goods_id` = '36' AND `level_id` = '1' LIMIT 1   [ RunTime:0.0404s ]
INFO: [ app_end ] --START--
INFO: Run Behavior\ShowPageTraceBehavior [ RunTime:0.001801s ]
INFO: [ app_end ] --END-- [ RunTime:0.001924s ]

[ 2018-03-28T18:48:39+08:00 ] ::1 /www.39.com/index.php/Home/Member/ajaxChkLogin.html
INFO: [ app_begin ] --START--
INFO: Run Behavior\ReadHtmlCacheBehavior [ RunTime:0.001885s ]
INFO: [ app_begin ] --END-- [ RunTime:0.003549s ]
INFO: [ app_end ] --START--
INFO: Run Behavior\ShowPageTraceBehavior [ RunTime:0.001523s ]
INFO: [ app_end ] --END-- [ RunTime:0.001705s ]

[ 2018-03-28T18:48:42+08:00 ] ::1 /www.39.com/index.php/Home/Member/ajaxChkLogin.html
INFO: [ app_begin ] --START--
INFO: Run Behavior\ReadHtmlCacheBehavior [ RunTime:0.001193s ]
INFO: [ app_begin ] --END-- [ RunTime:0.008592s ]
INFO: [ app_end ] --START--
INFO: Run Behavior\ShowPageTraceBehavior [ RunTime:0.001907s ]
INFO: [ app_end ] --END-- [ RunTime:0.002141s ]

[ 2018-03-28T18:48:44+08:00 ] ::1 /www.39.com/index.php/Home/Member/ajaxChkLogin.html
INFO: [ app_begin ] --START--
INFO: Run Behavior\ReadHtmlCacheBehavior [ RunTime:0.001775s ]
INFO: [ app_begin ] --END-- [ RunTime:0.002964s ]
INFO: [ app_end ] --START--
INFO: Run Behavior\ShowPageTraceBehavior [ RunTime:0.000996s ]
INFO: [ app_end ] --END-- [ RunTime:0.001124s ]

[ 2018-03-28T18:48:56+08:00 ] ::1 /www.39.com/index.php/Home/Member/ajaxChkLogin.html
INFO: [ app_begin ] --START--
INFO: Run Behavior\ReadHtmlCacheBehavior [ RunTime:0.003108s ]
INFO: [ app_begin ] --END-- [ RunTime:0.007721s ]
INFO: [ app_end ] --START--
INFO: Run Behavior\ShowPageTraceBehavior [ RunTime:0.001291s ]
INFO: [ app_end ] --END-- [ RunTime:0.001464s ]

[ 2018-03-28T18:49:51+08:00 ] ::1 /www.39.com/index.php/Home/Member/ajaxChkLogin.html
INFO: [ app_begin ] --START--
INFO: Run Behavior\ReadHtmlCacheBehavior [ RunTime:0.001169s ]
INFO: [ app_begin ] --END-- [ RunTime:0.002323s ]
INFO: [ app_end ] --START--
INFO: Run Behavior\ShowPageTraceBehavior [ RunTime:0.000966s ]
INFO: [ app_end ] --END-- [ RunTime:0.001156s ]

[ 2018-03-28T19:34:09+08:00 ] ::1 /www.39.com/index.php/Home/Member/ajaxChkLogin.html
INFO: [ app_begin ] --START--
INFO: Run Behavior\ReadHtmlCacheBehavior [ RunTime:0.001037s ]
INFO: [ app_begin ] --END-- [ RunTime:0.001815s ]
INFO: [ app_end ] --START--
INFO: Run Behavior\ShowPageTraceBehavior [ RunTime:0.001174s ]
INFO: [ app_end ] --END-- [ RunTime:0.001295s ]

[ 2018-03-28T19:37:18+08:00 ] ::1 /www.39.com/index.php/Home/Member/ajaxChkLogin.html
INFO: [ app_begin ] --START--
INFO: Run Behavior\ReadHtmlCacheBehavior [ RunTime:0.001410s ]
INFO: [ app_begin ] --END-- [ RunTime:0.002149s ]
INFO: [ app_end ] --START--
INFO: Run Behavior\ShowPageTraceBehavior [ RunTime:0.001393s ]
INFO: [ app_end ] --END-- [ RunTime:0.001529s ]

[ 2018-03-28T19:37:20+08:00 ] ::1 /www.39.com/index.php/Home/Member/ajaxChkLogin.html
INFO: [ app_begin ] --START--
INFO: Run Behavior\ReadHtmlCacheBehavior [ RunTime:0.002597s ]
INFO: [ app_begin ] --END-- [ RunTime:0.005899s ]
INFO: [ app_end ] --START--
INFO: Run Behavior\ShowPageTraceBehavior [ RunTime:0.001395s ]
INFO: [ app_end ] --END-- [ RunTime:0.001531s ]

[ 2018-03-28T19:37:22+08:00 ] ::1 /www.39.com/index.php/Home/Member/ajaxChkLogin.html
INFO: [ app_begin ] --START--
INFO: Run Behavior\ReadHtmlCacheBehavior [ RunTime:0.003629s ]
INFO: [ app_begin ] --END-- [ RunTime:0.006313s ]
INFO: [ app_end ] --START--
INFO: Run Behavior\ShowPageTraceBehavior [ RunTime:0.002260s ]
INFO: [ app_end ] --END-- [ RunTime:0.002452s ]

[ 2018-03-28T19:37:23+08:00 ] ::1 /www.39.com/index.php/Home/Member/ajaxChkLogin.html
INFO: [ app_begin ] --START--
INFO: Run Behavior\ReadHtmlCacheBehavior [ RunTime:0.004148s ]
INFO: [ app_begin ] --END-- [ RunTime:0.007212s ]
INFO: [ app_end ] --START--
INFO: Run Behavior\ShowPageTraceBehavior [ RunTime:0.003027s ]
INFO: [ app_end ] --END-- [ RunTime:0.003359s ]

[ 2018-03-28T19:37:47+08:00 ] ::1 /www.39.com/index.php/Home/Member/ajaxChkLogin.html
INFO: [ app_begin ] --START--
INFO: Run Behavior\ReadHtmlCacheBehavior [ RunTime:0.002610s ]
INFO: [ app_begin ] --END-- [ RunTime:0.004376s ]
INFO: [ app_end ] --START--
INFO: Run Behavior\ShowPageTraceBehavior [ RunTime:0.005055s ]
INFO: [ app_end ] --END-- [ RunTime:0.005245s ]

[ 2018-03-28T19:38:41+08:00 ] ::1 /www.39.com/index.php/Home/Member/ajaxChkLogin.html
INFO: [ app_begin ] --START--
INFO: Run Behavior\ReadHtmlCacheBehavior [ RunTime:0.004302s ]
INFO: [ app_begin ] --END-- [ RunTime:0.005798s ]
INFO: [ app_end ] --START--
INFO: Run Behavior\ShowPageTraceBehavior [ RunTime:0.003045s ]
INFO: [ app_end ] --END-- [ RunTime:0.003390s ]

[ 2018-03-28T19:39:11+08:00 ] ::1 /www.39.com/index.php/Home/Member/ajaxChkLogin.html
INFO: [ app_begin ] --START--
INFO: Run Behavior\ReadHtmlCacheBehavior [ RunTime:0.001630s ]
INFO: [ app_begin ] --END-- [ RunTime:0.003120s ]
INFO: [ app_end ] --START--
INFO: Run Behavior\ShowPageTraceBehavior [ RunTime:0.005745s ]
INFO: [ app_end ] --END-- [ RunTime:0.006212s ]

[ 2018-03-28T19:39:20+08:00 ] ::1 /www.39.com/index.php/Home/Member/ajaxChkLogin.html
INFO: [ app_begin ] --START--
INFO: Run Behavior\ReadHtmlCacheBehavior [ RunTime:0.001330s ]
INFO: [ app_begin ] --END-- [ RunTime:0.002049s ]
INFO: [ app_end ] --START--
INFO: Run Behavior\ShowPageTraceBehavior [ RunTime:0.001349s ]
INFO: [ app_end ] --END-- [ RunTime:0.001487s ]

[ 2018-03-28T19:39:21+08:00 ] ::1 /www.39.com/index.php/Home/Member/%3Cphp%20echo%20U('My/order');%3E
ERR: 非法操作:

[ 2018-03-28T19:40:42+08:00 ] ::1 /www.39.com/index.php/Home/Member/ajaxChkLogin.html
INFO: [ app_begin ] --START--
INFO: Run Behavior\ReadHtmlCacheBehavior [ RunTime:0.003478s ]
INFO: [ app_begin ] --END-- [ RunTime:0.005346s ]
INFO: [ app_end ] --START--
INFO: Run Behavior\ShowPageTraceBehavior [ RunTime:0.001242s ]
INFO: [ app_end ] --END-- [ RunTime:0.001464s ]

[ 2018-03-28T19:40:45+08:00 ] ::1 /www.39.com/index.php/Home/Member/ajaxChkLogin.html
INFO: [ app_begin ] --START--
INFO: Run Behavior\ReadHtmlCacheBehavior [ RunTime:0.001688s ]
INFO: [ app_begin ] --END-- [ RunTime:0.002445s ]
INFO: [ app_end ] --START--
INFO: Run Behavior\ShowPageTraceBehavior [ RunTime:0.002789s ]
INFO: [ app_end ] --END-- [ RunTime:0.002971s ]

[ 2018-03-28T19:40:46+08:00 ] ::1 /www.39.com/index.php/Home/Member/ajaxChkLogin.html
INFO: [ app_begin ] --START--
INFO: Run Behavior\ReadHtmlCacheBehavior [ RunTime:0.001028s ]
INFO: [ app_begin ] --END-- [ RunTime:0.002321s ]
INFO: [ app_end ] --START--
INFO: Run Behavior\ShowPageTraceBehavior [ RunTime:0.001513s ]
INFO: [ app_end ] --END-- [ RunTime:0.001752s ]

[ 2018-03-28T19:41:28+08:00 ] ::1 /www.39.com/index.php/Home/Member/ajaxChkLogin.html
INFO: [ app_begin ] --START--
INFO: Run Behavior\ReadHtmlCacheBehavior [ RunTime:0.001496s ]
INFO: [ app_begin ] --END-- [ RunTime:0.003204s ]
INFO: [ app_end ] --START--
INFO: Run Behavior\ShowPageTraceBehavior [ RunTime:0.001547s ]
INFO: [ app_end ] --END-- [ RunTime:0.001859s ]

[ 2018-03-28T19:41:30+08:00 ] ::1 /www.39.com/index.php/Home/Member/ajaxChkLogin.html
INFO: [ app_begin ] --START--
INFO: Run Behavior\ReadHtmlCacheBehavior [ RunTime:0.001680s ]
INFO: [ app_begin ] --END-- [ RunTime:0.003215s ]
INFO: [ app_end ] --START--
INFO: Run Behavior\ShowPageTraceBehavior [ RunTime:0.002266s ]
INFO: [ app_end ] --END-- [ RunTime:0.002667s ]

[ 2018-03-28T19:41:31+08:00 ] ::1 /www.39.com/index.php/Home/Member/ajaxChkLogin.html
INFO: [ app_begin ] --START--
INFO: Run Behavior\ReadHtmlCacheBehavior [ RunTime:0.000940s ]
INFO: [ app_begin ] --END-- [ RunTime:0.001881s ]
INFO: [ app_end ] --START--
INFO: Run Behavior\ShowPageTraceBehavior [ RunTime:0.000811s ]
INFO: [ app_end ] --END-- [ RunTime:0.000939s ]

[ 2018-03-28T19:41:33+08:00 ] ::1 /www.39.com/index.php/Home/Member/ajaxChkLogin.html
INFO: [ app_begin ] --START--
INFO: Run Behavior\ReadHtmlCacheBehavior [ RunTime:0.001066s ]
INFO: [ app_begin ] --END-- [ RunTime:0.001792s ]
INFO: [ app_end ] --START--
INFO: Run Behavior\ShowPageTraceBehavior [ RunTime:0.001237s ]
INFO: [ app_end ] --END-- [ RunTime:0.001389s ]

[ 2018-03-28T19:41:34+08:00 ] ::1 /www.39.com/index.php/Home/Member/ajaxChkLogin.html
INFO: [ app_begin ] --START--
INFO: Run Behavior\ReadHtmlCacheBehavior [ RunTime:0.003467s ]
INFO: [ app_begin ] --END-- [ RunTime:0.005298s ]
INFO: [ app_end ] --START--
INFO: Run Behavior\ShowPageTraceBehavior [ RunTime:0.001459s ]
INFO: [ app_end ] --END-- [ RunTime:0.001590s ]

[ 2018-03-28T19:42:29+08:00 ] ::1 /www.39.com/index.php/Home/My/order.html
ERR: Think\Model:search方法不存在！

[ 2018-03-28T19:42:31+08:00 ] ::1 /www.39.com/index.php/Home/My/order.html
ERR: Think\Model:search方法不存在！

[ 2018-03-28T19:42:43+08:00 ] ::1 /www.39.com/index.php/Home/My/order.html
ERR: Think\Model:search方法不存在！

[ 2018-03-28T19:42:54+08:00 ] ::1 /www.39.com/index.php/Home/Member/ajaxChkLogin.html
INFO: [ app_begin ] --START--
INFO: Run Behavior\ReadHtmlCacheBehavior [ RunTime:0.001263s ]
INFO: [ app_begin ] --END-- [ RunTime:0.001981s ]
INFO: [ app_end ] --START--
INFO: Run Behavior\ShowPageTraceBehavior [ RunTime:0.000786s ]
INFO: [ app_end ] --END-- [ RunTime:0.000927s ]

[ 2018-03-28T19:42:56+08:00 ] ::1 /www.39.com/index.php/Home/Member/ajaxChkLogin.html
INFO: [ app_begin ] --START--
INFO: Run Behavior\ReadHtmlCacheBehavior [ RunTime:0.001225s ]
INFO: [ app_begin ] --END-- [ RunTime:0.002698s ]
INFO: [ app_end ] --START--
INFO: Run Behavior\ShowPageTraceBehavior [ RunTime:0.005094s ]
INFO: [ app_end ] --END-- [ RunTime:0.006210s ]

[ 2018-03-28T19:43:02+08:00 ] ::1 /www.39.com/index.php/Home/Member/ajaxChkLogin.html
INFO: [ app_begin ] --START--
INFO: Run Behavior\ReadHtmlCacheBehavior [ RunTime:0.001255s ]
INFO: [ app_begin ] --END-- [ RunTime:0.002076s ]
INFO: [ app_end ] --START--
INFO: Run Behavior\ShowPageTraceBehavior [ RunTime:0.001311s ]
INFO: [ app_end ] --END-- [ RunTime:0.001526s ]

[ 2018-03-28T19:43:07+08:00 ] ::1 /www.39.com/index.php/Home/Member/ajaxChkLogin.html
INFO: [ app_begin ] --START--
INFO: Run Behavior\ReadHtmlCacheBehavior [ RunTime:0.001342s ]
INFO: [ app_begin ] --END-- [ RunTime:0.002264s ]
INFO: [ app_end ] --START--
INFO: Run Behavior\ShowPageTraceBehavior [ RunTime:0.001814s ]
INFO: [ app_end ] --END-- [ RunTime:0.002069s ]

[ 2018-03-28T19:43:08+08:00 ] ::1 /www.39.com/index.php/Home/Member/ajaxChkLogin.html
INFO: [ app_begin ] --START--
INFO: Run Behavior\ReadHtmlCacheBehavior [ RunTime:0.001527s ]
INFO: [ app_begin ] --END-- [ RunTime:0.002894s ]
INFO: [ app_end ] --START--
INFO: Run Behavior\ShowPageTraceBehavior [ RunTime:0.001860s ]
INFO: [ app_end ] --END-- [ RunTime:0.003046s ]

[ 2018-03-28T19:43:09+08:00 ] ::1 /www.39.com/index.php/Home/Member/ajaxChkLogin.html
INFO: [ app_begin ] --START--
INFO: Run Behavior\ReadHtmlCacheBehavior [ RunTime:0.003642s ]
INFO: [ app_begin ] --END-- [ RunTime:0.004916s ]
INFO: [ app_end ] --START--
INFO: Run Behavior\ShowPageTraceBehavior [ RunTime:0.001964s ]
INFO: [ app_end ] --END-- [ RunTime:0.002298s ]

[ 2018-03-28T19:43:09+08:00 ] ::1 /www.39.com/index.php/Home/Member/ajaxChkLogin.html
INFO: [ app_begin ] --START--
INFO: Run Behavior\ReadHtmlCacheBehavior [ RunTime:0.001584s ]
INFO: [ app_begin ] --END-- [ RunTime:0.002681s ]
INFO: [ app_end ] --START--
INFO: Run Behavior\ShowPageTraceBehavior [ RunTime:0.001751s ]
INFO: [ app_end ] --END-- [ RunTime:0.001989s ]

[ 2018-03-28T19:43:46+08:00 ] ::1 /www.39.com/index.php/Home/Member/ajaxChkLogin.html
INFO: [ app_begin ] --START--
INFO: Run Behavior\ReadHtmlCacheBehavior [ RunTime:0.001387s ]
INFO: [ app_begin ] --END-- [ RunTime:0.002529s ]
INFO: [ app_end ] --START--
INFO: Run Behavior\ShowPageTraceBehavior [ RunTime:0.001344s ]
INFO: [ app_end ] --END-- [ RunTime:0.001574s ]

[ 2018-03-28T19:44:09+08:00 ] ::1 /www.39.com/index.php/Home/Member/ajaxChkLogin.html
INFO: [ app_begin ] --START--
INFO: Run Behavior\ReadHtmlCacheBehavior [ RunTime:0.005136s ]
INFO: [ app_begin ] --END-- [ RunTime:0.006722s ]
INFO: [ app_end ] --START--
INFO: Run Behavior\ShowPageTraceBehavior [ RunTime:0.007621s ]
INFO: [ app_end ] --END-- [ RunTime:0.007949s ]

[ 2018-03-28T19:44:25+08:00 ] ::1 /www.39.com/index.php/Home/Member/ajaxChkLogin.html
INFO: [ app_begin ] --START--
INFO: Run Behavior\ReadHtmlCacheBehavior [ RunTime:0.001552s ]
INFO: [ app_begin ] --END-- [ RunTime:0.002360s ]
INFO: [ app_end ] --START--
INFO: Run Behavior\ShowPageTraceBehavior [ RunTime:0.001336s ]
INFO: [ app_end ] --END-- [ RunTime:0.001494s ]

[ 2018-03-28T19:44:25+08:00 ] ::1 /www.39.com/index.php/Home/Cart/ajaxCartList.html
INFO: [ app_begin ] --START--
INFO: Run Behavior\ReadHtmlCacheBehavior [ RunTime:0.001478s ]
INFO: [ app_begin ] --END-- [ RunTime:0.002260s ]
NOTIC: [2048] Declaration of Home\Model\CartModel::add() should be compatible with Think\Model::add($data = '', $options = Array, $replace = false) D:\wamp\www\www.39.com\Application\Home\Model\CartModel.class.php 第 5 行.
SQL: SHOW COLUMNS FROM `p39_cart` [ RunTime:0.0097s ]
SQL: SELECT * FROM `p39_cart` WHERE `member_id` = '1'  [ RunTime:0.0006s ]
SQL: SHOW COLUMNS FROM `p39_goods` [ RunTime:0.0762s ]
SQL: SHOW COLUMNS FROM `p39_goods_attr` [ RunTime:0.0091s ]
INFO: [ app_end ] --START--
INFO: Run Behavior\ShowPageTraceBehavior [ RunTime:0.001485s ]
INFO: [ app_end ] --END-- [ RunTime:0.001607s ]

[ 2018-03-28T19:44:26+08:00 ] ::1 /www.39.com/index.php/Home/Member/ajaxChkLogin.html
INFO: [ app_begin ] --START--
INFO: Run Behavior\ReadHtmlCacheBehavior [ RunTime:0.003443s ]
INFO: [ app_begin ] --END-- [ RunTime:0.007477s ]
INFO: [ app_end ] --START--
INFO: Run Behavior\ShowPageTraceBehavior [ RunTime:0.003831s ]
INFO: [ app_end ] --END-- [ RunTime:0.004058s ]

[ 2018-03-28T19:49:39+08:00 ] ::1 /www.39.com/index.php/Home/Member/ajaxChkLogin.html
INFO: [ app_begin ] --START--
INFO: Run Behavior\ReadHtmlCacheBehavior [ RunTime:0.001627s ]
INFO: [ app_begin ] --END-- [ RunTime:0.002717s ]
INFO: [ app_end ] --START--
INFO: Run Behavior\ShowPageTraceBehavior [ RunTime:0.001077s ]
INFO: [ app_end ] --END-- [ RunTime:0.001226s ]

[ 2018-03-28T19:50:49+08:00 ] ::1 /www.39.com/index.php/Home/Member/ajaxChkLogin.html
INFO: [ app_begin ] --START--
INFO: Run Behavior\ReadHtmlCacheBehavior [ RunTime:0.002090s ]
INFO: [ app_begin ] --END-- [ RunTime:0.003139s ]
INFO: [ app_end ] --START--
INFO: Run Behavior\ShowPageTraceBehavior [ RunTime:0.004697s ]
INFO: [ app_end ] --END-- [ RunTime:0.004991s ]

[ 2018-03-28T19:50:51+08:00 ] ::1 /www.39.com/index.php/Home/Member/ajaxChkLogin.html
INFO: [ app_begin ] --START--
INFO: Run Behavior\ReadHtmlCacheBehavior [ RunTime:0.002910s ]
INFO: [ app_begin ] --END-- [ RunTime:0.004405s ]
INFO: [ app_end ] --START--
INFO: Run Behavior\ShowPageTraceBehavior [ RunTime:0.002372s ]
INFO: [ app_end ] --END-- [ RunTime:0.002601s ]

