[ 2018-06-25T17:26:18+08:00 ] 127.0.0.1 /index.php/Home/Member/ajaxChkLogin.html
INFO: [ app_begin ] --START--
INFO: Run Behavior\ReadHtmlCacheBehavior [ RunTime:0.003787s ]
INFO: [ app_begin ] --END-- [ RunTime:0.007795s ]
INFO: [ app_end ] --START--
INFO: Run Behavior\ShowPageTraceBehavior [ RunTime:0.002198s ]
INFO: [ app_end ] --END-- [ RunTime:0.002506s ]

[ 2018-06-25T17:26:31+08:00 ] 127.0.0.1 /index.php/Home/Index/displayHistory/id/36.html
INFO: [ app_begin ] --START--
INFO: Run Behavior\ReadHtmlCacheBehavior [ RunTime:0.002408s ]
INFO: [ app_begin ] --END-- [ RunTime:0.003903s ]
SQL: SHOW COLUMNS FROM `p39_category` [ RunTime:0.0051s ]
SQL: SHOW COLUMNS FROM `p39_goods` [ RunTime:0.0052s ]
SQL: SELECT `id`,`mid_logo`,`goods_name` FROM `p39_goods` WHERE `id` IN ('36','35') AND `is_on_sale` = '是' ORDER BY FIELD(id,36,35)  [ RunTime:0.0008s ]
INFO: [ app_end ] --START--
INFO: Run Behavior\ShowPageTraceBehavior [ RunTime:0.002378s ]
INFO: [ app_end ] --END-- [ RunTime:0.002636s ]

[ 2018-06-25T17:26:32+08:00 ] 127.0.0.1 /index.php/Home/Index/ajaxGetMemberPrice/goods_id/36.html
INFO: [ app_begin ] --START--
INFO: Run Behavior\ReadHtmlCacheBehavior [ RunTime:0.001855s ]
INFO: [ app_begin ] --END-- [ RunTime:0.003169s ]
SQL: SHOW COLUMNS FROM `p39_category` [ RunTime:0.0030s ]
SQL: SHOW COLUMNS FROM `p39_goods` [ RunTime:0.0045s ]
SQL: SELECT `promote_price` FROM `p39_goods` WHERE `id` = '36' AND `promote_price` > 0 AND `promote_start_date` <= '2018-06-25 17:26' AND `promote_end_date` >= '2018-06-25 17:26' LIMIT 1   [ RunTime:0.0009s ]
SQL: SELECT `shop_price` FROM `p39_goods` WHERE `id` = 36 LIMIT 1   [ RunTime:0.0004s ]
INFO: [ app_end ] --START--
INFO: Run Behavior\ShowPageTraceBehavior [ RunTime:0.001879s ]
INFO: [ app_end ] --END-- [ RunTime:0.002040s ]

[ 2018-06-25T17:26:32+08:00 ] 127.0.0.1 /index.php/Home/Comment/ajaxGetPl/goods_id/36/p/1
INFO: [ app_begin ] --START--
INFO: Run Behavior\ReadHtmlCacheBehavior [ RunTime:0.001927s ]
INFO: [ app_begin ] --END-- [ RunTime:0.002973s ]
ERR: 非法操作:ajaxGetPl

[ 2018-06-25T17:26:32+08:00 ] 127.0.0.1 /index.php/Home/Member/ajaxChkLogin.html
INFO: [ app_begin ] --START--
INFO: Run Behavior\ReadHtmlCacheBehavior [ RunTime:0.002490s ]
INFO: [ app_begin ] --END-- [ RunTime:0.003846s ]
INFO: [ app_end ] --START--
INFO: Run Behavior\ShowPageTraceBehavior [ RunTime:0.001885s ]
INFO: [ app_end ] --END-- [ RunTime:0.002116s ]

[ 2018-06-25T17:34:19+08:00 ] 127.0.0.1 /index.php/Home/Member/ajaxChkLogin.html
INFO: [ app_begin ] --START--
INFO: Run Behavior\ReadHtmlCacheBehavior [ RunTime:0.003281s ]
INFO: [ app_begin ] --END-- [ RunTime:0.005829s ]
INFO: [ app_end ] --START--
INFO: Run Behavior\ShowPageTraceBehavior [ RunTime:0.001662s ]
INFO: [ app_end ] --END-- [ RunTime:0.001888s ]

[ 2018-06-25T17:34:23+08:00 ] 127.0.0.1 /index.php/Home/Member/ajaxChkLogin.html
INFO: [ app_begin ] --START--
INFO: Run Behavior\ReadHtmlCacheBehavior [ RunTime:0.002105s ]
INFO: [ app_begin ] --END-- [ RunTime:0.003459s ]
INFO: [ app_end ] --START--
INFO: Run Behavior\ShowPageTraceBehavior [ RunTime:0.001827s ]
INFO: [ app_end ] --END-- [ RunTime:0.002173s ]

[ 2018-06-25T17:34:32+08:00 ] 127.0.0.1 /index.php/Home/Member/ajaxChkLogin.html
INFO: [ app_begin ] --START--
INFO: Run Behavior\ReadHtmlCacheBehavior [ RunTime:0.002596s ]
INFO: [ app_begin ] --END-- [ RunTime:0.004208s ]
INFO: [ app_end ] --START--
INFO: Run Behavior\ShowPageTraceBehavior [ RunTime:0.002103s ]
INFO: [ app_end ] --END-- [ RunTime:0.002350s ]

[ 2018-06-25T17:37:33+08:00 ] 127.0.0.1 /index.php/Home/Member/ajaxChkLogin.html
INFO: [ app_begin ] --START--
INFO: Run Behavior\ReadHtmlCacheBehavior [ RunTime:0.001488s ]
INFO: [ app_begin ] --END-- [ RunTime:0.002394s ]
INFO: [ app_end ] --START--
INFO: Run Behavior\ShowPageTraceBehavior [ RunTime:0.001491s ]
INFO: [ app_end ] --END-- [ RunTime:0.001664s ]

[ 2018-06-25T17:40:07+08:00 ] 127.0.0.1 /index.php/Home/Member/ajaxChkLogin.html
INFO: [ app_begin ] --START--
INFO: Run Behavior\ReadHtmlCacheBehavior [ RunTime:0.002139s ]
INFO: [ app_begin ] --END-- [ RunTime:0.003438s ]
INFO: [ app_end ] --START--
INFO: Run Behavior\ShowPageTraceBehavior [ RunTime:0.002669s ]
INFO: [ app_end ] --END-- [ RunTime:0.002991s ]

[ 2018-06-25T17:40:17+08:00 ] 127.0.0.1 /index.php/Home/Index/displayHistory/id/35.html
INFO: [ app_begin ] --START--
INFO: Run Behavior\ReadHtmlCacheBehavior [ RunTime:0.002005s ]
INFO: [ app_begin ] --END-- [ RunTime:0.002974s ]
SQL: SHOW COLUMNS FROM `p39_category` [ RunTime:0.0043s ]
SQL: SHOW COLUMNS FROM `p39_goods` [ RunTime:0.0126s ]
SQL: SELECT `id`,`mid_logo`,`goods_name` FROM `p39_goods` WHERE `id` IN ('35','36') AND `is_on_sale` = '是' ORDER BY FIELD(id,35,36)  [ RunTime:0.0006s ]
INFO: [ app_end ] --START--
INFO: Run Behavior\ShowPageTraceBehavior [ RunTime:0.001583s ]
INFO: [ app_end ] --END-- [ RunTime:0.001770s ]

[ 2018-06-25T17:40:17+08:00 ] 127.0.0.1 /index.php/Home/Comment/ajaxGetPl/goods_id/35/p/1
INFO: [ app_begin ] --START--
INFO: Run Behavior\ReadHtmlCacheBehavior [ RunTime:0.001936s ]
INFO: [ app_begin ] --END-- [ RunTime:0.003823s ]
ERR: 非法操作:ajaxGetPl

[ 2018-06-25T17:40:17+08:00 ] 127.0.0.1 /index.php/Home/Member/ajaxChkLogin.html
INFO: [ app_begin ] --START--
INFO: Run Behavior\ReadHtmlCacheBehavior [ RunTime:0.001654s ]
INFO: [ app_begin ] --END-- [ RunTime:0.002672s ]
INFO: [ app_end ] --START--
INFO: Run Behavior\ShowPageTraceBehavior [ RunTime:0.001371s ]
INFO: [ app_end ] --END-- [ RunTime:0.001544s ]

[ 2018-06-25T17:40:17+08:00 ] 127.0.0.1 /index.php/Home/Index/ajaxGetMemberPrice/goods_id/35.html
INFO: [ app_begin ] --START--
INFO: Run Behavior\ReadHtmlCacheBehavior [ RunTime:0.003431s ]
INFO: [ app_begin ] --END-- [ RunTime:0.008652s ]
SQL: SHOW COLUMNS FROM `p39_category` [ RunTime:0.0055s ]
SQL: SHOW COLUMNS FROM `p39_goods` [ RunTime:0.0037s ]
SQL: SELECT `promote_price` FROM `p39_goods` WHERE `id` = '35' AND `promote_price` > 0 AND `promote_start_date` <= '2018-06-25 17:40' AND `promote_end_date` >= '2018-06-25 17:40' LIMIT 1   [ RunTime:0.0007s ]
SQL: SELECT `shop_price` FROM `p39_goods` WHERE `id` = 35 LIMIT 1   [ RunTime:0.0013s ]
INFO: [ app_end ] --START--
INFO: Run Behavior\ShowPageTraceBehavior [ RunTime:0.001635s ]
INFO: [ app_end ] --END-- [ RunTime:0.001832s ]

[ 2018-06-25T17:40:21+08:00 ] 127.0.0.1 /index.php/Home/Member/ajaxChkLogin.html
INFO: [ app_begin ] --START--
INFO: Run Behavior\ReadHtmlCacheBehavior [ RunTime:0.001979s ]
INFO: [ app_begin ] --END-- [ RunTime:0.003507s ]
INFO: [ app_end ] --START--
INFO: Run Behavior\ShowPageTraceBehavior [ RunTime:0.001807s ]
INFO: [ app_end ] --END-- [ RunTime:0.002008s ]

[ 2018-06-25T17:41:20+08:00 ] 127.0.0.1 /index.php/Home/Member/ajaxChkLogin.html
INFO: [ app_begin ] --START--
INFO: Run Behavior\ReadHtmlCacheBehavior [ RunTime:0.002087s ]
INFO: [ app_begin ] --END-- [ RunTime:0.003601s ]
INFO: [ app_end ] --START--
INFO: Run Behavior\ShowPageTraceBehavior [ RunTime:0.002339s ]
INFO: [ app_end ] --END-- [ RunTime:0.002763s ]

[ 2018-06-25T17:44:49+08:00 ] 127.0.0.1 /index.php/Home/Member/ajaxChkLogin.html
INFO: [ app_begin ] --START--
INFO: Run Behavior\ReadHtmlCacheBehavior [ RunTime:0.002441s ]
INFO: [ app_begin ] --END-- [ RunTime:0.004124s ]
INFO: [ app_end ] --START--
INFO: Run Behavior\ShowPageTraceBehavior [ RunTime:0.007550s ]
INFO: [ app_end ] --END-- [ RunTime:0.008167s ]

[ 2018-06-25T17:45:05+08:00 ] 127.0.0.1 /index.php/Home/Member/ajaxChkLogin.html
INFO: [ app_begin ] --START--
INFO: Run Behavior\ReadHtmlCacheBehavior [ RunTime:0.002274s ]
INFO: [ app_begin ] --END-- [ RunTime:0.003702s ]
INFO: [ app_end ] --START--
INFO: Run Behavior\ShowPageTraceBehavior [ RunTime:0.002312s ]
INFO: [ app_end ] --END-- [ RunTime:0.002602s ]

[ 2018-06-25T17:45:22+08:00 ] 127.0.0.1 /index.php/Home/Member/ajaxChkLogin.html
INFO: [ app_begin ] --START--
INFO: Run Behavior\ReadHtmlCacheBehavior [ RunTime:0.002475s ]
INFO: [ app_begin ] --END-- [ RunTime:0.004616s ]
INFO: [ app_end ] --START--
INFO: Run Behavior\ShowPageTraceBehavior [ RunTime:0.001939s ]
INFO: [ app_end ] --END-- [ RunTime:0.002184s ]

[ 2018-06-25T17:46:02+08:00 ] 127.0.0.1 /index.php/Home/Member/ajaxChkLogin.html
INFO: [ app_begin ] --START--
INFO: Run Behavior\ReadHtmlCacheBehavior [ RunTime:0.001384s ]
INFO: [ app_begin ] --END-- [ RunTime:0.002621s ]
INFO: [ app_end ] --START--
INFO: Run Behavior\ShowPageTraceBehavior [ RunTime:0.001486s ]
INFO: [ app_end ] --END-- [ RunTime:0.001729s ]

[ 2018-06-25T17:46:22+08:00 ] 127.0.0.1 /index.php/Home/Member/ajaxChkLogin.html
INFO: [ app_begin ] --START--
INFO: Run Behavior\ReadHtmlCacheBehavior [ RunTime:0.002497s ]
INFO: [ app_begin ] --END-- [ RunTime:0.003982s ]
INFO: [ app_end ] --START--
INFO: Run Behavior\ShowPageTraceBehavior [ RunTime:0.001740s ]
INFO: [ app_end ] --END-- [ RunTime:0.001958s ]

[ 2018-06-25T17:46:38+08:00 ] 127.0.0.1 /index.php/Home/Index/displayHistory/id/36.html
INFO: [ app_begin ] --START--
INFO: Run Behavior\ReadHtmlCacheBehavior [ RunTime:0.001372s ]
INFO: [ app_begin ] --END-- [ RunTime:0.002887s ]
SQL: SHOW COLUMNS FROM `p39_category` [ RunTime:0.0010s ]
SQL: SHOW COLUMNS FROM `p39_goods` [ RunTime:0.0018s ]
SQL: SELECT `id`,`mid_logo`,`goods_name` FROM `p39_goods` WHERE `id` IN ('36','35') AND `is_on_sale` = '是' ORDER BY FIELD(id,36,35)  [ RunTime:0.0011s ]
INFO: [ app_end ] --START--
INFO: Run Behavior\ShowPageTraceBehavior [ RunTime:0.001727s ]
INFO: [ app_end ] --END-- [ RunTime:0.001917s ]

[ 2018-06-25T17:46:38+08:00 ] 127.0.0.1 /index.php/Home/Index/ajaxGetMemberPrice/goods_id/36.html
INFO: [ app_begin ] --START--
INFO: Run Behavior\ReadHtmlCacheBehavior [ RunTime:0.003805s ]
INFO: [ app_begin ] --END-- [ RunTime:0.005261s ]
SQL: SHOW COLUMNS FROM `p39_category` [ RunTime:0.0010s ]
SQL: SHOW COLUMNS FROM `p39_goods` [ RunTime:0.0021s ]
SQL: SELECT `promote_price` FROM `p39_goods` WHERE `id` = '36' AND `promote_price` > 0 AND `promote_start_date` <= '2018-06-25 17:46' AND `promote_end_date` >= '2018-06-25 17:46' LIMIT 1   [ RunTime:0.0008s ]
SQL: SELECT `shop_price` FROM `p39_goods` WHERE `id` = 36 LIMIT 1   [ RunTime:0.0010s ]
INFO: [ app_end ] --START--
INFO: Run Behavior\ShowPageTraceBehavior [ RunTime:0.002469s ]
INFO: [ app_end ] --END-- [ RunTime:0.002726s ]

[ 2018-06-25T17:46:38+08:00 ] 127.0.0.1 /index.php/Home/Comment/ajaxGetPl/goods_id/36/p/1
INFO: [ app_begin ] --START--
INFO: Run Behavior\ReadHtmlCacheBehavior [ RunTime:0.002308s ]
INFO: [ app_begin ] --END-- [ RunTime:0.004294s ]
ERR: 非法操作:ajaxGetPl

[ 2018-06-25T17:46:39+08:00 ] 127.0.0.1 /index.php/Home/Member/ajaxChkLogin.html
INFO: [ app_begin ] --START--
INFO: Run Behavior\ReadHtmlCacheBehavior [ RunTime:0.001287s ]
INFO: [ app_begin ] --END-- [ RunTime:0.002228s ]
INFO: [ app_end ] --START--
INFO: Run Behavior\ShowPageTraceBehavior [ RunTime:0.002437s ]
INFO: [ app_end ] --END-- [ RunTime:0.002629s ]

[ 2018-06-25T17:48:18+08:00 ] 127.0.0.1 /index.php/Home/Index/displayHistory.html
INFO: [ app_begin ] --START--
INFO: Run Behavior\ReadHtmlCacheBehavior [ RunTime:0.001599s ]
INFO: [ app_begin ] --END-- [ RunTime:0.002533s ]
SQL: SHOW COLUMNS FROM `p39_category` [ RunTime:0.0012s ]
SQL: SHOW COLUMNS FROM `p39_goods` [ RunTime:0.0018s ]
ERR: 1064:You have an error in your SQL syntax; check the manual that corresponds to your MySQL server version for the right syntax to use near '36,35)' at line 1
 [ SQL语句 ] : SELECT `id`,`mid_logo`,`goods_name` FROM `p39_goods` WHERE `id` IN ('','36','35') AND `is_on_sale` = '是' ORDER BY FIELD(id,,36,35) 
ERR: 1064:You have an error in your SQL syntax; check the manual that corresponds to your MySQL server version for the right syntax to use near '36,35)' at line 1
 [ SQL语句 ] : SELECT `id`,`mid_logo`,`goods_name` FROM `p39_goods` WHERE `id` IN ('','36','35') AND `is_on_sale` = '是' ORDER BY FIELD(id,,36,35) 

[ 2018-06-25T17:48:18+08:00 ] 127.0.0.1 /index.php/Home/Index/ajaxGetMemberPrice.html
INFO: [ app_begin ] --START--
INFO: Run Behavior\ReadHtmlCacheBehavior [ RunTime:0.002375s ]
INFO: [ app_begin ] --END-- [ RunTime:0.004250s ]
SQL: SHOW COLUMNS FROM `p39_category` [ RunTime:0.0008s ]
SQL: SHOW COLUMNS FROM `p39_goods` [ RunTime:0.0011s ]
SQL: SELECT `promote_price` FROM `p39_goods` WHERE `id` = '' AND `promote_price` > 0 AND `promote_start_date` <= '2018-06-25 17:48' AND `promote_end_date` >= '2018-06-25 17:48' LIMIT 1   [ RunTime:0.0004s ]
SQL: SELECT `shop_price` FROM `p39_goods` WHERE `id` = 0 LIMIT 1   [ RunTime:0.0012s ]
INFO: [ app_end ] --START--
INFO: Run Behavior\ShowPageTraceBehavior [ RunTime:0.002073s ]
INFO: [ app_end ] --END-- [ RunTime:0.002444s ]

[ 2018-06-25T17:48:18+08:00 ] 127.0.0.1 /index.php/Home/Comment/ajaxGetPl/p/1
INFO: [ app_begin ] --START--
INFO: Run Behavior\ReadHtmlCacheBehavior [ RunTime:0.001686s ]
INFO: [ app_begin ] --END-- [ RunTime:0.002900s ]
ERR: 非法操作:ajaxGetPl

[ 2018-06-25T17:48:18+08:00 ] 127.0.0.1 /index.php/Home/Member/ajaxChkLogin.html
INFO: [ app_begin ] --START--
INFO: Run Behavior\ReadHtmlCacheBehavior [ RunTime:0.002134s ]
INFO: [ app_begin ] --END-- [ RunTime:0.003372s ]
INFO: [ app_end ] --START--
INFO: Run Behavior\ShowPageTraceBehavior [ RunTime:0.002854s ]
INFO: [ app_end ] --END-- [ RunTime:0.003129s ]

[ 2018-06-25T17:49:53+08:00 ] 127.0.0.1 /index.php/Home/Index/ajaxGetMemberPrice.html
INFO: [ app_begin ] --START--
INFO: Run Behavior\ReadHtmlCacheBehavior [ RunTime:0.001318s ]
INFO: [ app_begin ] --END-- [ RunTime:0.002707s ]
SQL: SHOW COLUMNS FROM `p39_category` [ RunTime:0.0012s ]
SQL: SHOW COLUMNS FROM `p39_goods` [ RunTime:0.0017s ]
SQL: SELECT `promote_price` FROM `p39_goods` WHERE `id` = '' AND `promote_price` > 0 AND `promote_start_date` <= '2018-06-25 17:49' AND `promote_end_date` >= '2018-06-25 17:49' LIMIT 1   [ RunTime:0.0006s ]
SQL: SELECT `shop_price` FROM `p39_goods` WHERE `id` = 0 LIMIT 1   [ RunTime:0.0006s ]
INFO: [ app_end ] --START--
INFO: Run Behavior\ShowPageTraceBehavior [ RunTime:0.001568s ]
INFO: [ app_end ] --END-- [ RunTime:0.001813s ]

[ 2018-06-25T17:49:53+08:00 ] 127.0.0.1 /index.php/Home/Index/displayHistory.html
INFO: [ app_begin ] --START--
INFO: Run Behavior\ReadHtmlCacheBehavior [ RunTime:0.024909s ]
INFO: [ app_begin ] --END-- [ RunTime:0.026246s ]
SQL: SHOW COLUMNS FROM `p39_category` [ RunTime:0.0009s ]
SQL: SHOW COLUMNS FROM `p39_goods` [ RunTime:0.0061s ]
ERR: 1064:You have an error in your SQL syntax; check the manual that corresponds to your MySQL server version for the right syntax to use near '36,35)' at line 1
 [ SQL语句 ] : SELECT `id`,`mid_logo`,`goods_name` FROM `p39_goods` WHERE `id` IN ('','36','35') AND `is_on_sale` = '是' ORDER BY FIELD(id,,36,35) 
ERR: 1064:You have an error in your SQL syntax; check the manual that corresponds to your MySQL server version for the right syntax to use near '36,35)' at line 1
 [ SQL语句 ] : SELECT `id`,`mid_logo`,`goods_name` FROM `p39_goods` WHERE `id` IN ('','36','35') AND `is_on_sale` = '是' ORDER BY FIELD(id,,36,35) 

[ 2018-06-25T17:49:53+08:00 ] 127.0.0.1 /index.php/Home/Comment/ajaxGetPl/p/1
INFO: [ app_begin ] --START--
INFO: Run Behavior\ReadHtmlCacheBehavior [ RunTime:0.002777s ]
INFO: [ app_begin ] --END-- [ RunTime:0.004130s ]
ERR: 非法操作:ajaxGetPl

[ 2018-06-25T17:49:53+08:00 ] 127.0.0.1 /index.php/Home/Member/ajaxChkLogin.html
INFO: [ app_begin ] --START--
INFO: Run Behavior\ReadHtmlCacheBehavior [ RunTime:0.001726s ]
INFO: [ app_begin ] --END-- [ RunTime:0.003668s ]
INFO: [ app_end ] --START--
INFO: Run Behavior\ShowPageTraceBehavior [ RunTime:0.001157s ]
INFO: [ app_end ] --END-- [ RunTime:0.001295s ]

[ 2018-06-25T17:49:54+08:00 ] 127.0.0.1 /index.php/Home/Member/ajaxChkLogin.html
INFO: [ app_begin ] --START--
INFO: Run Behavior\ReadHtmlCacheBehavior [ RunTime:0.001519s ]
INFO: [ app_begin ] --END-- [ RunTime:0.002607s ]
INFO: [ app_end ] --START--
INFO: Run Behavior\ShowPageTraceBehavior [ RunTime:0.001861s ]
INFO: [ app_end ] --END-- [ RunTime:0.002111s ]

[ 2018-06-25T17:49:55+08:00 ] 127.0.0.1 /index.php/Home/Member/ajaxChkLogin.html
INFO: [ app_begin ] --START--
INFO: Run Behavior\ReadHtmlCacheBehavior [ RunTime:0.002106s ]
INFO: [ app_begin ] --END-- [ RunTime:0.004781s ]
INFO: [ app_end ] --START--
INFO: Run Behavior\ShowPageTraceBehavior [ RunTime:0.001994s ]
INFO: [ app_end ] --END-- [ RunTime:0.002299s ]

[ 2018-06-25T17:49:57+08:00 ] 127.0.0.1 /index.php/Home/Member/ajaxChkLogin.html
INFO: [ app_begin ] --START--
INFO: Run Behavior\ReadHtmlCacheBehavior [ RunTime:0.002038s ]
INFO: [ app_begin ] --END-- [ RunTime:0.004233s ]
INFO: [ app_end ] --START--
INFO: Run Behavior\ShowPageTraceBehavior [ RunTime:0.014773s ]
INFO: [ app_end ] --END-- [ RunTime:0.015138s ]

[ 2018-06-25T17:49:59+08:00 ] 127.0.0.1 /index.php/Home/Cart/ajaxCartList.html
INFO: [ app_begin ] --START--
INFO: Run Behavior\ReadHtmlCacheBehavior [ RunTime:0.001329s ]
INFO: [ app_begin ] --END-- [ RunTime:0.002243s ]
NOTIC: [2048] Declaration of Home\Model\CartModel::add() should be compatible with Think\Model::add($data = '', $options = Array, $replace = false) D:\wamp\www\www.39.com\Application\Home\Model\CartModel.class.php 第 5 行.
SQL: SHOW COLUMNS FROM `p39_cart` [ RunTime:0.0211s ]
SQL: SHOW COLUMNS FROM `p39_goods` [ RunTime:0.0009s ]
SQL: SHOW COLUMNS FROM `p39_goods_attr` [ RunTime:0.0034s ]
INFO: [ app_end ] --START--
INFO: Run Behavior\ShowPageTraceBehavior [ RunTime:0.001295s ]
INFO: [ app_end ] --END-- [ RunTime:0.001429s ]

[ 2018-06-25T17:50:00+08:00 ] 127.0.0.1 /index.php/Home/Cart/ajaxCartList.html
INFO: [ app_begin ] --START--
INFO: Run Behavior\ReadHtmlCacheBehavior [ RunTime:0.001875s ]
INFO: [ app_begin ] --END-- [ RunTime:0.002831s ]
NOTIC: [2048] Declaration of Home\Model\CartModel::add() should be compatible with Think\Model::add($data = '', $options = Array, $replace = false) D:\wamp\www\www.39.com\Application\Home\Model\CartModel.class.php 第 5 行.
SQL: SHOW COLUMNS FROM `p39_cart` [ RunTime:0.0037s ]
SQL: SHOW COLUMNS FROM `p39_goods` [ RunTime:0.0009s ]
SQL: SHOW COLUMNS FROM `p39_goods_attr` [ RunTime:0.0038s ]
INFO: [ app_end ] --START--
INFO: Run Behavior\ShowPageTraceBehavior [ RunTime:0.001383s ]
INFO: [ app_end ] --END-- [ RunTime:0.001535s ]

[ 2018-06-25T17:50:01+08:00 ] 127.0.0.1 /index.php/Home/Cart/ajaxCartList.html
INFO: [ app_begin ] --START--
INFO: Run Behavior\ReadHtmlCacheBehavior [ RunTime:0.001361s ]
INFO: [ app_begin ] --END-- [ RunTime:0.002350s ]
NOTIC: [2048] Declaration of Home\Model\CartModel::add() should be compatible with Think\Model::add($data = '', $options = Array, $replace = false) D:\wamp\www\www.39.com\Application\Home\Model\CartModel.class.php 第 5 行.
SQL: SHOW COLUMNS FROM `p39_cart` [ RunTime:0.0031s ]
SQL: SHOW COLUMNS FROM `p39_goods` [ RunTime:0.0010s ]
SQL: SHOW COLUMNS FROM `p39_goods_attr` [ RunTime:0.0009s ]
INFO: [ app_end ] --START--
INFO: Run Behavior\ShowPageTraceBehavior [ RunTime:0.001660s ]
INFO: [ app_end ] --END-- [ RunTime:0.001846s ]

[ 2018-06-25T17:50:01+08:00 ] 127.0.0.1 /index.php/Home/Member/ajaxChkLogin.html
INFO: [ app_begin ] --START--
INFO: Run Behavior\ReadHtmlCacheBehavior [ RunTime:0.002185s ]
INFO: [ app_begin ] --END-- [ RunTime:0.003624s ]
INFO: [ app_end ] --START--
INFO: Run Behavior\ShowPageTraceBehavior [ RunTime:0.002661s ]
INFO: [ app_end ] --END-- [ RunTime:0.002909s ]

[ 2018-06-25T17:50:04+08:00 ] 127.0.0.1 /index.php/Home/Member/ajaxChkLogin.html
INFO: [ app_begin ] --START--
INFO: Run Behavior\ReadHtmlCacheBehavior [ RunTime:0.001526s ]
INFO: [ app_begin ] --END-- [ RunTime:0.002940s ]
INFO: [ app_end ] --START--
INFO: Run Behavior\ShowPageTraceBehavior [ RunTime:0.002036s ]
INFO: [ app_end ] --END-- [ RunTime:0.002253s ]

[ 2018-06-25T17:50:08+08:00 ] 127.0.0.1 /index.php/Home/Index/displayHistory/id/36.html
INFO: [ app_begin ] --START--
INFO: Run Behavior\ReadHtmlCacheBehavior [ RunTime:0.001728s ]
INFO: [ app_begin ] --END-- [ RunTime:0.002909s ]
SQL: SHOW COLUMNS FROM `p39_category` [ RunTime:0.0011s ]
SQL: SHOW COLUMNS FROM `p39_goods` [ RunTime:0.0014s ]
ERR: 1064:You have an error in your SQL syntax; check the manual that corresponds to your MySQL server version for the right syntax to use near '35)' at line 1
 [ SQL语句 ] : SELECT `id`,`mid_logo`,`goods_name` FROM `p39_goods` WHERE `id` IN ('36','','35') AND `is_on_sale` = '是' ORDER BY FIELD(id,36,,35) 
ERR: 1064:You have an error in your SQL syntax; check the manual that corresponds to your MySQL server version for the right syntax to use near '35)' at line 1
 [ SQL语句 ] : SELECT `id`,`mid_logo`,`goods_name` FROM `p39_goods` WHERE `id` IN ('36','','35') AND `is_on_sale` = '是' ORDER BY FIELD(id,36,,35) 

[ 2018-06-25T17:50:08+08:00 ] 127.0.0.1 /index.php/Home/Index/ajaxGetMemberPrice/goods_id/36.html
INFO: [ app_begin ] --START--
INFO: Run Behavior\ReadHtmlCacheBehavior [ RunTime:0.001986s ]
INFO: [ app_begin ] --END-- [ RunTime:0.003176s ]
SQL: SHOW COLUMNS FROM `p39_category` [ RunTime:0.0009s ]
SQL: SHOW COLUMNS FROM `p39_goods` [ RunTime:0.0014s ]
SQL: SELECT `promote_price` FROM `p39_goods` WHERE `id` = '36' AND `promote_price` > 0 AND `promote_start_date` <= '2018-06-25 17:50' AND `promote_end_date` >= '2018-06-25 17:50' LIMIT 1   [ RunTime:0.0004s ]
SQL: SELECT `shop_price` FROM `p39_goods` WHERE `id` = 36 LIMIT 1   [ RunTime:0.0005s ]
INFO: [ app_end ] --START--
INFO: Run Behavior\ShowPageTraceBehavior [ RunTime:0.001577s ]
INFO: [ app_end ] --END-- [ RunTime:0.001782s ]

[ 2018-06-25T17:50:08+08:00 ] 127.0.0.1 /index.php/Home/Comment/ajaxGetPl/goods_id/36/p/1
INFO: [ app_begin ] --START--
INFO: Run Behavior\ReadHtmlCacheBehavior [ RunTime:0.001348s ]
INFO: [ app_begin ] --END-- [ RunTime:0.003485s ]
ERR: 非法操作:ajaxGetPl

[ 2018-06-25T17:50:08+08:00 ] 127.0.0.1 /index.php/Home/Member/ajaxChkLogin.html
INFO: [ app_begin ] --START--
INFO: Run Behavior\ReadHtmlCacheBehavior [ RunTime:0.001936s ]
INFO: [ app_begin ] --END-- [ RunTime:0.005020s ]
INFO: [ app_end ] --START--
INFO: Run Behavior\ShowPageTraceBehavior [ RunTime:0.016274s ]
INFO: [ app_end ] --END-- [ RunTime:0.017701s ]

[ 2018-06-25T17:50:17+08:00 ] 127.0.0.1 /index.php/Home/Member/ajaxChkLogin.html
INFO: [ app_begin ] --START--
INFO: Run Behavior\ReadHtmlCacheBehavior [ RunTime:0.006062s ]
INFO: [ app_begin ] --END-- [ RunTime:0.007675s ]
INFO: [ app_end ] --START--
INFO: Run Behavior\ShowPageTraceBehavior [ RunTime:0.001143s ]
INFO: [ app_end ] --END-- [ RunTime:0.001282s ]

[ 2018-06-25T17:50:29+08:00 ] 127.0.0.1 /index.php/Home/Cart/index.html
ERR: 非法操作:index

[ 2018-06-25T17:50:30+08:00 ] 127.0.0.1 /index.php/Home/Member/ajaxChkLogin.html
INFO: [ app_begin ] --START--
INFO: Run Behavior\ReadHtmlCacheBehavior [ RunTime:0.001926s ]
INFO: [ app_begin ] --END-- [ RunTime:0.004498s ]
INFO: [ app_end ] --START--
INFO: Run Behavior\ShowPageTraceBehavior [ RunTime:0.001826s ]
INFO: [ app_end ] --END-- [ RunTime:0.002073s ]

[ 2018-06-25T17:50:33+08:00 ] 127.0.0.1 /index.php/Home/Member/ajaxChkLogin.html
INFO: [ app_begin ] --START--
INFO: Run Behavior\ReadHtmlCacheBehavior [ RunTime:0.004292s ]
INFO: [ app_begin ] --END-- [ RunTime:0.005760s ]
INFO: [ app_end ] --START--
INFO: Run Behavior\ShowPageTraceBehavior [ RunTime:0.001724s ]
INFO: [ app_end ] --END-- [ RunTime:0.001957s ]

[ 2018-06-25T17:51:09+08:00 ] 127.0.0.1 /index.php/Home/Member/ajaxChkLogin.html
INFO: [ app_begin ] --START--
INFO: Run Behavior\ReadHtmlCacheBehavior [ RunTime:0.002193s ]
INFO: [ app_begin ] --END-- [ RunTime:0.003746s ]
INFO: [ app_end ] --START--
INFO: Run Behavior\ShowPageTraceBehavior [ RunTime:0.001674s ]
INFO: [ app_end ] --END-- [ RunTime:0.001925s ]

[ 2018-06-25T17:51:10+08:00 ] 127.0.0.1 /index.php/Home/Cart/index.html
ERR: 非法操作:index

[ 2018-06-25T17:51:12+08:00 ] 127.0.0.1 /index.php/Home/Member/ajaxChkLogin.html
INFO: [ app_begin ] --START--
INFO: Run Behavior\ReadHtmlCacheBehavior [ RunTime:0.002086s ]
INFO: [ app_begin ] --END-- [ RunTime:0.003488s ]
INFO: [ app_end ] --START--
INFO: Run Behavior\ShowPageTraceBehavior [ RunTime:0.004298s ]
INFO: [ app_end ] --END-- [ RunTime:0.004543s ]

[ 2018-06-25T17:51:43+08:00 ] 127.0.0.1 /index.php/Home/Member/ajaxChkLogin.html
INFO: [ app_begin ] --START--
INFO: Run Behavior\ReadHtmlCacheBehavior [ RunTime:0.004346s ]
INFO: [ app_begin ] --END-- [ RunTime:0.005486s ]
INFO: [ app_end ] --START--
INFO: Run Behavior\ShowPageTraceBehavior [ RunTime:0.001631s ]
INFO: [ app_end ] --END-- [ RunTime:0.001846s ]

[ 2018-06-25T17:51:44+08:00 ] 127.0.0.1 /index.php/Home/Member/ajaxChkLogin.html
INFO: [ app_begin ] --START--
INFO: Run Behavior\ReadHtmlCacheBehavior [ RunTime:0.001501s ]
INFO: [ app_begin ] --END-- [ RunTime:0.002573s ]
INFO: [ app_end ] --START--
INFO: Run Behavior\ShowPageTraceBehavior [ RunTime:0.001651s ]
INFO: [ app_end ] --END-- [ RunTime:0.001833s ]

[ 2018-06-25T17:51:48+08:00 ] 127.0.0.1 /index.php/Home/Index/ajaxGetMemberPrice/goods_id/36.html
INFO: [ app_begin ] --START--
INFO: Run Behavior\ReadHtmlCacheBehavior [ RunTime:0.001880s ]
INFO: [ app_begin ] --END-- [ RunTime:0.003003s ]
SQL: SHOW COLUMNS FROM `p39_category` [ RunTime:0.0013s ]
SQL: SHOW COLUMNS FROM `p39_goods` [ RunTime:0.0014s ]
SQL: SELECT `promote_price` FROM `p39_goods` WHERE `id` = '36' AND `promote_price` > 0 AND `promote_start_date` <= '2018-06-25 17:51' AND `promote_end_date` >= '2018-06-25 17:51' LIMIT 1   [ RunTime:0.0005s ]
SQL: SELECT `shop_price` FROM `p39_goods` WHERE `id` = 36 LIMIT 1   [ RunTime:0.0011s ]
INFO: [ app_end ] --START--
INFO: Run Behavior\ShowPageTraceBehavior [ RunTime:0.003395s ]
INFO: [ app_end ] --END-- [ RunTime:0.003605s ]

[ 2018-06-25T17:51:48+08:00 ] 127.0.0.1 /index.php/Home/Index/displayHistory/id/36.html
INFO: [ app_begin ] --START--
INFO: Run Behavior\ReadHtmlCacheBehavior [ RunTime:0.001344s ]
INFO: [ app_begin ] --END-- [ RunTime:0.002344s ]
SQL: SHOW COLUMNS FROM `p39_category` [ RunTime:0.0009s ]
SQL: SHOW COLUMNS FROM `p39_goods` [ RunTime:0.0022s ]
ERR: 1064:You have an error in your SQL syntax; check the manual that corresponds to your MySQL server version for the right syntax to use near '35)' at line 1
 [ SQL语句 ] : SELECT `id`,`mid_logo`,`goods_name` FROM `p39_goods` WHERE `id` IN ('36','','35') AND `is_on_sale` = '是' ORDER BY FIELD(id,36,,35) 
ERR: 1064:You have an error in your SQL syntax; check the manual that corresponds to your MySQL server version for the right syntax to use near '35)' at line 1
 [ SQL语句 ] : SELECT `id`,`mid_logo`,`goods_name` FROM `p39_goods` WHERE `id` IN ('36','','35') AND `is_on_sale` = '是' ORDER BY FIELD(id,36,,35) 

[ 2018-06-25T17:51:48+08:00 ] 127.0.0.1 /index.php/Home/Comment/ajaxGetPl/goods_id/36/p/1
INFO: [ app_begin ] --START--
INFO: Run Behavior\ReadHtmlCacheBehavior [ RunTime:0.001633s ]
INFO: [ app_begin ] --END-- [ RunTime:0.002677s ]
ERR: 非法操作:ajaxGetPl

[ 2018-06-25T17:51:48+08:00 ] 127.0.0.1 /index.php/Home/Member/ajaxChkLogin.html
INFO: [ app_begin ] --START--
INFO: Run Behavior\ReadHtmlCacheBehavior [ RunTime:0.002624s ]
INFO: [ app_begin ] --END-- [ RunTime:0.006513s ]
INFO: [ app_end ] --START--
INFO: Run Behavior\ShowPageTraceBehavior [ RunTime:0.002181s ]
INFO: [ app_end ] --END-- [ RunTime:0.002412s ]

[ 2018-06-25T17:51:54+08:00 ] 127.0.0.1 /index.php/Home/Member/ajaxChkLogin.html
INFO: [ app_begin ] --START--
INFO: Run Behavior\ReadHtmlCacheBehavior [ RunTime:0.001528s ]
INFO: [ app_begin ] --END-- [ RunTime:0.004680s ]
INFO: [ app_end ] --START--
INFO: Run Behavior\ShowPageTraceBehavior [ RunTime:0.001124s ]
INFO: [ app_end ] --END-- [ RunTime:0.001265s ]

[ 2018-06-25T17:51:56+08:00 ] 127.0.0.1 /index.php/Home/Index/displayHistory/id/36.html
INFO: [ app_begin ] --START--
INFO: Run Behavior\ReadHtmlCacheBehavior [ RunTime:0.001849s ]
INFO: [ app_begin ] --END-- [ RunTime:0.003125s ]
SQL: SHOW COLUMNS FROM `p39_category` [ RunTime:0.0020s ]
SQL: SHOW COLUMNS FROM `p39_goods` [ RunTime:0.0015s ]
ERR: 1064:You have an error in your SQL syntax; check the manual that corresponds to your MySQL server version for the right syntax to use near '35)' at line 1
 [ SQL语句 ] : SELECT `id`,`mid_logo`,`goods_name` FROM `p39_goods` WHERE `id` IN ('36','','35') AND `is_on_sale` = '是' ORDER BY FIELD(id,36,,35) 
ERR: 1064:You have an error in your SQL syntax; check the manual that corresponds to your MySQL server version for the right syntax to use near '35)' at line 1
 [ SQL语句 ] : SELECT `id`,`mid_logo`,`goods_name` FROM `p39_goods` WHERE `id` IN ('36','','35') AND `is_on_sale` = '是' ORDER BY FIELD(id,36,,35) 

[ 2018-06-25T17:51:57+08:00 ] 127.0.0.1 /index.php/Home/Index/ajaxGetMemberPrice/goods_id/36.html
INFO: [ app_begin ] --START--
INFO: Run Behavior\ReadHtmlCacheBehavior [ RunTime:0.004315s ]
INFO: [ app_begin ] --END-- [ RunTime:0.006775s ]
SQL: SHOW COLUMNS FROM `p39_category` [ RunTime:0.0010s ]
SQL: SHOW COLUMNS FROM `p39_goods` [ RunTime:0.0016s ]
SQL: SELECT `promote_price` FROM `p39_goods` WHERE `id` = '36' AND `promote_price` > 0 AND `promote_start_date` <= '2018-06-25 17:51' AND `promote_end_date` >= '2018-06-25 17:51' LIMIT 1   [ RunTime:0.0011s ]
SQL: SELECT `shop_price` FROM `p39_goods` WHERE `id` = 36 LIMIT 1   [ RunTime:0.0007s ]
INFO: [ app_end ] --START--
INFO: Run Behavior\ShowPageTraceBehavior [ RunTime:0.002062s ]
INFO: [ app_end ] --END-- [ RunTime:0.002329s ]

[ 2018-06-25T17:51:57+08:00 ] 127.0.0.1 /index.php/Home/Comment/ajaxGetPl/goods_id/36/p/1
INFO: [ app_begin ] --START--
INFO: Run Behavior\ReadHtmlCacheBehavior [ RunTime:0.002272s ]
INFO: [ app_begin ] --END-- [ RunTime:0.003728s ]
ERR: 非法操作:ajaxGetPl

[ 2018-06-25T17:51:57+08:00 ] 127.0.0.1 /index.php/Home/Member/ajaxChkLogin.html
INFO: [ app_begin ] --START--
INFO: Run Behavior\ReadHtmlCacheBehavior [ RunTime:0.002676s ]
INFO: [ app_begin ] --END-- [ RunTime:0.004040s ]
INFO: [ app_end ] --START--
INFO: Run Behavior\ShowPageTraceBehavior [ RunTime:0.001412s ]
INFO: [ app_end ] --END-- [ RunTime:0.001617s ]

[ 2018-06-25T17:51:57+08:00 ] 127.0.0.1 /index.php/Home/Member/ajaxChkLogin.html
INFO: [ app_begin ] --START--
INFO: Run Behavior\ReadHtmlCacheBehavior [ RunTime:0.001752s ]
INFO: [ app_begin ] --END-- [ RunTime:0.002930s ]
INFO: [ app_end ] --START--
INFO: Run Behavior\ShowPageTraceBehavior [ RunTime:0.001706s ]
INFO: [ app_end ] --END-- [ RunTime:0.001960s ]

[ 2018-06-25T20:29:30+08:00 ] 127.0.0.1 /index.php/Home/Cart/ajaxCartList.html
INFO: [ app_begin ] --START--
INFO: Run Behavior\ReadHtmlCacheBehavior [ RunTime:0.001362s ]
INFO: [ app_begin ] --END-- [ RunTime:0.002457s ]
NOTIC: [2048] Declaration of Home\Model\CartModel::add() should be compatible with Think\Model::add($data = '', $options = Array, $replace = false) D:\wamp\www\www.39.com\Application\Home\Model\CartModel.class.php 第 5 行.
SQL: SHOW COLUMNS FROM `p39_cart` [ RunTime:0.0009s ]
SQL: SHOW COLUMNS FROM `p39_goods` [ RunTime:0.0010s ]
SQL: SHOW COLUMNS FROM `p39_goods_attr` [ RunTime:0.0009s ]
SQL: SELECT `goods_name`,`mid_logo` FROM `p39_goods` WHERE `id` = 36 LIMIT 1   [ RunTime:0.0005s ]
SQL: SELECT `promote_price` FROM `p39_goods` WHERE `id` = '36' AND `promote_price` > 0 AND `promote_start_date` <= '2018-06-25 20:29' AND `promote_end_date` >= '2018-06-25 20:29' LIMIT 1   [ RunTime:0.0005s ]
SQL: SELECT `shop_price` FROM `p39_goods` WHERE `id` = 36 LIMIT 1   [ RunTime:0.0003s ]
NOTIC: [8] Undefined index: goods_attr_id D:\wamp\www\www.39.com\Application\Home\Model\CartModel.class.php 第 159 行.
INFO: [ app_end ] --START--
INFO: Run Behavior\ShowPageTraceBehavior [ RunTime:0.001384s ]
INFO: [ app_end ] --END-- [ RunTime:0.001513s ]

[ 2018-06-25T20:29:49+08:00 ] 127.0.0.1 /index.php/Home/Member/ajaxChkLogin.html
INFO: [ app_begin ] --START--
INFO: Run Behavior\ReadHtmlCacheBehavior [ RunTime:0.002837s ]
INFO: [ app_begin ] --END-- [ RunTime:0.004077s ]
INFO: [ app_end ] --START--
INFO: Run Behavior\ShowPageTraceBehavior [ RunTime:0.002619s ]
INFO: [ app_end ] --END-- [ RunTime:0.002890s ]

[ 2018-06-25T20:29:53+08:00 ] 127.0.0.1 /index.php/Home/Index/displayHistory/id/36.html
INFO: [ app_begin ] --START--
INFO: Run Behavior\ReadHtmlCacheBehavior [ RunTime:0.002754s ]
INFO: [ app_begin ] --END-- [ RunTime:0.006360s ]
SQL: SHOW COLUMNS FROM `p39_category` [ RunTime:0.0009s ]
SQL: SHOW COLUMNS FROM `p39_goods` [ RunTime:0.0013s ]
ERR: 1064:You have an error in your SQL syntax; check the manual that corresponds to your MySQL server version for the right syntax to use near '35)' at line 1
 [ SQL语句 ] : SELECT `id`,`mid_logo`,`goods_name` FROM `p39_goods` WHERE `id` IN ('36','','35') AND `is_on_sale` = '是' ORDER BY FIELD(id,36,,35) 
ERR: 1064:You have an error in your SQL syntax; check the manual that corresponds to your MySQL server version for the right syntax to use near '35)' at line 1
 [ SQL语句 ] : SELECT `id`,`mid_logo`,`goods_name` FROM `p39_goods` WHERE `id` IN ('36','','35') AND `is_on_sale` = '是' ORDER BY FIELD(id,36,,35) 

[ 2018-06-25T20:29:53+08:00 ] 127.0.0.1 /index.php/Home/Index/ajaxGetMemberPrice/goods_id/36.html
INFO: [ app_begin ] --START--
INFO: Run Behavior\ReadHtmlCacheBehavior [ RunTime:0.001602s ]
INFO: [ app_begin ] --END-- [ RunTime:0.002809s ]
SQL: SHOW COLUMNS FROM `p39_category` [ RunTime:0.0044s ]
SQL: SHOW COLUMNS FROM `p39_goods` [ RunTime:0.0017s ]
SQL: SELECT `promote_price` FROM `p39_goods` WHERE `id` = '36' AND `promote_price` > 0 AND `promote_start_date` <= '2018-06-25 20:29' AND `promote_end_date` >= '2018-06-25 20:29' LIMIT 1   [ RunTime:0.0008s ]
SQL: SELECT `shop_price` FROM `p39_goods` WHERE `id` = 36 LIMIT 1   [ RunTime:0.0006s ]
INFO: [ app_end ] --START--
INFO: Run Behavior\ShowPageTraceBehavior [ RunTime:0.001962s ]
INFO: [ app_end ] --END-- [ RunTime:0.002292s ]

[ 2018-06-25T20:29:53+08:00 ] 127.0.0.1 /index.php/Home/Comment/ajaxGetPl/goods_id/36/p/1
INFO: [ app_begin ] --START--
INFO: Run Behavior\ReadHtmlCacheBehavior [ RunTime:0.001891s ]
INFO: [ app_begin ] --END-- [ RunTime:0.004318s ]
ERR: 非法操作:ajaxGetPl

[ 2018-06-25T20:29:53+08:00 ] 127.0.0.1 /index.php/Home/Member/ajaxChkLogin.html
INFO: [ app_begin ] --START--
INFO: Run Behavior\ReadHtmlCacheBehavior [ RunTime:0.001659s ]
INFO: [ app_begin ] --END-- [ RunTime:0.003177s ]
INFO: [ app_end ] --START--
INFO: Run Behavior\ShowPageTraceBehavior [ RunTime:0.001706s ]
INFO: [ app_end ] --END-- [ RunTime:0.001912s ]

[ 2018-06-25T20:30:04+08:00 ] 127.0.0.1 /index.php/Home/Member/ajaxChkLogin.html
INFO: [ app_begin ] --START--
INFO: Run Behavior\ReadHtmlCacheBehavior [ RunTime:0.001279s ]
INFO: [ app_begin ] --END-- [ RunTime:0.002092s ]
INFO: [ app_end ] --START--
INFO: Run Behavior\ShowPageTraceBehavior [ RunTime:0.001338s ]
INFO: [ app_end ] --END-- [ RunTime:0.001518s ]

[ 2018-06-25T20:30:11+08:00 ] 127.0.0.1 /index.php/Home/Member/ajaxChkLogin.html
INFO: [ app_begin ] --START--
INFO: Run Behavior\ReadHtmlCacheBehavior [ RunTime:0.001380s ]
INFO: [ app_begin ] --END-- [ RunTime:0.002329s ]
INFO: [ app_end ] --START--
INFO: Run Behavior\ShowPageTraceBehavior [ RunTime:0.001230s ]
INFO: [ app_end ] --END-- [ RunTime:0.001395s ]

[ 2018-06-25T20:30:23+08:00 ] 127.0.0.1 /index.php/Home/Member/ajaxChkLogin.html
INFO: [ app_begin ] --START--
INFO: Run Behavior\ReadHtmlCacheBehavior [ RunTime:0.001781s ]
INFO: [ app_begin ] --END-- [ RunTime:0.003472s ]
INFO: [ app_end ] --START--
INFO: Run Behavior\ShowPageTraceBehavior [ RunTime:0.002194s ]
INFO: [ app_end ] --END-- [ RunTime:0.002449s ]

[ 2018-06-25T20:30:37+08:00 ] 127.0.0.1 /index.php/Home/Member/ajaxChkLogin.html
INFO: [ app_begin ] --START--
INFO: Run Behavior\ReadHtmlCacheBehavior [ RunTime:0.003815s ]
INFO: [ app_begin ] --END-- [ RunTime:0.005662s ]
INFO: [ app_end ] --START--
INFO: Run Behavior\ShowPageTraceBehavior [ RunTime:0.001901s ]
INFO: [ app_end ] --END-- [ RunTime:0.002126s ]

[ 2018-06-25T20:30:47+08:00 ] 127.0.0.1 /index.php/Home/Member/ajaxChkLogin.html
INFO: [ app_begin ] --START--
INFO: Run Behavior\ReadHtmlCacheBehavior [ RunTime:0.002620s ]
INFO: [ app_begin ] --END-- [ RunTime:0.004068s ]
INFO: [ app_end ] --START--
INFO: Run Behavior\ShowPageTraceBehavior [ RunTime:0.002936s ]
INFO: [ app_end ] --END-- [ RunTime:0.003158s ]

[ 2018-06-25T20:31:04+08:00 ] 127.0.0.1 /index.php/Home/Member/ajaxChkLogin.html
INFO: [ app_begin ] --START--
INFO: Run Behavior\ReadHtmlCacheBehavior [ RunTime:0.002174s ]
INFO: [ app_begin ] --END-- [ RunTime:0.003504s ]
INFO: [ app_end ] --START--
INFO: Run Behavior\ShowPageTraceBehavior [ RunTime:0.001929s ]
INFO: [ app_end ] --END-- [ RunTime:0.002113s ]

[ 2018-06-25T20:32:06+08:00 ] 127.0.0.1 /index.php/Home/Member/ajaxChkLogin.html
INFO: [ app_begin ] --START--
INFO: Run Behavior\ReadHtmlCacheBehavior [ RunTime:0.001579s ]
INFO: [ app_begin ] --END-- [ RunTime:0.003031s ]
INFO: [ app_end ] --START--
INFO: Run Behavior\ShowPageTraceBehavior [ RunTime:0.002283s ]
INFO: [ app_end ] --END-- [ RunTime:0.002504s ]

[ 2018-06-25T20:32:08+08:00 ] 127.0.0.1 /index.php/Home/Member/ajaxChkLogin.html
INFO: [ app_begin ] --START--
INFO: Run Behavior\ReadHtmlCacheBehavior [ RunTime:0.001771s ]
INFO: [ app_begin ] --END-- [ RunTime:0.003045s ]
INFO: [ app_end ] --START--
INFO: Run Behavior\ShowPageTraceBehavior [ RunTime:0.003297s ]
INFO: [ app_end ] --END-- [ RunTime:0.003826s ]

[ 2018-06-25T20:32:09+08:00 ] 127.0.0.1 /index.php/Home/Member/ajaxChkLogin.html
INFO: [ app_begin ] --START--
INFO: Run Behavior\ReadHtmlCacheBehavior [ RunTime:0.003249s ]
INFO: [ app_begin ] --END-- [ RunTime:0.004554s ]
INFO: [ app_end ] --START--
INFO: Run Behavior\ShowPageTraceBehavior [ RunTime:0.001659s ]
INFO: [ app_end ] --END-- [ RunTime:0.001864s ]

[ 2018-06-25T20:32:18+08:00 ] 127.0.0.1 /index.php/Home/Member/ajaxChkLogin.html
INFO: [ app_begin ] --START--
INFO: Run Behavior\ReadHtmlCacheBehavior [ RunTime:0.002234s ]
INFO: [ app_begin ] --END-- [ RunTime:0.003784s ]
INFO: [ app_end ] --START--
INFO: Run Behavior\ShowPageTraceBehavior [ RunTime:0.001778s ]
INFO: [ app_end ] --END-- [ RunTime:0.002000s ]

[ 2018-06-25T20:33:13+08:00 ] 127.0.0.1 /index.php/Home/Member/ajaxChkLogin.html
INFO: [ app_begin ] --START--
INFO: Run Behavior\ReadHtmlCacheBehavior [ RunTime:0.001722s ]
INFO: [ app_begin ] --END-- [ RunTime:0.002737s ]
INFO: [ app_end ] --START--
INFO: Run Behavior\ShowPageTraceBehavior [ RunTime:0.001518s ]
INFO: [ app_end ] --END-- [ RunTime:0.001761s ]

[ 2018-06-25T20:33:36+08:00 ] 127.0.0.1 /index.php/Home/Member/ajaxChkLogin.html
INFO: [ app_begin ] --START--
INFO: Run Behavior\ReadHtmlCacheBehavior [ RunTime:0.002124s ]
INFO: [ app_begin ] --END-- [ RunTime:0.003693s ]
INFO: [ app_end ] --START--
INFO: Run Behavior\ShowPageTraceBehavior [ RunTime:0.001927s ]
INFO: [ app_end ] --END-- [ RunTime:0.002137s ]

[ 2018-06-25T20:33:37+08:00 ] 127.0.0.1 /index.php/Home/Member/ajaxChkLogin.html
INFO: [ app_begin ] --START--
INFO: Run Behavior\ReadHtmlCacheBehavior [ RunTime:0.001993s ]
INFO: [ app_begin ] --END-- [ RunTime:0.003265s ]
INFO: [ app_end ] --START--
INFO: Run Behavior\ShowPageTraceBehavior [ RunTime:0.001897s ]
INFO: [ app_end ] --END-- [ RunTime:0.002184s ]

[ 2018-06-25T20:33:39+08:00 ] 127.0.0.1 /index.php/Home/Member/ajaxChkLogin.html
INFO: [ app_begin ] --START--
INFO: Run Behavior\ReadHtmlCacheBehavior [ RunTime:0.002501s ]
INFO: [ app_begin ] --END-- [ RunTime:0.005261s ]
INFO: [ app_end ] --START--
INFO: Run Behavior\ShowPageTraceBehavior [ RunTime:0.001913s ]
INFO: [ app_end ] --END-- [ RunTime:0.002156s ]

[ 2018-06-25T20:33:42+08:00 ] 127.0.0.1 /index.php/Home/Index/ajaxGetMemberPrice/goods_id/36.html
INFO: [ app_begin ] --START--
INFO: Run Behavior\ReadHtmlCacheBehavior [ RunTime:0.002137s ]
INFO: [ app_begin ] --END-- [ RunTime:0.003249s ]
SQL: SHOW COLUMNS FROM `p39_category` [ RunTime:0.0010s ]
SQL: SHOW COLUMNS FROM `p39_goods` [ RunTime:0.0015s ]
SQL: SELECT `promote_price` FROM `p39_goods` WHERE `id` = '36' AND `promote_price` > 0 AND `promote_start_date` <= '2018-06-25 20:33' AND `promote_end_date` >= '2018-06-25 20:33' LIMIT 1   [ RunTime:0.0005s ]
SQL: SHOW COLUMNS FROM `p39_member_price` [ RunTime:0.0009s ]
SQL: SELECT `price` FROM `p39_member_price` WHERE `goods_id` = '36' AND `level_id` = '1' LIMIT 1   [ RunTime:0.0005s ]
INFO: [ app_end ] --START--
INFO: Run Behavior\ShowPageTraceBehavior [ RunTime:0.001538s ]
INFO: [ app_end ] --END-- [ RunTime:0.001755s ]

[ 2018-06-25T20:33:42+08:00 ] 127.0.0.1 /index.php/Home/Index/displayHistory/id/36.html
INFO: [ app_begin ] --START--
INFO: Run Behavior\ReadHtmlCacheBehavior [ RunTime:0.002319s ]
INFO: [ app_begin ] --END-- [ RunTime:0.003852s ]
SQL: SHOW COLUMNS FROM `p39_category` [ RunTime:0.0010s ]
SQL: SHOW COLUMNS FROM `p39_goods` [ RunTime:0.0015s ]
ERR: 1064:You have an error in your SQL syntax; check the manual that corresponds to your MySQL server version for the right syntax to use near '35)' at line 1
 [ SQL语句 ] : SELECT `id`,`mid_logo`,`goods_name` FROM `p39_goods` WHERE `id` IN ('36','','35') AND `is_on_sale` = '是' ORDER BY FIELD(id,36,,35) 
ERR: 1064:You have an error in your SQL syntax; check the manual that corresponds to your MySQL server version for the right syntax to use near '35)' at line 1
 [ SQL语句 ] : SELECT `id`,`mid_logo`,`goods_name` FROM `p39_goods` WHERE `id` IN ('36','','35') AND `is_on_sale` = '是' ORDER BY FIELD(id,36,,35) 

[ 2018-06-25T20:33:42+08:00 ] 127.0.0.1 /index.php/Home/Comment/ajaxGetPl/goods_id/36/p/1
INFO: [ app_begin ] --START--
INFO: Run Behavior\ReadHtmlCacheBehavior [ RunTime:0.001871s ]
INFO: [ app_begin ] --END-- [ RunTime:0.003170s ]
ERR: 非法操作:ajaxGetPl

[ 2018-06-25T20:33:43+08:00 ] 127.0.0.1 /index.php/Home/Member/ajaxChkLogin.html
INFO: [ app_begin ] --START--
INFO: Run Behavior\ReadHtmlCacheBehavior [ RunTime:0.001827s ]
INFO: [ app_begin ] --END-- [ RunTime:0.003190s ]
INFO: [ app_end ] --START--
INFO: Run Behavior\ShowPageTraceBehavior [ RunTime:0.002300s ]
INFO: [ app_end ] --END-- [ RunTime:0.002495s ]

[ 2018-06-25T20:33:46+08:00 ] 127.0.0.1 /index.php/Home/Member/ajaxChkLogin.html
INFO: [ app_begin ] --START--
INFO: Run Behavior\ReadHtmlCacheBehavior [ RunTime:0.002060s ]
INFO: [ app_begin ] --END-- [ RunTime:0.004334s ]
INFO: [ app_end ] --START--
INFO: Run Behavior\ShowPageTraceBehavior [ RunTime:0.004030s ]
INFO: [ app_end ] --END-- [ RunTime:0.004382s ]

[ 2018-06-25T20:33:48+08:00 ] 127.0.0.1 /index.php/Home/Index/ajaxGetMemberPrice/goods_id/36.html
INFO: [ app_begin ] --START--
INFO: Run Behavior\ReadHtmlCacheBehavior [ RunTime:0.001886s ]
INFO: [ app_begin ] --END-- [ RunTime:0.002981s ]
SQL: SHOW COLUMNS FROM `p39_category` [ RunTime:0.0010s ]
SQL: SHOW COLUMNS FROM `p39_goods` [ RunTime:0.0013s ]
SQL: SELECT `promote_price` FROM `p39_goods` WHERE `id` = '36' AND `promote_price` > 0 AND `promote_start_date` <= '2018-06-25 20:33' AND `promote_end_date` >= '2018-06-25 20:33' LIMIT 1   [ RunTime:0.0006s ]
SQL: SHOW COLUMNS FROM `p39_member_price` [ RunTime:0.0010s ]
SQL: SELECT `price` FROM `p39_member_price` WHERE `goods_id` = '36' AND `level_id` = '1' LIMIT 1   [ RunTime:0.0010s ]
INFO: [ app_end ] --START--
INFO: Run Behavior\ShowPageTraceBehavior [ RunTime:0.001927s ]
INFO: [ app_end ] --END-- [ RunTime:0.002269s ]

[ 2018-06-25T20:33:48+08:00 ] 127.0.0.1 /index.php/Home/Comment/ajaxGetPl/goods_id/36/p/1
INFO: [ app_begin ] --START--
INFO: Run Behavior\ReadHtmlCacheBehavior [ RunTime:0.001683s ]
INFO: [ app_begin ] --END-- [ RunTime:0.002872s ]
ERR: 非法操作:ajaxGetPl

[ 2018-06-25T20:33:48+08:00 ] 127.0.0.1 /index.php/Home/Index/displayHistory/id/36.html
INFO: [ app_begin ] --START--
INFO: Run Behavior\ReadHtmlCacheBehavior [ RunTime:0.002729s ]
INFO: [ app_begin ] --END-- [ RunTime:0.004255s ]
SQL: SHOW COLUMNS FROM `p39_category` [ RunTime:0.0010s ]
SQL: SHOW COLUMNS FROM `p39_goods` [ RunTime:0.0012s ]
ERR: 1064:You have an error in your SQL syntax; check the manual that corresponds to your MySQL server version for the right syntax to use near '35)' at line 1
 [ SQL语句 ] : SELECT `id`,`mid_logo`,`goods_name` FROM `p39_goods` WHERE `id` IN ('36','','35') AND `is_on_sale` = '是' ORDER BY FIELD(id,36,,35) 
ERR: 1064:You have an error in your SQL syntax; check the manual that corresponds to your MySQL server version for the right syntax to use near '35)' at line 1
 [ SQL语句 ] : SELECT `id`,`mid_logo`,`goods_name` FROM `p39_goods` WHERE `id` IN ('36','','35') AND `is_on_sale` = '是' ORDER BY FIELD(id,36,,35) 

[ 2018-06-25T20:33:48+08:00 ] 127.0.0.1 /index.php/Home/Member/ajaxChkLogin.html
INFO: [ app_begin ] --START--
INFO: Run Behavior\ReadHtmlCacheBehavior [ RunTime:0.003743s ]
INFO: [ app_begin ] --END-- [ RunTime:0.005233s ]
INFO: [ app_end ] --START--
INFO: Run Behavior\ShowPageTraceBehavior [ RunTime:0.001844s ]
INFO: [ app_end ] --END-- [ RunTime:0.002021s ]

[ 2018-06-25T20:33:49+08:00 ] 127.0.0.1 /index.php/Home/Member/ajaxChkLogin.html
INFO: [ app_begin ] --START--
INFO: Run Behavior\ReadHtmlCacheBehavior [ RunTime:0.001634s ]
INFO: [ app_begin ] --END-- [ RunTime:0.002786s ]
INFO: [ app_end ] --START--
INFO: Run Behavior\ShowPageTraceBehavior [ RunTime:0.002166s ]
INFO: [ app_end ] --END-- [ RunTime:0.002392s ]

