[ 2018-03-20T16:23:12+08:00 ] ::1 /www.39.com/index.php/Home/Member/ajaxChkLogin.html
INFO: [ app_begin ] --START--
INFO: Run Behavior\ReadHtmlCacheBehavior [ RunTime:0.001285s ]
INFO: [ app_begin ] --END-- [ RunTime:0.002199s ]
INFO: [ app_end ] --START--
INFO: Run Behavior\ShowPageTraceBehavior [ RunTime:0.002139s ]
INFO: [ app_end ] --END-- [ RunTime:0.002363s ]

[ 2018-03-20T16:23:20+08:00 ] ::1 /www.39.com/index.php/Home/Member/ajaxChkLogin.html
INFO: [ app_begin ] --START--
INFO: Run Behavior\ReadHtmlCacheBehavior [ RunTime:0.001757s ]
INFO: [ app_begin ] --END-- [ RunTime:0.003085s ]
INFO: [ app_end ] --START--
INFO: Run Behavior\ShowPageTraceBehavior [ RunTime:0.002787s ]
INFO: [ app_end ] --END-- [ RunTime:0.003079s ]

[ 2018-03-20T16:23:30+08:00 ] ::1 /www.39.com/index.php/Home/Member/ajaxChkLogin.html
INFO: [ app_begin ] --START--
INFO: Run Behavior\ReadHtmlCacheBehavior [ RunTime:0.004455s ]
INFO: [ app_begin ] --END-- [ RunTime:0.005758s ]
INFO: [ app_end ] --START--
INFO: Run Behavior\ShowPageTraceBehavior [ RunTime:0.001730s ]
INFO: [ app_end ] --END-- [ RunTime:0.002019s ]

[ 2018-03-20T16:25:41+08:00 ] ::1 /www.39.com/index.php/Home/Index/ajaxGetMemberPrice/goods_id/32.html
INFO: [ app_begin ] --START--
INFO: Run Behavior\ReadHtmlCacheBehavior [ RunTime:0.004493s ]
INFO: [ app_begin ] --END-- [ RunTime:0.005929s ]
SQL: SHOW COLUMNS FROM `p39_category` [ RunTime:0.0487s ]
ERR: 非法操作:ajaxGetMemberPrice

[ 2018-03-20T16:25:42+08:00 ] ::1 /www.39.com/index.php/Home/Index/displayHistory/id/32.html
INFO: [ app_begin ] --START--
INFO: Run Behavior\ReadHtmlCacheBehavior [ RunTime:0.001033s ]
INFO: [ app_begin ] --END-- [ RunTime:0.002083s ]
SQL: SHOW COLUMNS FROM `p39_category` [ RunTime:0.0423s ]
SQL: SHOW COLUMNS FROM `p39_goods` [ RunTime:0.0206s ]
ERR: 1064:Erreur de syntaxe près de '29)' à la ligne 1
 [ SQL语句 ] : SELECT `id`,`mid_logo`,`goods_name` FROM `p39_goods` WHERE `id` IN ('32','','29') AND `is_on_sale` = '是' ORDER BY FIELD(id,32,,29) 
ERR: 1064:Erreur de syntaxe près de '29)' à la ligne 1
 [ SQL语句 ] : SELECT `id`,`mid_logo`,`goods_name` FROM `p39_goods` WHERE `id` IN ('32','','29') AND `is_on_sale` = '是' ORDER BY FIELD(id,32,,29) 

[ 2018-03-20T16:25:42+08:00 ] ::1 /www.39.com/index.php/Home/Member/ajaxChkLogin.html
INFO: [ app_begin ] --START--
INFO: Run Behavior\ReadHtmlCacheBehavior [ RunTime:0.001373s ]
INFO: [ app_begin ] --END-- [ RunTime:0.002548s ]
INFO: [ app_end ] --START--
INFO: Run Behavior\ShowPageTraceBehavior [ RunTime:0.002442s ]
INFO: [ app_end ] --END-- [ RunTime:0.003506s ]

[ 2018-03-20T16:25:48+08:00 ] ::1 /www.39.com/index.php/Home/Member/ajaxChkLogin.html
INFO: [ app_begin ] --START--
INFO: Run Behavior\ReadHtmlCacheBehavior [ RunTime:0.001639s ]
INFO: [ app_begin ] --END-- [ RunTime:0.002845s ]
INFO: [ app_end ] --START--
INFO: Run Behavior\ShowPageTraceBehavior [ RunTime:0.001415s ]
INFO: [ app_end ] --END-- [ RunTime:0.001639s ]

[ 2018-03-20T16:25:51+08:00 ] ::1 /www.39.com/index.php/Home/Index/displayHistory/id/36.html
INFO: [ app_begin ] --START--
INFO: Run Behavior\ReadHtmlCacheBehavior [ RunTime:0.002343s ]
INFO: [ app_begin ] --END-- [ RunTime:0.003525s ]
SQL: SHOW COLUMNS FROM `p39_category` [ RunTime:0.0266s ]
SQL: SHOW COLUMNS FROM `p39_goods` [ RunTime:0.0174s ]
ERR: 1064:Erreur de syntaxe près de '29)' à la ligne 1
 [ SQL语句 ] : SELECT `id`,`mid_logo`,`goods_name` FROM `p39_goods` WHERE `id` IN ('36','32','','29') AND `is_on_sale` = '是' ORDER BY FIELD(id,36,32,,29) 
ERR: 1064:Erreur de syntaxe près de '29)' à la ligne 1
 [ SQL语句 ] : SELECT `id`,`mid_logo`,`goods_name` FROM `p39_goods` WHERE `id` IN ('36','32','','29') AND `is_on_sale` = '是' ORDER BY FIELD(id,36,32,,29) 

[ 2018-03-20T16:25:51+08:00 ] ::1 /www.39.com/index.php/Home/Index/ajaxGetMemberPrice/goods_id/36.html
INFO: [ app_begin ] --START--
INFO: Run Behavior\ReadHtmlCacheBehavior [ RunTime:0.003300s ]
INFO: [ app_begin ] --END-- [ RunTime:0.004735s ]
SQL: SHOW COLUMNS FROM `p39_category` [ RunTime:0.0241s ]
ERR: 非法操作:ajaxGetMemberPrice

[ 2018-03-20T16:25:51+08:00 ] ::1 /www.39.com/index.php/Home/Member/ajaxChkLogin.html
INFO: [ app_begin ] --START--
INFO: Run Behavior\ReadHtmlCacheBehavior [ RunTime:0.003112s ]
INFO: [ app_begin ] --END-- [ RunTime:0.006630s ]
INFO: [ app_end ] --START--
INFO: Run Behavior\ShowPageTraceBehavior [ RunTime:0.002317s ]
INFO: [ app_end ] --END-- [ RunTime:0.002572s ]

[ 2018-03-20T16:26:57+08:00 ] ::1 /www.39.com/index.php/Home/Index/ajaxGetMemberPrice/goods_id/36.html
INFO: [ app_begin ] --START--
INFO: Run Behavior\ReadHtmlCacheBehavior [ RunTime:0.001220s ]
INFO: [ app_begin ] --END-- [ RunTime:0.002324s ]
SQL: SHOW COLUMNS FROM `p39_category` [ RunTime:0.0201s ]
ERR: 非法操作:ajaxGetMemberPrice

[ 2018-03-20T16:26:57+08:00 ] ::1 /www.39.com/index.php/Home/Index/displayHistory/id/36.html
INFO: [ app_begin ] --START--
INFO: Run Behavior\ReadHtmlCacheBehavior [ RunTime:0.010430s ]
INFO: [ app_begin ] --END-- [ RunTime:0.022558s ]
SQL: SHOW COLUMNS FROM `p39_category` [ RunTime:0.0119s ]
SQL: SHOW COLUMNS FROM `p39_goods` [ RunTime:0.0213s ]
ERR: 1064:Erreur de syntaxe près de '29)' à la ligne 1
 [ SQL语句 ] : SELECT `id`,`mid_logo`,`goods_name` FROM `p39_goods` WHERE `id` IN ('36','32','','29') AND `is_on_sale` = '是' ORDER BY FIELD(id,36,32,,29) 
ERR: 1064:Erreur de syntaxe près de '29)' à la ligne 1
 [ SQL语句 ] : SELECT `id`,`mid_logo`,`goods_name` FROM `p39_goods` WHERE `id` IN ('36','32','','29') AND `is_on_sale` = '是' ORDER BY FIELD(id,36,32,,29) 

[ 2018-03-20T16:26:58+08:00 ] ::1 /www.39.com/index.php/Home/Member/ajaxChkLogin.html
INFO: [ app_begin ] --START--
INFO: Run Behavior\ReadHtmlCacheBehavior [ RunTime:0.001967s ]
INFO: [ app_begin ] --END-- [ RunTime:0.003166s ]
INFO: [ app_end ] --START--
INFO: Run Behavior\ShowPageTraceBehavior [ RunTime:0.003622s ]
INFO: [ app_end ] --END-- [ RunTime:0.004249s ]

[ 2018-03-20T16:56:29+08:00 ] ::1 /www.39.com/index.php/Home/Index/ajaxGetMemberPrice/goods_id/36.html
INFO: [ app_begin ] --START--
INFO: Run Behavior\ReadHtmlCacheBehavior [ RunTime:0.001399s ]
INFO: [ app_begin ] --END-- [ RunTime:0.002584s ]
SQL: SHOW COLUMNS FROM `p39_category` [ RunTime:0.0308s ]
SQL: SHOW COLUMNS FROM `p39_goods` [ RunTime:0.0124s ]
SQL: SELECT `promote_price` FROM `p39_goods` WHERE `promote_price` > 0 AND `promote_start_date` <= '2018-03-20 16:56' AND `promote_end_date` >= '2018-03-20 16:56' LIMIT 1   [ RunTime:0.0007s ]
NOTIC: [8] Undefined variable: goodsId D:\wamp\www\www.39.com\Application\Admin\Model\GoodsModel.class.php 第 607 行.
SQL: SELECT `shop_price` FROM `p39_goods` LIMIT 1   [ RunTime:0.0007s ]
INFO: [ app_end ] --START--
INFO: Run Behavior\ShowPageTraceBehavior [ RunTime:0.001462s ]
INFO: [ app_end ] --END-- [ RunTime:0.002032s ]

[ 2018-03-20T16:56:29+08:00 ] ::1 /www.39.com/index.php/Home/Index/displayHistory/id/36.html
INFO: [ app_begin ] --START--
INFO: Run Behavior\ReadHtmlCacheBehavior [ RunTime:0.002952s ]
INFO: [ app_begin ] --END-- [ RunTime:0.010131s ]
SQL: SHOW COLUMNS FROM `p39_category` [ RunTime:0.0199s ]
SQL: SHOW COLUMNS FROM `p39_goods` [ RunTime:0.0152s ]
ERR: 1064:Erreur de syntaxe près de '29)' à la ligne 1
 [ SQL语句 ] : SELECT `id`,`mid_logo`,`goods_name` FROM `p39_goods` WHERE `id` IN ('36','32','','29') AND `is_on_sale` = '是' ORDER BY FIELD(id,36,32,,29) 
ERR: 1064:Erreur de syntaxe près de '29)' à la ligne 1
 [ SQL语句 ] : SELECT `id`,`mid_logo`,`goods_name` FROM `p39_goods` WHERE `id` IN ('36','32','','29') AND `is_on_sale` = '是' ORDER BY FIELD(id,36,32,,29) 

[ 2018-03-20T16:56:29+08:00 ] ::1 /www.39.com/index.php/Home/Member/ajaxChkLogin.html
INFO: [ app_begin ] --START--
INFO: Run Behavior\ReadHtmlCacheBehavior [ RunTime:0.003553s ]
INFO: [ app_begin ] --END-- [ RunTime:0.004887s ]
INFO: [ app_end ] --START--
INFO: Run Behavior\ShowPageTraceBehavior [ RunTime:0.002223s ]
INFO: [ app_end ] --END-- [ RunTime:0.004249s ]

[ 2018-03-20T16:57:40+08:00 ] ::1 /www.39.com/index.php/Home/Member/ajaxChkLogin.html
INFO: [ app_begin ] --START--
INFO: Run Behavior\ReadHtmlCacheBehavior [ RunTime:0.001154s ]
INFO: [ app_begin ] --END-- [ RunTime:0.002085s ]
INFO: [ app_end ] --START--
INFO: Run Behavior\ShowPageTraceBehavior [ RunTime:0.001068s ]
INFO: [ app_end ] --END-- [ RunTime:0.001238s ]

[ 2018-03-20T16:57:43+08:00 ] ::1 /www.39.com/index.php/Home/Index/displayHistory/id/29.html
INFO: [ app_begin ] --START--
INFO: Run Behavior\ReadHtmlCacheBehavior [ RunTime:0.001531s ]
INFO: [ app_begin ] --END-- [ RunTime:0.002764s ]
SQL: SHOW COLUMNS FROM `p39_category` [ RunTime:0.0317s ]
SQL: SHOW COLUMNS FROM `p39_goods` [ RunTime:0.0149s ]
ERR: 1064:Erreur de syntaxe près de ')' à la ligne 1
 [ SQL语句 ] : SELECT `id`,`mid_logo`,`goods_name` FROM `p39_goods` WHERE `id` IN ('29','36','32','') AND `is_on_sale` = '是' ORDER BY FIELD(id,29,36,32,) 
ERR: 1064:Erreur de syntaxe près de ')' à la ligne 1
 [ SQL语句 ] : SELECT `id`,`mid_logo`,`goods_name` FROM `p39_goods` WHERE `id` IN ('29','36','32','') AND `is_on_sale` = '是' ORDER BY FIELD(id,29,36,32,) 

[ 2018-03-20T16:57:44+08:00 ] ::1 /www.39.com/index.php/Home/Index/ajaxGetMemberPrice/goods_id/29.html
INFO: [ app_begin ] --START--
INFO: Run Behavior\ReadHtmlCacheBehavior [ RunTime:0.001448s ]
INFO: [ app_begin ] --END-- [ RunTime:0.002644s ]
SQL: SHOW COLUMNS FROM `p39_category` [ RunTime:0.0158s ]
SQL: SHOW COLUMNS FROM `p39_goods` [ RunTime:0.0149s ]
SQL: SELECT `promote_price` FROM `p39_goods` WHERE `promote_price` > 0 AND `promote_start_date` <= '2018-03-20 16:57' AND `promote_end_date` >= '2018-03-20 16:57' LIMIT 1   [ RunTime:0.0005s ]
NOTIC: [8] Undefined variable: goodsId D:\wamp\www\www.39.com\Application\Admin\Model\GoodsModel.class.php 第 607 行.
SQL: SELECT `shop_price` FROM `p39_goods` LIMIT 1   [ RunTime:0.0005s ]
INFO: [ app_end ] --START--
INFO: Run Behavior\ShowPageTraceBehavior [ RunTime:0.002040s ]
INFO: [ app_end ] --END-- [ RunTime:0.002432s ]

[ 2018-03-20T16:57:44+08:00 ] ::1 /www.39.com/index.php/Home/Member/ajaxChkLogin.html
INFO: [ app_begin ] --START--
INFO: Run Behavior\ReadHtmlCacheBehavior [ RunTime:0.002917s ]
INFO: [ app_begin ] --END-- [ RunTime:0.004288s ]
INFO: [ app_end ] --START--
INFO: Run Behavior\ShowPageTraceBehavior [ RunTime:0.003182s ]
INFO: [ app_end ] --END-- [ RunTime:0.003438s ]

[ 2018-03-20T16:59:28+08:00 ] ::1 /www.39.com/index.php/Home/Index/displayHistory/id/29.html
INFO: [ app_begin ] --START--
INFO: Run Behavior\ReadHtmlCacheBehavior [ RunTime:0.001810s ]
INFO: [ app_begin ] --END-- [ RunTime:0.003074s ]
SQL: SHOW COLUMNS FROM `p39_category` [ RunTime:0.0445s ]
SQL: SHOW COLUMNS FROM `p39_goods` [ RunTime:0.0340s ]
ERR: 1064:Erreur de syntaxe près de ')' à la ligne 1
 [ SQL语句 ] : SELECT `id`,`mid_logo`,`goods_name` FROM `p39_goods` WHERE `id` IN ('29','36','32','') AND `is_on_sale` = '是' ORDER BY FIELD(id,29,36,32,) 
ERR: 1064:Erreur de syntaxe près de ')' à la ligne 1
 [ SQL语句 ] : SELECT `id`,`mid_logo`,`goods_name` FROM `p39_goods` WHERE `id` IN ('29','36','32','') AND `is_on_sale` = '是' ORDER BY FIELD(id,29,36,32,) 

[ 2018-03-20T16:59:29+08:00 ] ::1 /www.39.com/index.php/Home/Index/ajaxGetMemberPrice/goods_id/29.html
INFO: [ app_begin ] --START--
INFO: Run Behavior\ReadHtmlCacheBehavior [ RunTime:0.002584s ]
INFO: [ app_begin ] --END-- [ RunTime:0.004409s ]
SQL: SHOW COLUMNS FROM `p39_category` [ RunTime:0.0125s ]
SQL: SHOW COLUMNS FROM `p39_goods` [ RunTime:0.0111s ]
SQL: SELECT `promote_price` FROM `p39_goods` WHERE `promote_price` > 0 AND `promote_start_date` <= '2018-03-20 16:59' AND `promote_end_date` >= '2018-03-20 16:59' LIMIT 1   [ RunTime:0.0004s ]
NOTIC: [8] Undefined variable: goodsId D:\wamp\www\www.39.com\Application\Admin\Model\GoodsModel.class.php 第 607 行.
SQL: SELECT `shop_price` FROM `p39_goods` LIMIT 1   [ RunTime:0.0002s ]
INFO: [ app_end ] --START--
INFO: Run Behavior\ShowPageTraceBehavior [ RunTime:0.001319s ]
INFO: [ app_end ] --END-- [ RunTime:0.001480s ]

[ 2018-03-20T16:59:29+08:00 ] ::1 /www.39.com/index.php/Home/Member/ajaxChkLogin.html
INFO: [ app_begin ] --START--
INFO: Run Behavior\ReadHtmlCacheBehavior [ RunTime:0.010264s ]
INFO: [ app_begin ] --END-- [ RunTime:0.011900s ]
INFO: [ app_end ] --START--
INFO: Run Behavior\ShowPageTraceBehavior [ RunTime:0.002202s ]
INFO: [ app_end ] --END-- [ RunTime:0.002413s ]

[ 2018-03-20T16:59:31+08:00 ] ::1 /www.39.com/index.php/Home/Member/ajaxChkLogin.html
INFO: [ app_begin ] --START--
INFO: Run Behavior\ReadHtmlCacheBehavior [ RunTime:0.001444s ]
INFO: [ app_begin ] --END-- [ RunTime:0.002262s ]
INFO: [ app_end ] --START--
INFO: Run Behavior\ShowPageTraceBehavior [ RunTime:0.001386s ]
INFO: [ app_end ] --END-- [ RunTime:0.001593s ]

[ 2018-03-20T16:59:33+08:00 ] ::1 /www.39.com/index.php/Home/Member/ajaxChkLogin.html
INFO: [ app_begin ] --START--
INFO: Run Behavior\ReadHtmlCacheBehavior [ RunTime:0.002776s ]
INFO: [ app_begin ] --END-- [ RunTime:0.003932s ]
INFO: [ app_end ] --START--
INFO: Run Behavior\ShowPageTraceBehavior [ RunTime:0.001670s ]
INFO: [ app_end ] --END-- [ RunTime:0.001930s ]

[ 2018-03-20T16:59:33+08:00 ] ::1 /www.39.com/index.php/Home/Index/displayHistory/id/35.html
INFO: [ app_begin ] --START--
INFO: Run Behavior\ReadHtmlCacheBehavior [ RunTime:0.002181s ]
INFO: [ app_begin ] --END-- [ RunTime:0.003821s ]
SQL: SHOW COLUMNS FROM `p39_category` [ RunTime:0.0428s ]
SQL: SHOW COLUMNS FROM `p39_goods` [ RunTime:0.0148s ]
ERR: 1064:Erreur de syntaxe près de ')' à la ligne 1
 [ SQL语句 ] : SELECT `id`,`mid_logo`,`goods_name` FROM `p39_goods` WHERE `id` IN ('35','29','36','32','') AND `is_on_sale` = '是' ORDER BY FIELD(id,35,29,36,32,) 
ERR: 1064:Erreur de syntaxe près de ')' à la ligne 1
 [ SQL语句 ] : SELECT `id`,`mid_logo`,`goods_name` FROM `p39_goods` WHERE `id` IN ('35','29','36','32','') AND `is_on_sale` = '是' ORDER BY FIELD(id,35,29,36,32,) 

[ 2018-03-20T16:59:33+08:00 ] ::1 /www.39.com/index.php/Home/Index/ajaxGetMemberPrice/goods_id/35.html
INFO: [ app_begin ] --START--
INFO: Run Behavior\ReadHtmlCacheBehavior [ RunTime:0.001526s ]
INFO: [ app_begin ] --END-- [ RunTime:0.003498s ]
SQL: SHOW COLUMNS FROM `p39_category` [ RunTime:0.0100s ]
SQL: SHOW COLUMNS FROM `p39_goods` [ RunTime:0.0112s ]
SQL: SELECT `promote_price` FROM `p39_goods` WHERE `promote_price` > 0 AND `promote_start_date` <= '2018-03-20 16:59' AND `promote_end_date` >= '2018-03-20 16:59' LIMIT 1   [ RunTime:0.0003s ]
NOTIC: [8] Undefined variable: goodsId D:\wamp\www\www.39.com\Application\Admin\Model\GoodsModel.class.php 第 607 行.
SQL: SELECT `shop_price` FROM `p39_goods` LIMIT 1   [ RunTime:0.0002s ]
INFO: [ app_end ] --START--
INFO: Run Behavior\ShowPageTraceBehavior [ RunTime:0.000999s ]
INFO: [ app_end ] --END-- [ RunTime:0.001147s ]

[ 2018-03-20T17:00:57+08:00 ] ::1 /www.39.com/index.php/Home/Index/ajaxGetMemberPrice/goods_id/35.html
INFO: [ app_begin ] --START--
INFO: Run Behavior\ReadHtmlCacheBehavior [ RunTime:0.001350s ]
INFO: [ app_begin ] --END-- [ RunTime:0.002539s ]
SQL: SHOW COLUMNS FROM `p39_category` [ RunTime:0.1148s ]
SQL: SHOW COLUMNS FROM `p39_goods` [ RunTime:0.0088s ]
SQL: SELECT `promote_price` FROM `p39_goods` WHERE `promote_price` > 0 AND `promote_start_date` <= '2018-03-20 17:00' AND `promote_end_date` >= '2018-03-20 17:00' LIMIT 1   [ RunTime:0.0004s ]
NOTIC: [8] Undefined variable: goodsId D:\wamp\www\www.39.com\Application\Admin\Model\GoodsModel.class.php 第 607 行.
SQL: SELECT `shop_price` FROM `p39_goods` LIMIT 1   [ RunTime:0.0002s ]
INFO: [ app_end ] --START--
INFO: Run Behavior\ShowPageTraceBehavior [ RunTime:0.001144s ]
INFO: [ app_end ] --END-- [ RunTime:0.001282s ]

[ 2018-03-20T17:00:57+08:00 ] ::1 /www.39.com/index.php/Home/Index/displayHistory/id/35.html
INFO: [ app_begin ] --START--
INFO: Run Behavior\ReadHtmlCacheBehavior [ RunTime:0.001737s ]
INFO: [ app_begin ] --END-- [ RunTime:0.002971s ]
SQL: SHOW COLUMNS FROM `p39_category` [ RunTime:0.0107s ]
SQL: SHOW COLUMNS FROM `p39_goods` [ RunTime:0.0090s ]
ERR: 1064:Erreur de syntaxe près de ')' à la ligne 1
 [ SQL语句 ] : SELECT `id`,`mid_logo`,`goods_name` FROM `p39_goods` WHERE `id` IN ('35','29','36','32','') AND `is_on_sale` = '是' ORDER BY FIELD(id,35,29,36,32,) 
ERR: 1064:Erreur de syntaxe près de ')' à la ligne 1
 [ SQL语句 ] : SELECT `id`,`mid_logo`,`goods_name` FROM `p39_goods` WHERE `id` IN ('35','29','36','32','') AND `is_on_sale` = '是' ORDER BY FIELD(id,35,29,36,32,) 

[ 2018-03-20T17:00:57+08:00 ] ::1 /www.39.com/index.php/Home/Member/ajaxChkLogin.html
INFO: [ app_begin ] --START--
INFO: Run Behavior\ReadHtmlCacheBehavior [ RunTime:0.003138s ]
INFO: [ app_begin ] --END-- [ RunTime:0.008574s ]
INFO: [ app_end ] --START--
INFO: Run Behavior\ShowPageTraceBehavior [ RunTime:0.002225s ]
INFO: [ app_end ] --END-- [ RunTime:0.002406s ]

[ 2018-03-20T17:01:02+08:00 ] ::1 /www.39.com/index.php/Home/Member/ajaxChkLogin.html
INFO: [ app_begin ] --START--
INFO: Run Behavior\ReadHtmlCacheBehavior [ RunTime:0.001765s ]
INFO: [ app_begin ] --END-- [ RunTime:0.003302s ]
INFO: [ app_end ] --START--
INFO: Run Behavior\ShowPageTraceBehavior [ RunTime:0.003493s ]
INFO: [ app_end ] --END-- [ RunTime:0.003906s ]

[ 2018-03-20T17:01:06+08:00 ] ::1 /www.39.com/index.php/Home/Index/displayHistory/id/29.html
INFO: [ app_begin ] --START--
INFO: Run Behavior\ReadHtmlCacheBehavior [ RunTime:0.001454s ]
INFO: [ app_begin ] --END-- [ RunTime:0.002643s ]
SQL: SHOW COLUMNS FROM `p39_category` [ RunTime:0.0118s ]
SQL: SHOW COLUMNS FROM `p39_goods` [ RunTime:0.0109s ]
ERR: 1064:Erreur de syntaxe près de ')' à la ligne 1
 [ SQL语句 ] : SELECT `id`,`mid_logo`,`goods_name` FROM `p39_goods` WHERE `id` IN ('29','35','36','32','') AND `is_on_sale` = '是' ORDER BY FIELD(id,29,35,36,32,) 
ERR: 1064:Erreur de syntaxe près de ')' à la ligne 1
 [ SQL语句 ] : SELECT `id`,`mid_logo`,`goods_name` FROM `p39_goods` WHERE `id` IN ('29','35','36','32','') AND `is_on_sale` = '是' ORDER BY FIELD(id,29,35,36,32,) 

[ 2018-03-20T17:01:06+08:00 ] ::1 /www.39.com/index.php/Home/Index/ajaxGetMemberPrice/goods_id/29.html
INFO: [ app_begin ] --START--
INFO: Run Behavior\ReadHtmlCacheBehavior [ RunTime:0.001367s ]
INFO: [ app_begin ] --END-- [ RunTime:0.002562s ]
SQL: SHOW COLUMNS FROM `p39_category` [ RunTime:0.0151s ]
SQL: SHOW COLUMNS FROM `p39_goods` [ RunTime:0.0102s ]
SQL: SELECT `promote_price` FROM `p39_goods` WHERE `promote_price` > 0 AND `promote_start_date` <= '2018-03-20 17:01' AND `promote_end_date` >= '2018-03-20 17:01' LIMIT 1   [ RunTime:0.0004s ]
NOTIC: [8] Undefined variable: goodsId D:\wamp\www\www.39.com\Application\Admin\Model\GoodsModel.class.php 第 607 行.
SQL: SELECT `shop_price` FROM `p39_goods` LIMIT 1   [ RunTime:0.0003s ]
INFO: [ app_end ] --START--
INFO: Run Behavior\ShowPageTraceBehavior [ RunTime:0.001007s ]
INFO: [ app_end ] --END-- [ RunTime:0.001171s ]

[ 2018-03-20T17:01:06+08:00 ] ::1 /www.39.com/index.php/Home/Member/ajaxChkLogin.html
INFO: [ app_begin ] --START--
INFO: Run Behavior\ReadHtmlCacheBehavior [ RunTime:0.001496s ]
INFO: [ app_begin ] --END-- [ RunTime:0.002697s ]
INFO: [ app_end ] --START--
INFO: Run Behavior\ShowPageTraceBehavior [ RunTime:0.001268s ]
INFO: [ app_end ] --END-- [ RunTime:0.001577s ]

[ 2018-03-20T17:02:17+08:00 ] ::1 /www.39.com/index.php/Home/Index/ajaxGetMemberPrice/goods_id/29.html
INFO: [ app_begin ] --START--
INFO: Run Behavior\ReadHtmlCacheBehavior [ RunTime:0.001501s ]
INFO: [ app_begin ] --END-- [ RunTime:0.002750s ]
SQL: SHOW COLUMNS FROM `p39_category` [ RunTime:0.0321s ]
SQL: SHOW COLUMNS FROM `p39_goods` [ RunTime:0.0325s ]
SQL: SELECT `promote_price` FROM `p39_goods` WHERE `promote_price` > 0 AND `promote_start_date` <= '2018-03-20 17:02' AND `promote_end_date` >= '2018-03-20 17:02' LIMIT 1   [ RunTime:0.0007s ]
SQL: SELECT `shop_price` FROM `p39_goods` WHERE `id` = 29 LIMIT 1   [ RunTime:0.0007s ]
INFO: [ app_end ] --START--
INFO: Run Behavior\ShowPageTraceBehavior [ RunTime:0.001849s ]
INFO: [ app_end ] --END-- [ RunTime:0.002161s ]

[ 2018-03-20T17:02:17+08:00 ] ::1 /www.39.com/index.php/Home/Index/displayHistory/id/29.html
INFO: [ app_begin ] --START--
INFO: Run Behavior\ReadHtmlCacheBehavior [ RunTime:0.001741s ]
INFO: [ app_begin ] --END-- [ RunTime:0.014447s ]
SQL: SHOW COLUMNS FROM `p39_category` [ RunTime:0.0190s ]
SQL: SHOW COLUMNS FROM `p39_goods` [ RunTime:0.0170s ]
ERR: 1064:Erreur de syntaxe près de ')' à la ligne 1
 [ SQL语句 ] : SELECT `id`,`mid_logo`,`goods_name` FROM `p39_goods` WHERE `id` IN ('29','35','36','32','') AND `is_on_sale` = '是' ORDER BY FIELD(id,29,35,36,32,) 
ERR: 1064:Erreur de syntaxe près de ')' à la ligne 1
 [ SQL语句 ] : SELECT `id`,`mid_logo`,`goods_name` FROM `p39_goods` WHERE `id` IN ('29','35','36','32','') AND `is_on_sale` = '是' ORDER BY FIELD(id,29,35,36,32,) 

[ 2018-03-20T17:02:17+08:00 ] ::1 /www.39.com/index.php/Home/Member/ajaxChkLogin.html
INFO: [ app_begin ] --START--
INFO: Run Behavior\ReadHtmlCacheBehavior [ RunTime:0.004336s ]
INFO: [ app_begin ] --END-- [ RunTime:0.012337s ]
INFO: [ app_end ] --START--
INFO: Run Behavior\ShowPageTraceBehavior [ RunTime:0.002490s ]
INFO: [ app_end ] --END-- [ RunTime:0.003444s ]

[ 2018-03-20T17:02:23+08:00 ] ::1 /www.39.com/index.php/Home/Member/ajaxChkLogin.html
INFO: [ app_begin ] --START--
INFO: Run Behavior\ReadHtmlCacheBehavior [ RunTime:0.001215s ]
INFO: [ app_begin ] --END-- [ RunTime:0.002242s ]
INFO: [ app_end ] --START--
INFO: Run Behavior\ShowPageTraceBehavior [ RunTime:0.005321s ]
INFO: [ app_end ] --END-- [ RunTime:0.005578s ]

[ 2018-03-20T17:02:24+08:00 ] ::1 /www.39.com/index.php/Home/Index/displayHistory/id/35.html
INFO: [ app_begin ] --START--
INFO: Run Behavior\ReadHtmlCacheBehavior [ RunTime:0.001491s ]
INFO: [ app_begin ] --END-- [ RunTime:0.002729s ]
SQL: SHOW COLUMNS FROM `p39_category` [ RunTime:0.0170s ]
SQL: SHOW COLUMNS FROM `p39_goods` [ RunTime:0.0523s ]
ERR: 1064:Erreur de syntaxe près de ')' à la ligne 1
 [ SQL语句 ] : SELECT `id`,`mid_logo`,`goods_name` FROM `p39_goods` WHERE `id` IN ('35','29','36','32','') AND `is_on_sale` = '是' ORDER BY FIELD(id,35,29,36,32,) 
ERR: 1064:Erreur de syntaxe près de ')' à la ligne 1
 [ SQL语句 ] : SELECT `id`,`mid_logo`,`goods_name` FROM `p39_goods` WHERE `id` IN ('35','29','36','32','') AND `is_on_sale` = '是' ORDER BY FIELD(id,35,29,36,32,) 

[ 2018-03-20T17:02:24+08:00 ] ::1 /www.39.com/index.php/Home/Index/ajaxGetMemberPrice/goods_id/35.html
INFO: [ app_begin ] --START--
INFO: Run Behavior\ReadHtmlCacheBehavior [ RunTime:0.001584s ]
INFO: [ app_begin ] --END-- [ RunTime:0.002797s ]
SQL: SHOW COLUMNS FROM `p39_category` [ RunTime:0.0113s ]
SQL: SHOW COLUMNS FROM `p39_goods` [ RunTime:0.0116s ]
SQL: SELECT `promote_price` FROM `p39_goods` WHERE `promote_price` > 0 AND `promote_start_date` <= '2018-03-20 17:02' AND `promote_end_date` >= '2018-03-20 17:02' LIMIT 1   [ RunTime:0.0003s ]
SQL: SELECT `shop_price` FROM `p39_goods` WHERE `id` = 35 LIMIT 1   [ RunTime:0.0003s ]
INFO: [ app_end ] --START--
INFO: Run Behavior\ShowPageTraceBehavior [ RunTime:0.001433s ]
INFO: [ app_end ] --END-- [ RunTime:0.001590s ]

[ 2018-03-20T17:02:24+08:00 ] ::1 /www.39.com/index.php/Home/Member/ajaxChkLogin.html
INFO: [ app_begin ] --START--
INFO: Run Behavior\ReadHtmlCacheBehavior [ RunTime:0.002791s ]
INFO: [ app_begin ] --END-- [ RunTime:0.004482s ]
INFO: [ app_end ] --START--
INFO: Run Behavior\ShowPageTraceBehavior [ RunTime:0.001797s ]
INFO: [ app_end ] --END-- [ RunTime:0.002406s ]

[ 2018-03-20T17:02:26+08:00 ] ::1 /www.39.com/index.php/Home/Member/ajaxChkLogin.html
INFO: [ app_begin ] --START--
INFO: Run Behavior\ReadHtmlCacheBehavior [ RunTime:0.001884s ]
INFO: [ app_begin ] --END-- [ RunTime:0.003548s ]
INFO: [ app_end ] --START--
INFO: Run Behavior\ShowPageTraceBehavior [ RunTime:0.001923s ]
INFO: [ app_end ] --END-- [ RunTime:0.002224s ]

[ 2018-03-20T17:02:27+08:00 ] ::1 /www.39.com/index.php/Home/Index/displayHistory/id/36.html
INFO: [ app_begin ] --START--
INFO: Run Behavior\ReadHtmlCacheBehavior [ RunTime:0.002550s ]
INFO: [ app_begin ] --END-- [ RunTime:0.003804s ]
SQL: SHOW COLUMNS FROM `p39_category` [ RunTime:0.0417s ]
SQL: SHOW COLUMNS FROM `p39_goods` [ RunTime:0.0173s ]
ERR: 1064:Erreur de syntaxe près de ')' à la ligne 1
 [ SQL语句 ] : SELECT `id`,`mid_logo`,`goods_name` FROM `p39_goods` WHERE `id` IN ('36','35','29','32','') AND `is_on_sale` = '是' ORDER BY FIELD(id,36,35,29,32,) 
ERR: 1064:Erreur de syntaxe près de ')' à la ligne 1
 [ SQL语句 ] : SELECT `id`,`mid_logo`,`goods_name` FROM `p39_goods` WHERE `id` IN ('36','35','29','32','') AND `is_on_sale` = '是' ORDER BY FIELD(id,36,35,29,32,) 

[ 2018-03-20T17:02:27+08:00 ] ::1 /www.39.com/index.php/Home/Member/ajaxChkLogin.html
INFO: [ app_begin ] --START--
INFO: Run Behavior\ReadHtmlCacheBehavior [ RunTime:0.001427s ]
INFO: [ app_begin ] --END-- [ RunTime:0.002617s ]
INFO: [ app_end ] --START--
INFO: Run Behavior\ShowPageTraceBehavior [ RunTime:0.001354s ]
INFO: [ app_end ] --END-- [ RunTime:0.001804s ]

[ 2018-03-20T17:02:27+08:00 ] ::1 /www.39.com/index.php/Home/Index/ajaxGetMemberPrice/goods_id/36.html
INFO: [ app_begin ] --START--
INFO: Run Behavior\ReadHtmlCacheBehavior [ RunTime:0.001747s ]
INFO: [ app_begin ] --END-- [ RunTime:0.003074s ]
SQL: SHOW COLUMNS FROM `p39_category` [ RunTime:0.0116s ]
SQL: SHOW COLUMNS FROM `p39_goods` [ RunTime:0.0106s ]
SQL: SELECT `promote_price` FROM `p39_goods` WHERE `promote_price` > 0 AND `promote_start_date` <= '2018-03-20 17:02' AND `promote_end_date` >= '2018-03-20 17:02' LIMIT 1   [ RunTime:0.0003s ]
SQL: SELECT `shop_price` FROM `p39_goods` WHERE `id` = 36 LIMIT 1   [ RunTime:0.0002s ]
INFO: [ app_end ] --START--
INFO: Run Behavior\ShowPageTraceBehavior [ RunTime:0.000997s ]
INFO: [ app_end ] --END-- [ RunTime:0.001156s ]

[ 2018-03-20T17:02:31+08:00 ] ::1 /www.39.com/index.php/Home/Member/ajaxChkLogin.html
INFO: [ app_begin ] --START--
INFO: Run Behavior\ReadHtmlCacheBehavior [ RunTime:0.001714s ]
INFO: [ app_begin ] --END-- [ RunTime:0.003219s ]
INFO: [ app_end ] --START--
INFO: Run Behavior\ShowPageTraceBehavior [ RunTime:0.002414s ]
INFO: [ app_end ] --END-- [ RunTime:0.002812s ]

[ 2018-03-20T17:02:32+08:00 ] ::1 /www.39.com/index.php/Home/Index/ajaxGetMemberPrice/goods_id/33.html
INFO: [ app_begin ] --START--
INFO: Run Behavior\ReadHtmlCacheBehavior [ RunTime:0.001588s ]
INFO: [ app_begin ] --END-- [ RunTime:0.002905s ]
SQL: SHOW COLUMNS FROM `p39_category` [ RunTime:0.0127s ]
SQL: SHOW COLUMNS FROM `p39_goods` [ RunTime:0.0179s ]
SQL: SELECT `promote_price` FROM `p39_goods` WHERE `promote_price` > 0 AND `promote_start_date` <= '2018-03-20 17:02' AND `promote_end_date` >= '2018-03-20 17:02' LIMIT 1   [ RunTime:0.0005s ]
SQL: SELECT `shop_price` FROM `p39_goods` WHERE `id` = 33 LIMIT 1   [ RunTime:0.0004s ]
INFO: [ app_end ] --START--
INFO: Run Behavior\ShowPageTraceBehavior [ RunTime:0.001184s ]
INFO: [ app_end ] --END-- [ RunTime:0.001357s ]

[ 2018-03-20T17:02:32+08:00 ] ::1 /www.39.com/index.php/Home/Index/displayHistory/id/33.html
INFO: [ app_begin ] --START--
INFO: Run Behavior\ReadHtmlCacheBehavior [ RunTime:0.001608s ]
INFO: [ app_begin ] --END-- [ RunTime:0.003026s ]
SQL: SHOW COLUMNS FROM `p39_category` [ RunTime:0.0168s ]
SQL: SHOW COLUMNS FROM `p39_goods` [ RunTime:0.0107s ]
ERR: 1064:Erreur de syntaxe près de ')' à la ligne 1
 [ SQL语句 ] : SELECT `id`,`mid_logo`,`goods_name` FROM `p39_goods` WHERE `id` IN ('33','36','35','29','32','') AND `is_on_sale` = '是' ORDER BY FIELD(id,33,36,35,29,32,) 
ERR: 1064:Erreur de syntaxe près de ')' à la ligne 1
 [ SQL语句 ] : SELECT `id`,`mid_logo`,`goods_name` FROM `p39_goods` WHERE `id` IN ('33','36','35','29','32','') AND `is_on_sale` = '是' ORDER BY FIELD(id,33,36,35,29,32,) 

[ 2018-03-20T17:02:32+08:00 ] ::1 /www.39.com/index.php/Home/Member/ajaxChkLogin.html
INFO: [ app_begin ] --START--
INFO: Run Behavior\ReadHtmlCacheBehavior [ RunTime:0.001538s ]
INFO: [ app_begin ] --END-- [ RunTime:0.002599s ]
INFO: [ app_end ] --START--
INFO: Run Behavior\ShowPageTraceBehavior [ RunTime:0.002172s ]
INFO: [ app_end ] --END-- [ RunTime:0.002377s ]

[ 2018-03-20T17:02:35+08:00 ] ::1 /www.39.com/index.php/Home/Member/ajaxChkLogin.html
INFO: [ app_begin ] --START--
INFO: Run Behavior\ReadHtmlCacheBehavior [ RunTime:0.001727s ]
INFO: [ app_begin ] --END-- [ RunTime:0.002793s ]
INFO: [ app_end ] --START--
INFO: Run Behavior\ShowPageTraceBehavior [ RunTime:0.001546s ]
INFO: [ app_end ] --END-- [ RunTime:0.001766s ]

[ 2018-03-20T17:02:36+08:00 ] ::1 /www.39.com/index.php/Home/Index/displayHistory/id/36.html
INFO: [ app_begin ] --START--
INFO: Run Behavior\ReadHtmlCacheBehavior [ RunTime:0.001621s ]
INFO: [ app_begin ] --END-- [ RunTime:0.002749s ]
SQL: SHOW COLUMNS FROM `p39_category` [ RunTime:0.0402s ]
SQL: SHOW COLUMNS FROM `p39_goods` [ RunTime:0.0138s ]
ERR: 1064:Erreur de syntaxe près de ')' à la ligne 1
 [ SQL语句 ] : SELECT `id`,`mid_logo`,`goods_name` FROM `p39_goods` WHERE `id` IN ('36','33','35','29','32','') AND `is_on_sale` = '是' ORDER BY FIELD(id,36,33,35,29,32,) 
ERR: 1064:Erreur de syntaxe près de ')' à la ligne 1
 [ SQL语句 ] : SELECT `id`,`mid_logo`,`goods_name` FROM `p39_goods` WHERE `id` IN ('36','33','35','29','32','') AND `is_on_sale` = '是' ORDER BY FIELD(id,36,33,35,29,32,) 

[ 2018-03-20T17:02:36+08:00 ] ::1 /www.39.com/index.php/Home/Index/ajaxGetMemberPrice/goods_id/36.html
INFO: [ app_begin ] --START--
INFO: Run Behavior\ReadHtmlCacheBehavior [ RunTime:0.001353s ]
INFO: [ app_begin ] --END-- [ RunTime:0.002513s ]
SQL: SHOW COLUMNS FROM `p39_category` [ RunTime:0.0123s ]
SQL: SHOW COLUMNS FROM `p39_goods` [ RunTime:0.0088s ]
SQL: SELECT `promote_price` FROM `p39_goods` WHERE `promote_price` > 0 AND `promote_start_date` <= '2018-03-20 17:02' AND `promote_end_date` >= '2018-03-20 17:02' LIMIT 1   [ RunTime:0.0004s ]
SQL: SELECT `shop_price` FROM `p39_goods` WHERE `id` = 36 LIMIT 1   [ RunTime:0.0003s ]
INFO: [ app_end ] --START--
INFO: Run Behavior\ShowPageTraceBehavior [ RunTime:0.000872s ]
INFO: [ app_end ] --END-- [ RunTime:0.001002s ]

[ 2018-03-20T17:02:36+08:00 ] ::1 /www.39.com/index.php/Home/Member/ajaxChkLogin.html
INFO: [ app_begin ] --START--
INFO: Run Behavior\ReadHtmlCacheBehavior [ RunTime:0.001344s ]
INFO: [ app_begin ] --END-- [ RunTime:0.002453s ]
INFO: [ app_end ] --START--
INFO: Run Behavior\ShowPageTraceBehavior [ RunTime:0.001594s ]
INFO: [ app_end ] --END-- [ RunTime:0.001823s ]

[ 2018-03-20T18:14:08+08:00 ] ::1 /www.39.com/index.php/Home/Index/displayHistory/id/36.html
INFO: [ app_begin ] --START--
INFO: Run Behavior\ReadHtmlCacheBehavior [ RunTime:0.001708s ]
INFO: [ app_begin ] --END-- [ RunTime:0.003258s ]
SQL: SHOW COLUMNS FROM `p39_category` [ RunTime:0.0165s ]
SQL: SHOW COLUMNS FROM `p39_goods` [ RunTime:0.0081s ]
ERR: 1064:Erreur de syntaxe près de ')' à la ligne 1
 [ SQL语句 ] : SELECT `id`,`mid_logo`,`goods_name` FROM `p39_goods` WHERE `id` IN ('36','33','35','29','32','') AND `is_on_sale` = '是' ORDER BY FIELD(id,36,33,35,29,32,) 
ERR: 1064:Erreur de syntaxe près de ')' à la ligne 1
 [ SQL语句 ] : SELECT `id`,`mid_logo`,`goods_name` FROM `p39_goods` WHERE `id` IN ('36','33','35','29','32','') AND `is_on_sale` = '是' ORDER BY FIELD(id,36,33,35,29,32,) 

[ 2018-03-20T18:14:08+08:00 ] ::1 /www.39.com/index.php/Home/Index/ajaxGetMemberPrice/goods_id/36.html
INFO: [ app_begin ] --START--
INFO: Run Behavior\ReadHtmlCacheBehavior [ RunTime:0.001677s ]
INFO: [ app_begin ] --END-- [ RunTime:0.002996s ]
SQL: SHOW COLUMNS FROM `p39_category` [ RunTime:0.0089s ]
SQL: SHOW COLUMNS FROM `p39_goods` [ RunTime:0.1670s ]
SQL: SELECT `promote_price` FROM `p39_goods` WHERE `promote_price` > 0 AND `promote_start_date` <= '2018-03-20 18:14' AND `promote_end_date` >= '2018-03-20 18:14' LIMIT 1   [ RunTime:0.0004s ]
SQL: SELECT `shop_price` FROM `p39_goods` WHERE `id` = 36 LIMIT 1   [ RunTime:0.0003s ]
INFO: [ app_end ] --START--
INFO: Run Behavior\ShowPageTraceBehavior [ RunTime:0.001148s ]
INFO: [ app_end ] --END-- [ RunTime:0.001322s ]

[ 2018-03-20T18:14:08+08:00 ] ::1 /www.39.com/index.php/Home/Member/ajaxChkLogin.html
INFO: [ app_begin ] --START--
INFO: Run Behavior\ReadHtmlCacheBehavior [ RunTime:0.001989s ]
INFO: [ app_begin ] --END-- [ RunTime:0.006472s ]
INFO: [ app_end ] --START--
INFO: Run Behavior\ShowPageTraceBehavior [ RunTime:0.002728s ]
INFO: [ app_end ] --END-- [ RunTime:0.002903s ]

[ 2018-03-20T18:14:11+08:00 ] ::1 /www.39.com/index.php/Home/Member/ajaxChkLogin.html
INFO: [ app_begin ] --START--
INFO: Run Behavior\ReadHtmlCacheBehavior [ RunTime:0.003808s ]
INFO: [ app_begin ] --END-- [ RunTime:0.006990s ]
INFO: [ app_end ] --START--
INFO: Run Behavior\ShowPageTraceBehavior [ RunTime:0.002256s ]
INFO: [ app_end ] --END-- [ RunTime:0.002831s ]

[ 2018-03-20T18:59:09+08:00 ] ::1 /www.39.com/index.php/Home/Index/displayHistory/id/36.html
INFO: [ app_begin ] --START--
INFO: Run Behavior\ReadHtmlCacheBehavior [ RunTime:0.002385s ]
INFO: [ app_begin ] --END-- [ RunTime:0.004199s ]
SQL: SHOW COLUMNS FROM `p39_category` [ RunTime:0.0223s ]
SQL: SHOW COLUMNS FROM `p39_goods` [ RunTime:0.0150s ]
ERR: 1064:Erreur de syntaxe près de ')' à la ligne 1
 [ SQL语句 ] : SELECT `id`,`mid_logo`,`goods_name` FROM `p39_goods` WHERE `id` IN ('36','33','35','29','32','') AND `is_on_sale` = '是' ORDER BY FIELD(id,36,33,35,29,32,) 
ERR: 1064:Erreur de syntaxe près de ')' à la ligne 1
 [ SQL语句 ] : SELECT `id`,`mid_logo`,`goods_name` FROM `p39_goods` WHERE `id` IN ('36','33','35','29','32','') AND `is_on_sale` = '是' ORDER BY FIELD(id,36,33,35,29,32,) 

[ 2018-03-20T18:59:09+08:00 ] ::1 /www.39.com/index.php/Home/Index/ajaxGetMemberPrice/goods_id/36.html
INFO: [ app_begin ] --START--
INFO: Run Behavior\ReadHtmlCacheBehavior [ RunTime:0.003252s ]
INFO: [ app_begin ] --END-- [ RunTime:0.004935s ]
SQL: SHOW COLUMNS FROM `p39_category` [ RunTime:0.0182s ]
SQL: SHOW COLUMNS FROM `p39_goods` [ RunTime:0.2389s ]
SQL: SELECT `promote_price` FROM `p39_goods` WHERE `promote_price` > 0 AND `promote_start_date` <= '2018-03-20 18:59' AND `promote_end_date` >= '2018-03-20 18:59' LIMIT 1   [ RunTime:0.0004s ]
SQL: SELECT `shop_price` FROM `p39_goods` WHERE `id` = 36 LIMIT 1   [ RunTime:0.0004s ]
INFO: [ app_end ] --START--
INFO: Run Behavior\ShowPageTraceBehavior [ RunTime:0.001726s ]
INFO: [ app_end ] --END-- [ RunTime:0.001898s ]

[ 2018-03-20T18:59:09+08:00 ] ::1 /www.39.com/index.php/Home/Member/ajaxChkLogin.html
INFO: [ app_begin ] --START--
INFO: Run Behavior\ReadHtmlCacheBehavior [ RunTime:0.003537s ]
INFO: [ app_begin ] --END-- [ RunTime:0.005460s ]
INFO: [ app_end ] --START--
INFO: Run Behavior\ShowPageTraceBehavior [ RunTime:0.002080s ]
INFO: [ app_end ] --END-- [ RunTime:0.002216s ]

[ 2018-03-20T19:36:16+08:00 ] ::1 /www.39.com/index.php/Home/Index/displayHistory/id/36.html
INFO: [ app_begin ] --START--
INFO: Run Behavior\ReadHtmlCacheBehavior [ RunTime:0.003772s ]
INFO: [ app_begin ] --END-- [ RunTime:0.005170s ]
SQL: SHOW COLUMNS FROM `p39_category` [ RunTime:0.0147s ]
SQL: SHOW COLUMNS FROM `p39_goods` [ RunTime:0.0163s ]
ERR: 1064:Erreur de syntaxe près de ')' à la ligne 1
 [ SQL语句 ] : SELECT `id`,`mid_logo`,`goods_name` FROM `p39_goods` WHERE `id` IN ('36','33','35','29','32','') AND `is_on_sale` = '是' ORDER BY FIELD(id,36,33,35,29,32,) 
ERR: 1064:Erreur de syntaxe près de ')' à la ligne 1
 [ SQL语句 ] : SELECT `id`,`mid_logo`,`goods_name` FROM `p39_goods` WHERE `id` IN ('36','33','35','29','32','') AND `is_on_sale` = '是' ORDER BY FIELD(id,36,33,35,29,32,) 

[ 2018-03-20T19:36:16+08:00 ] ::1 /www.39.com/index.php/Home/Member/ajaxChkLogin.html
INFO: [ app_begin ] --START--
INFO: Run Behavior\ReadHtmlCacheBehavior [ RunTime:0.002437s ]
INFO: [ app_begin ] --END-- [ RunTime:0.003642s ]
INFO: [ app_end ] --START--
INFO: Run Behavior\ShowPageTraceBehavior [ RunTime:0.003599s ]
INFO: [ app_end ] --END-- [ RunTime:0.004184s ]

[ 2018-03-20T19:36:16+08:00 ] ::1 /www.39.com/index.php/Home/Index/ajaxGetMemberPrice/goods_id/36.html
INFO: [ app_begin ] --START--
INFO: Run Behavior\ReadHtmlCacheBehavior [ RunTime:0.002044s ]
INFO: [ app_begin ] --END-- [ RunTime:0.003285s ]
SQL: SHOW COLUMNS FROM `p39_category` [ RunTime:0.0107s ]
SQL: SHOW COLUMNS FROM `p39_goods` [ RunTime:0.0104s ]
SQL: SELECT `promote_price` FROM `p39_goods` WHERE `promote_price` > 0 AND `promote_start_date` <= '2018-03-20 19:36' AND `promote_end_date` >= '2018-03-20 19:36' LIMIT 1   [ RunTime:0.0004s ]
SQL: SELECT `shop_price` FROM `p39_goods` WHERE `id` = 36 LIMIT 1   [ RunTime:0.0002s ]
INFO: [ app_end ] --START--
INFO: Run Behavior\ShowPageTraceBehavior [ RunTime:0.001273s ]
INFO: [ app_end ] --END-- [ RunTime:0.001407s ]

[ 2018-03-20T19:36:19+08:00 ] ::1 /www.39.com/index.php/Home/Index/displayHistory/id/36.html
INFO: [ app_begin ] --START--
INFO: Run Behavior\ReadHtmlCacheBehavior [ RunTime:0.003181s ]
INFO: [ app_begin ] --END-- [ RunTime:0.004443s ]
SQL: SHOW COLUMNS FROM `p39_category` [ RunTime:0.0123s ]
SQL: SHOW COLUMNS FROM `p39_goods` [ RunTime:0.0106s ]
ERR: 1064:Erreur de syntaxe près de ')' à la ligne 1
 [ SQL语句 ] : SELECT `id`,`mid_logo`,`goods_name` FROM `p39_goods` WHERE `id` IN ('36','33','35','29','32','') AND `is_on_sale` = '是' ORDER BY FIELD(id,36,33,35,29,32,) 
ERR: 1064:Erreur de syntaxe près de ')' à la ligne 1
 [ SQL语句 ] : SELECT `id`,`mid_logo`,`goods_name` FROM `p39_goods` WHERE `id` IN ('36','33','35','29','32','') AND `is_on_sale` = '是' ORDER BY FIELD(id,36,33,35,29,32,) 

[ 2018-03-20T19:36:19+08:00 ] ::1 /www.39.com/index.php/Home/Member/ajaxChkLogin.html
INFO: [ app_begin ] --START--
INFO: Run Behavior\ReadHtmlCacheBehavior [ RunTime:0.002992s ]
INFO: [ app_begin ] --END-- [ RunTime:0.006103s ]
INFO: [ app_end ] --START--
INFO: Run Behavior\ShowPageTraceBehavior [ RunTime:0.002679s ]
INFO: [ app_end ] --END-- [ RunTime:0.002917s ]

[ 2018-03-20T19:36:19+08:00 ] ::1 /www.39.com/index.php/Home/Index/ajaxGetMemberPrice/goods_id/36.html
INFO: [ app_begin ] --START--
INFO: Run Behavior\ReadHtmlCacheBehavior [ RunTime:0.002737s ]
INFO: [ app_begin ] --END-- [ RunTime:0.005129s ]
SQL: SHOW COLUMNS FROM `p39_category` [ RunTime:0.0114s ]
SQL: SHOW COLUMNS FROM `p39_goods` [ RunTime:0.0117s ]
SQL: SELECT `promote_price` FROM `p39_goods` WHERE `promote_price` > 0 AND `promote_start_date` <= '2018-03-20 19:36' AND `promote_end_date` >= '2018-03-20 19:36' LIMIT 1   [ RunTime:0.0004s ]
SQL: SELECT `shop_price` FROM `p39_goods` WHERE `id` = 36 LIMIT 1   [ RunTime:0.0003s ]
INFO: [ app_end ] --START--
INFO: Run Behavior\ShowPageTraceBehavior [ RunTime:0.001339s ]
INFO: [ app_end ] --END-- [ RunTime:0.001463s ]

[ 2018-03-20T19:36:21+08:00 ] ::1 /www.39.com/index.php/Home/Member/ajaxChkLogin.html
INFO: [ app_begin ] --START--
INFO: Run Behavior\ReadHtmlCacheBehavior [ RunTime:0.001591s ]
INFO: [ app_begin ] --END-- [ RunTime:0.002707s ]
INFO: [ app_end ] --START--
INFO: Run Behavior\ShowPageTraceBehavior [ RunTime:0.001642s ]
INFO: [ app_end ] --END-- [ RunTime:0.001830s ]

[ 2018-03-20T19:36:23+08:00 ] ::1 /www.39.com/index.php/Home/Index/displayHistory/id/36.html
INFO: [ app_begin ] --START--
INFO: Run Behavior\ReadHtmlCacheBehavior [ RunTime:0.009011s ]
INFO: [ app_begin ] --END-- [ RunTime:0.010198s ]
SQL: SHOW COLUMNS FROM `p39_category` [ RunTime:0.0145s ]
SQL: SHOW COLUMNS FROM `p39_goods` [ RunTime:0.0364s ]
ERR: 1064:Erreur de syntaxe près de ')' à la ligne 1
 [ SQL语句 ] : SELECT `id`,`mid_logo`,`goods_name` FROM `p39_goods` WHERE `id` IN ('36','33','35','29','32','') AND `is_on_sale` = '是' ORDER BY FIELD(id,36,33,35,29,32,) 
ERR: 1064:Erreur de syntaxe près de ')' à la ligne 1
 [ SQL语句 ] : SELECT `id`,`mid_logo`,`goods_name` FROM `p39_goods` WHERE `id` IN ('36','33','35','29','32','') AND `is_on_sale` = '是' ORDER BY FIELD(id,36,33,35,29,32,) 

[ 2018-03-20T19:36:23+08:00 ] ::1 /www.39.com/index.php/Home/Member/ajaxChkLogin.html
INFO: [ app_begin ] --START--
INFO: Run Behavior\ReadHtmlCacheBehavior [ RunTime:0.031931s ]
INFO: [ app_begin ] --END-- [ RunTime:0.033599s ]
INFO: [ app_end ] --START--
INFO: Run Behavior\ShowPageTraceBehavior [ RunTime:0.002301s ]
INFO: [ app_end ] --END-- [ RunTime:0.002540s ]

[ 2018-03-20T19:36:23+08:00 ] ::1 /www.39.com/index.php/Home/Index/ajaxGetMemberPrice/goods_id/36.html
INFO: [ app_begin ] --START--
INFO: Run Behavior\ReadHtmlCacheBehavior [ RunTime:0.017269s ]
INFO: [ app_begin ] --END-- [ RunTime:0.031966s ]
SQL: SHOW COLUMNS FROM `p39_category` [ RunTime:0.0144s ]
SQL: SHOW COLUMNS FROM `p39_goods` [ RunTime:0.0143s ]
SQL: SELECT `promote_price` FROM `p39_goods` WHERE `promote_price` > 0 AND `promote_start_date` <= '2018-03-20 19:36' AND `promote_end_date` >= '2018-03-20 19:36' LIMIT 1   [ RunTime:0.0004s ]
SQL: SELECT `shop_price` FROM `p39_goods` WHERE `id` = 36 LIMIT 1   [ RunTime:0.0004s ]
INFO: [ app_end ] --START--
INFO: Run Behavior\ShowPageTraceBehavior [ RunTime:0.001962s ]
INFO: [ app_end ] --END-- [ RunTime:0.002106s ]

[ 2018-03-20T19:36:32+08:00 ] ::1 /www.39.com/index.php/Home/Index/displayHistory/id/36.html
INFO: [ app_begin ] --START--
INFO: Run Behavior\ReadHtmlCacheBehavior [ RunTime:0.002303s ]
INFO: [ app_begin ] --END-- [ RunTime:0.003398s ]
SQL: SHOW COLUMNS FROM `p39_category` [ RunTime:0.0102s ]
SQL: SHOW COLUMNS FROM `p39_goods` [ RunTime:0.0127s ]
ERR: 1064:Erreur de syntaxe près de ')' à la ligne 1
 [ SQL语句 ] : SELECT `id`,`mid_logo`,`goods_name` FROM `p39_goods` WHERE `id` IN ('36','33','35','29','32','') AND `is_on_sale` = '是' ORDER BY FIELD(id,36,33,35,29,32,) 
ERR: 1064:Erreur de syntaxe près de ')' à la ligne 1
 [ SQL语句 ] : SELECT `id`,`mid_logo`,`goods_name` FROM `p39_goods` WHERE `id` IN ('36','33','35','29','32','') AND `is_on_sale` = '是' ORDER BY FIELD(id,36,33,35,29,32,) 

[ 2018-03-20T19:36:33+08:00 ] ::1 /www.39.com/index.php/Home/Index/ajaxGetMemberPrice/goods_id/36.html
INFO: [ app_begin ] --START--
INFO: Run Behavior\ReadHtmlCacheBehavior [ RunTime:0.001721s ]
INFO: [ app_begin ] --END-- [ RunTime:0.003019s ]
SQL: SHOW COLUMNS FROM `p39_category` [ RunTime:0.0094s ]
SQL: SHOW COLUMNS FROM `p39_goods` [ RunTime:0.0084s ]
SQL: SELECT `promote_price` FROM `p39_goods` WHERE `promote_price` > 0 AND `promote_start_date` <= '2018-03-20 19:36' AND `promote_end_date` >= '2018-03-20 19:36' LIMIT 1   [ RunTime:0.0007s ]
SQL: SELECT `shop_price` FROM `p39_goods` WHERE `id` = 36 LIMIT 1   [ RunTime:0.0003s ]
INFO: [ app_end ] --START--
INFO: Run Behavior\ShowPageTraceBehavior [ RunTime:0.001281s ]
INFO: [ app_end ] --END-- [ RunTime:0.001411s ]

[ 2018-03-20T19:36:33+08:00 ] ::1 /www.39.com/index.php/Home/Member/ajaxChkLogin.html
INFO: [ app_begin ] --START--
INFO: Run Behavior\ReadHtmlCacheBehavior [ RunTime:0.002353s ]
INFO: [ app_begin ] --END-- [ RunTime:0.003583s ]
INFO: [ app_end ] --START--
INFO: Run Behavior\ShowPageTraceBehavior [ RunTime:0.002284s ]
INFO: [ app_end ] --END-- [ RunTime:0.002454s ]

[ 2018-03-20T19:36:44+08:00 ] ::1 /www.39.com/index.php/Home/Index/displayHistory/id/36.html
INFO: [ app_begin ] --START--
INFO: Run Behavior\ReadHtmlCacheBehavior [ RunTime:0.002492s ]
INFO: [ app_begin ] --END-- [ RunTime:0.003652s ]
SQL: SHOW COLUMNS FROM `p39_category` [ RunTime:0.0516s ]
SQL: SHOW COLUMNS FROM `p39_goods` [ RunTime:0.0085s ]
ERR: 1064:Erreur de syntaxe près de ')' à la ligne 1
 [ SQL语句 ] : SELECT `id`,`mid_logo`,`goods_name` FROM `p39_goods` WHERE `id` IN ('36','33','35','29','32','') AND `is_on_sale` = '是' ORDER BY FIELD(id,36,33,35,29,32,) 
ERR: 1064:Erreur de syntaxe près de ')' à la ligne 1
 [ SQL语句 ] : SELECT `id`,`mid_logo`,`goods_name` FROM `p39_goods` WHERE `id` IN ('36','33','35','29','32','') AND `is_on_sale` = '是' ORDER BY FIELD(id,36,33,35,29,32,) 

[ 2018-03-20T19:36:44+08:00 ] ::1 /www.39.com/index.php/Home/Index/ajaxGetMemberPrice/goods_id/36.html
INFO: [ app_begin ] --START--
INFO: Run Behavior\ReadHtmlCacheBehavior [ RunTime:0.002524s ]
INFO: [ app_begin ] --END-- [ RunTime:0.005316s ]
SQL: SHOW COLUMNS FROM `p39_category` [ RunTime:0.0095s ]
SQL: SHOW COLUMNS FROM `p39_goods` [ RunTime:0.0084s ]
SQL: SELECT `promote_price` FROM `p39_goods` WHERE `promote_price` > 0 AND `promote_start_date` <= '2018-03-20 19:36' AND `promote_end_date` >= '2018-03-20 19:36' LIMIT 1   [ RunTime:0.0004s ]
SQL: SELECT `shop_price` FROM `p39_goods` WHERE `id` = 36 LIMIT 1   [ RunTime:0.0003s ]
INFO: [ app_end ] --START--
INFO: Run Behavior\ShowPageTraceBehavior [ RunTime:0.001201s ]
INFO: [ app_end ] --END-- [ RunTime:0.001320s ]

[ 2018-03-20T19:36:44+08:00 ] ::1 /www.39.com/index.php/Home/Member/ajaxChkLogin.html
INFO: [ app_begin ] --START--
INFO: Run Behavior\ReadHtmlCacheBehavior [ RunTime:0.002546s ]
INFO: [ app_begin ] --END-- [ RunTime:0.003426s ]
INFO: [ app_end ] --START--
INFO: Run Behavior\ShowPageTraceBehavior [ RunTime:0.003545s ]
INFO: [ app_end ] --END-- [ RunTime:0.003737s ]

[ 2018-03-20T19:54:49+08:00 ] ::1 /www.39.com/index.php/Home/Index/ajaxGetMemberPrice/goods_id/36.html
INFO: [ app_begin ] --START--
INFO: Run Behavior\ReadHtmlCacheBehavior [ RunTime:0.003252s ]
INFO: [ app_begin ] --END-- [ RunTime:0.004785s ]
SQL: SHOW COLUMNS FROM `p39_category` [ RunTime:0.0137s ]
SQL: SHOW COLUMNS FROM `p39_goods` [ RunTime:0.0148s ]
SQL: SELECT `promote_price` FROM `p39_goods` WHERE `promote_price` > 0 AND `promote_start_date` <= '2018-03-20 19:54' AND `promote_end_date` >= '2018-03-20 19:54' LIMIT 1   [ RunTime:0.0005s ]
SQL: SELECT `shop_price` FROM `p39_goods` WHERE `id` = 36 LIMIT 1   [ RunTime:0.0004s ]
INFO: [ app_end ] --START--
INFO: Run Behavior\ShowPageTraceBehavior [ RunTime:0.002399s ]
INFO: [ app_end ] --END-- [ RunTime:0.002612s ]

[ 2018-03-20T19:54:49+08:00 ] ::1 /www.39.com/index.php/Home/Index/displayHistory/id/36.html
INFO: [ app_begin ] --START--
INFO: Run Behavior\ReadHtmlCacheBehavior [ RunTime:0.003367s ]
INFO: [ app_begin ] --END-- [ RunTime:0.004695s ]
SQL: SHOW COLUMNS FROM `p39_category` [ RunTime:0.0102s ]
SQL: SHOW COLUMNS FROM `p39_goods` [ RunTime:0.0098s ]
ERR: 1064:Erreur de syntaxe près de ')' à la ligne 1
 [ SQL语句 ] : SELECT `id`,`mid_logo`,`goods_name` FROM `p39_goods` WHERE `id` IN ('36','33','35','29','32','') AND `is_on_sale` = '是' ORDER BY FIELD(id,36,33,35,29,32,) 
ERR: 1064:Erreur de syntaxe près de ')' à la ligne 1
 [ SQL语句 ] : SELECT `id`,`mid_logo`,`goods_name` FROM `p39_goods` WHERE `id` IN ('36','33','35','29','32','') AND `is_on_sale` = '是' ORDER BY FIELD(id,36,33,35,29,32,) 

[ 2018-03-20T19:54:49+08:00 ] ::1 /www.39.com/index.php/Home/Member/ajaxChkLogin.html
INFO: [ app_begin ] --START--
INFO: Run Behavior\ReadHtmlCacheBehavior [ RunTime:0.003262s ]
INFO: [ app_begin ] --END-- [ RunTime:0.004764s ]
INFO: [ app_end ] --START--
INFO: Run Behavior\ShowPageTraceBehavior [ RunTime:0.002875s ]
INFO: [ app_end ] --END-- [ RunTime:0.003043s ]

[ 2018-03-20T19:54:54+08:00 ] ::1 /www.39.com/index.php/Home/Index/displayHistory/id/36.html
INFO: [ app_begin ] --START--
INFO: Run Behavior\ReadHtmlCacheBehavior [ RunTime:0.002298s ]
INFO: [ app_begin ] --END-- [ RunTime:0.003472s ]
SQL: SHOW COLUMNS FROM `p39_category` [ RunTime:0.0106s ]
SQL: SHOW COLUMNS FROM `p39_goods` [ RunTime:0.0379s ]
ERR: 1064:Erreur de syntaxe près de ')' à la ligne 1
 [ SQL语句 ] : SELECT `id`,`mid_logo`,`goods_name` FROM `p39_goods` WHERE `id` IN ('36','33','35','29','32','') AND `is_on_sale` = '是' ORDER BY FIELD(id,36,33,35,29,32,) 
ERR: 1064:Erreur de syntaxe près de ')' à la ligne 1
 [ SQL语句 ] : SELECT `id`,`mid_logo`,`goods_name` FROM `p39_goods` WHERE `id` IN ('36','33','35','29','32','') AND `is_on_sale` = '是' ORDER BY FIELD(id,36,33,35,29,32,) 

[ 2018-03-20T19:54:54+08:00 ] ::1 /www.39.com/index.php/Home/Member/ajaxChkLogin.html
INFO: [ app_begin ] --START--
INFO: Run Behavior\ReadHtmlCacheBehavior [ RunTime:0.002141s ]
INFO: [ app_begin ] --END-- [ RunTime:0.003398s ]
INFO: [ app_end ] --START--
INFO: Run Behavior\ShowPageTraceBehavior [ RunTime:0.001524s ]
INFO: [ app_end ] --END-- [ RunTime:0.001659s ]

[ 2018-03-20T19:54:55+08:00 ] ::1 /www.39.com/index.php/Home/Index/ajaxGetMemberPrice/goods_id/36.html
INFO: [ app_begin ] --START--
INFO: Run Behavior\ReadHtmlCacheBehavior [ RunTime:0.002377s ]
INFO: [ app_begin ] --END-- [ RunTime:0.003622s ]
SQL: SHOW COLUMNS FROM `p39_category` [ RunTime:0.0089s ]
SQL: SHOW COLUMNS FROM `p39_goods` [ RunTime:0.0078s ]
SQL: SELECT `promote_price` FROM `p39_goods` WHERE `promote_price` > 0 AND `promote_start_date` <= '2018-03-20 19:54' AND `promote_end_date` >= '2018-03-20 19:54' LIMIT 1   [ RunTime:0.0005s ]
SQL: SELECT `shop_price` FROM `p39_goods` WHERE `id` = 36 LIMIT 1   [ RunTime:0.0002s ]
INFO: [ app_end ] --START--
INFO: Run Behavior\ShowPageTraceBehavior [ RunTime:0.001232s ]
INFO: [ app_end ] --END-- [ RunTime:0.001374s ]

[ 2018-03-20T19:54:59+08:00 ] ::1 /www.39.com/index.php/Home/Member/ajaxChkLogin.html
INFO: [ app_begin ] --START--
INFO: Run Behavior\ReadHtmlCacheBehavior [ RunTime:0.002090s ]
INFO: [ app_begin ] --END-- [ RunTime:0.003398s ]
INFO: [ app_end ] --START--
INFO: Run Behavior\ShowPageTraceBehavior [ RunTime:0.005797s ]
INFO: [ app_end ] --END-- [ RunTime:0.006007s ]

[ 2018-03-20T19:55:08+08:00 ] ::1 /www.39.com/index.php/Home/Index/ajaxGetMemberPrice/goods_id/36.html
INFO: [ app_begin ] --START--
INFO: Run Behavior\ReadHtmlCacheBehavior [ RunTime:0.002173s ]
INFO: [ app_begin ] --END-- [ RunTime:0.003596s ]
SQL: SHOW COLUMNS FROM `p39_category` [ RunTime:0.0493s ]
SQL: SHOW COLUMNS FROM `p39_goods` [ RunTime:0.0121s ]
SQL: SELECT `promote_price` FROM `p39_goods` WHERE `promote_price` > 0 AND `promote_start_date` <= '2018-03-20 19:55' AND `promote_end_date` >= '2018-03-20 19:55' LIMIT 1   [ RunTime:0.0005s ]
SQL: SELECT `shop_price` FROM `p39_goods` WHERE `id` = 36 LIMIT 1   [ RunTime:0.0010s ]
INFO: [ app_end ] --START--
INFO: Run Behavior\ShowPageTraceBehavior [ RunTime:0.002157s ]
INFO: [ app_end ] --END-- [ RunTime:0.002359s ]

[ 2018-03-20T19:55:08+08:00 ] ::1 /www.39.com/index.php/Home/Member/ajaxChkLogin.html
INFO: [ app_begin ] --START--
INFO: Run Behavior\ReadHtmlCacheBehavior [ RunTime:0.002594s ]
INFO: [ app_begin ] --END-- [ RunTime:0.004194s ]
INFO: [ app_end ] --START--
INFO: Run Behavior\ShowPageTraceBehavior [ RunTime:0.001541s ]
INFO: [ app_end ] --END-- [ RunTime:0.001828s ]

[ 2018-03-20T19:55:08+08:00 ] ::1 /www.39.com/index.php/Home/Index/displayHistory/id/36.html
INFO: [ app_begin ] --START--
INFO: Run Behavior\ReadHtmlCacheBehavior [ RunTime:0.006810s ]
INFO: [ app_begin ] --END-- [ RunTime:0.009521s ]
SQL: SHOW COLUMNS FROM `p39_category` [ RunTime:0.0080s ]
SQL: SHOW COLUMNS FROM `p39_goods` [ RunTime:0.0096s ]
ERR: 1064:Erreur de syntaxe près de ')' à la ligne 1
 [ SQL语句 ] : SELECT `id`,`mid_logo`,`goods_name` FROM `p39_goods` WHERE `id` IN ('36','33','35','29','32','') AND `is_on_sale` = '是' ORDER BY FIELD(id,36,33,35,29,32,) 
ERR: 1064:Erreur de syntaxe près de ')' à la ligne 1
 [ SQL语句 ] : SELECT `id`,`mid_logo`,`goods_name` FROM `p39_goods` WHERE `id` IN ('36','33','35','29','32','') AND `is_on_sale` = '是' ORDER BY FIELD(id,36,33,35,29,32,) 

[ 2018-03-20T19:55:12+08:00 ] ::1 /www.39.com/index.php/Home/Index/displayHistory/id/36.html
INFO: [ app_begin ] --START--
INFO: Run Behavior\ReadHtmlCacheBehavior [ RunTime:0.004024s ]
INFO: [ app_begin ] --END-- [ RunTime:0.005395s ]
SQL: SHOW COLUMNS FROM `p39_category` [ RunTime:0.0152s ]
SQL: SHOW COLUMNS FROM `p39_goods` [ RunTime:0.0117s ]
ERR: 1064:Erreur de syntaxe près de ')' à la ligne 1
 [ SQL语句 ] : SELECT `id`,`mid_logo`,`goods_name` FROM `p39_goods` WHERE `id` IN ('36','33','35','29','32','') AND `is_on_sale` = '是' ORDER BY FIELD(id,36,33,35,29,32,) 
ERR: 1064:Erreur de syntaxe près de ')' à la ligne 1
 [ SQL语句 ] : SELECT `id`,`mid_logo`,`goods_name` FROM `p39_goods` WHERE `id` IN ('36','33','35','29','32','') AND `is_on_sale` = '是' ORDER BY FIELD(id,36,33,35,29,32,) 

[ 2018-03-20T19:55:12+08:00 ] ::1 /www.39.com/index.php/Home/Index/ajaxGetMemberPrice/goods_id/36.html
INFO: [ app_begin ] --START--
INFO: Run Behavior\ReadHtmlCacheBehavior [ RunTime:0.003159s ]
INFO: [ app_begin ] --END-- [ RunTime:0.004740s ]
SQL: SHOW COLUMNS FROM `p39_category` [ RunTime:0.0110s ]
SQL: SHOW COLUMNS FROM `p39_goods` [ RunTime:0.0099s ]
SQL: SELECT `promote_price` FROM `p39_goods` WHERE `promote_price` > 0 AND `promote_start_date` <= '2018-03-20 19:55' AND `promote_end_date` >= '2018-03-20 19:55' LIMIT 1   [ RunTime:0.0003s ]
SQL: SELECT `shop_price` FROM `p39_goods` WHERE `id` = 36 LIMIT 1   [ RunTime:0.0003s ]
INFO: [ app_end ] --START--
INFO: Run Behavior\ShowPageTraceBehavior [ RunTime:0.001491s ]
INFO: [ app_end ] --END-- [ RunTime:0.001630s ]

[ 2018-03-20T19:55:12+08:00 ] ::1 /www.39.com/index.php/Home/Member/ajaxChkLogin.html
INFO: [ app_begin ] --START--
INFO: Run Behavior\ReadHtmlCacheBehavior [ RunTime:0.001906s ]
INFO: [ app_begin ] --END-- [ RunTime:0.003334s ]
INFO: [ app_end ] --START--
INFO: Run Behavior\ShowPageTraceBehavior [ RunTime:0.002157s ]
INFO: [ app_end ] --END-- [ RunTime:0.002373s ]

[ 2018-03-20T20:02:50+08:00 ] ::1 /www.39.com/index.php/Home/Member/ajaxChkLogin.html
INFO: [ app_begin ] --START--
INFO: Run Behavior\ReadHtmlCacheBehavior [ RunTime:0.002698s ]
INFO: [ app_begin ] --END-- [ RunTime:0.004157s ]
INFO: [ app_end ] --START--
INFO: Run Behavior\ShowPageTraceBehavior [ RunTime:0.005905s ]
INFO: [ app_end ] --END-- [ RunTime:0.006141s ]

[ 2018-03-20T20:02:52+08:00 ] ::1 /www.39.com/index.php/Home/Index/displayHistory/id/36.html
INFO: [ app_begin ] --START--
INFO: Run Behavior\ReadHtmlCacheBehavior [ RunTime:0.002971s ]
INFO: [ app_begin ] --END-- [ RunTime:0.004284s ]
SQL: SHOW COLUMNS FROM `p39_category` [ RunTime:0.1444s ]
SQL: SHOW COLUMNS FROM `p39_goods` [ RunTime:0.0092s ]
ERR: 1064:Erreur de syntaxe près de ')' à la ligne 1
 [ SQL语句 ] : SELECT `id`,`mid_logo`,`goods_name` FROM `p39_goods` WHERE `id` IN ('36','33','35','29','32','') AND `is_on_sale` = '是' ORDER BY FIELD(id,36,33,35,29,32,) 
ERR: 1064:Erreur de syntaxe près de ')' à la ligne 1
 [ SQL语句 ] : SELECT `id`,`mid_logo`,`goods_name` FROM `p39_goods` WHERE `id` IN ('36','33','35','29','32','') AND `is_on_sale` = '是' ORDER BY FIELD(id,36,33,35,29,32,) 

[ 2018-03-20T20:02:52+08:00 ] ::1 /www.39.com/index.php/Home/Index/ajaxGetMemberPrice/goods_id/36.html
INFO: [ app_begin ] --START--
INFO: Run Behavior\ReadHtmlCacheBehavior [ RunTime:0.003768s ]
INFO: [ app_begin ] --END-- [ RunTime:0.010069s ]
SQL: SHOW COLUMNS FROM `p39_category` [ RunTime:0.0079s ]
SQL: SHOW COLUMNS FROM `p39_goods` [ RunTime:0.0093s ]
SQL: SELECT `promote_price` FROM `p39_goods` WHERE `promote_price` > 0 AND `promote_start_date` <= '2018-03-20 20:02' AND `promote_end_date` >= '2018-03-20 20:02' LIMIT 1   [ RunTime:0.0004s ]
SQL: SELECT `shop_price` FROM `p39_goods` WHERE `id` = 36 LIMIT 1   [ RunTime:0.0003s ]
INFO: [ app_end ] --START--
INFO: Run Behavior\ShowPageTraceBehavior [ RunTime:0.001458s ]
INFO: [ app_end ] --END-- [ RunTime:0.001579s ]

[ 2018-03-20T20:02:52+08:00 ] ::1 /www.39.com/index.php/Home/Member/ajaxChkLogin.html
INFO: [ app_begin ] --START--
INFO: Run Behavior\ReadHtmlCacheBehavior [ RunTime:0.001198s ]
INFO: [ app_begin ] --END-- [ RunTime:0.002019s ]
INFO: [ app_end ] --START--
INFO: Run Behavior\ShowPageTraceBehavior [ RunTime:0.001765s ]
INFO: [ app_end ] --END-- [ RunTime:0.002328s ]

[ 2018-03-20T20:03:51+08:00 ] ::1 /www.39.com/index.php/Home/Member/ajaxChkLogin.html
INFO: [ app_begin ] --START--
INFO: Run Behavior\ReadHtmlCacheBehavior [ RunTime:0.003602s ]
INFO: [ app_begin ] --END-- [ RunTime:0.004973s ]
INFO: [ app_end ] --START--
INFO: Run Behavior\ShowPageTraceBehavior [ RunTime:0.001349s ]
INFO: [ app_end ] --END-- [ RunTime:0.001590s ]

[ 2018-03-20T20:03:53+08:00 ] ::1 /www.39.com/index.php/Home/Index/displayHistory/id/36.html
INFO: [ app_begin ] --START--
INFO: Run Behavior\ReadHtmlCacheBehavior [ RunTime:0.006625s ]
INFO: [ app_begin ] --END-- [ RunTime:0.013977s ]
SQL: SHOW COLUMNS FROM `p39_category` [ RunTime:0.0307s ]
SQL: SHOW COLUMNS FROM `p39_goods` [ RunTime:0.0157s ]
ERR: 1064:Erreur de syntaxe près de ')' à la ligne 1
 [ SQL语句 ] : SELECT `id`,`mid_logo`,`goods_name` FROM `p39_goods` WHERE `id` IN ('36','33','35','29','32','') AND `is_on_sale` = '是' ORDER BY FIELD(id,36,33,35,29,32,) 
ERR: 1064:Erreur de syntaxe près de ')' à la ligne 1
 [ SQL语句 ] : SELECT `id`,`mid_logo`,`goods_name` FROM `p39_goods` WHERE `id` IN ('36','33','35','29','32','') AND `is_on_sale` = '是' ORDER BY FIELD(id,36,33,35,29,32,) 

[ 2018-03-20T20:03:53+08:00 ] ::1 /www.39.com/index.php/Home/Member/ajaxChkLogin.html
INFO: [ app_begin ] --START--
INFO: Run Behavior\ReadHtmlCacheBehavior [ RunTime:0.002222s ]
INFO: [ app_begin ] --END-- [ RunTime:0.003549s ]
INFO: [ app_end ] --START--
INFO: Run Behavior\ShowPageTraceBehavior [ RunTime:0.001844s ]
INFO: [ app_end ] --END-- [ RunTime:0.001981s ]

[ 2018-03-20T20:03:53+08:00 ] ::1 /www.39.com/index.php/Home/Index/ajaxGetMemberPrice/goods_id/36.html
INFO: [ app_begin ] --START--
INFO: Run Behavior\ReadHtmlCacheBehavior [ RunTime:0.002007s ]
INFO: [ app_begin ] --END-- [ RunTime:0.003268s ]
SQL: SHOW COLUMNS FROM `p39_category` [ RunTime:0.0106s ]
SQL: SHOW COLUMNS FROM `p39_goods` [ RunTime:0.0094s ]
SQL: SELECT `promote_price` FROM `p39_goods` WHERE `promote_price` > 0 AND `promote_start_date` <= '2018-03-20 20:03' AND `promote_end_date` >= '2018-03-20 20:03' LIMIT 1   [ RunTime:0.0005s ]
SQL: SELECT `shop_price` FROM `p39_goods` WHERE `id` = 36 LIMIT 1   [ RunTime:0.0003s ]
INFO: [ app_end ] --START--
INFO: Run Behavior\ShowPageTraceBehavior [ RunTime:0.001358s ]
INFO: [ app_end ] --END-- [ RunTime:0.001486s ]

[ 2018-03-20T20:04:15+08:00 ] ::1 /www.39.com/index.php/Home/Member/ajaxChkLogin.html
INFO: [ app_begin ] --START--
INFO: Run Behavior\ReadHtmlCacheBehavior [ RunTime:0.003693s ]
INFO: [ app_begin ] --END-- [ RunTime:0.005432s ]
INFO: [ app_end ] --START--
INFO: Run Behavior\ShowPageTraceBehavior [ RunTime:0.004093s ]
INFO: [ app_end ] --END-- [ RunTime:0.004325s ]

[ 2018-03-20T20:04:16+08:00 ] ::1 /www.39.com/index.php/Home/Member/ajaxChkLogin.html
INFO: [ app_begin ] --START--
INFO: Run Behavior\ReadHtmlCacheBehavior [ RunTime:0.001929s ]
INFO: [ app_begin ] --END-- [ RunTime:0.003024s ]
INFO: [ app_end ] --START--
INFO: Run Behavior\ShowPageTraceBehavior [ RunTime:0.002758s ]
INFO: [ app_end ] --END-- [ RunTime:0.002989s ]

[ 2018-03-20T20:04:17+08:00 ] ::1 /www.39.com/index.php/Home/Index/ajaxGetMemberPrice/goods_id/36.html
INFO: [ app_begin ] --START--
INFO: Run Behavior\ReadHtmlCacheBehavior [ RunTime:0.004338s ]
INFO: [ app_begin ] --END-- [ RunTime:0.006805s ]
SQL: SHOW COLUMNS FROM `p39_category` [ RunTime:0.0108s ]
SQL: SHOW COLUMNS FROM `p39_goods` [ RunTime:0.0108s ]
SQL: SELECT `promote_price` FROM `p39_goods` WHERE `promote_price` > 0 AND `promote_start_date` <= '2018-03-20 20:04' AND `promote_end_date` >= '2018-03-20 20:04' LIMIT 1   [ RunTime:0.0004s ]
SQL: SELECT `shop_price` FROM `p39_goods` WHERE `id` = 36 LIMIT 1   [ RunTime:0.0004s ]
INFO: [ app_end ] --START--
INFO: Run Behavior\ShowPageTraceBehavior [ RunTime:0.001523s ]
INFO: [ app_end ] --END-- [ RunTime:0.001708s ]

[ 2018-03-20T20:04:17+08:00 ] ::1 /www.39.com/index.php/Home/Index/displayHistory/id/36.html
INFO: [ app_begin ] --START--
INFO: Run Behavior\ReadHtmlCacheBehavior [ RunTime:0.002119s ]
INFO: [ app_begin ] --END-- [ RunTime:0.003330s ]
SQL: SHOW COLUMNS FROM `p39_category` [ RunTime:0.0093s ]
SQL: SHOW COLUMNS FROM `p39_goods` [ RunTime:0.0097s ]
ERR: 1064:Erreur de syntaxe près de ')' à la ligne 1
 [ SQL语句 ] : SELECT `id`,`mid_logo`,`goods_name` FROM `p39_goods` WHERE `id` IN ('36','33','35','29','32','') AND `is_on_sale` = '是' ORDER BY FIELD(id,36,33,35,29,32,) 
ERR: 1064:Erreur de syntaxe près de ')' à la ligne 1
 [ SQL语句 ] : SELECT `id`,`mid_logo`,`goods_name` FROM `p39_goods` WHERE `id` IN ('36','33','35','29','32','') AND `is_on_sale` = '是' ORDER BY FIELD(id,36,33,35,29,32,) 

[ 2018-03-20T20:04:29+08:00 ] ::1 /www.39.com/index.php/Home/Member/ajaxChkLogin.html
INFO: [ app_begin ] --START--
INFO: Run Behavior\ReadHtmlCacheBehavior [ RunTime:0.002277s ]
INFO: [ app_begin ] --END-- [ RunTime:0.003730s ]
INFO: [ app_end ] --START--
INFO: Run Behavior\ShowPageTraceBehavior [ RunTime:0.002926s ]
INFO: [ app_end ] --END-- [ RunTime:0.003181s ]

[ 2018-03-20T20:04:30+08:00 ] ::1 /www.39.com/index.php/Home/Index/displayHistory/id/36.html
INFO: [ app_begin ] --START--
INFO: Run Behavior\ReadHtmlCacheBehavior [ RunTime:0.003507s ]
INFO: [ app_begin ] --END-- [ RunTime:0.004846s ]
SQL: SHOW COLUMNS FROM `p39_category` [ RunTime:0.0137s ]
SQL: SHOW COLUMNS FROM `p39_goods` [ RunTime:0.0100s ]
ERR: 1064:Erreur de syntaxe près de ')' à la ligne 1
 [ SQL语句 ] : SELECT `id`,`mid_logo`,`goods_name` FROM `p39_goods` WHERE `id` IN ('36','33','35','29','32','') AND `is_on_sale` = '是' ORDER BY FIELD(id,36,33,35,29,32,) 
ERR: 1064:Erreur de syntaxe près de ')' à la ligne 1
 [ SQL语句 ] : SELECT `id`,`mid_logo`,`goods_name` FROM `p39_goods` WHERE `id` IN ('36','33','35','29','32','') AND `is_on_sale` = '是' ORDER BY FIELD(id,36,33,35,29,32,) 

[ 2018-03-20T20:04:30+08:00 ] ::1 /www.39.com/index.php/Home/Member/ajaxChkLogin.html
INFO: [ app_begin ] --START--
INFO: Run Behavior\ReadHtmlCacheBehavior [ RunTime:0.001510s ]
INFO: [ app_begin ] --END-- [ RunTime:0.004994s ]
INFO: [ app_end ] --START--
INFO: Run Behavior\ShowPageTraceBehavior [ RunTime:0.001577s ]
INFO: [ app_end ] --END-- [ RunTime:0.001788s ]

[ 2018-03-20T20:04:31+08:00 ] ::1 /www.39.com/index.php/Home/Index/ajaxGetMemberPrice/goods_id/36.html
INFO: [ app_begin ] --START--
INFO: Run Behavior\ReadHtmlCacheBehavior [ RunTime:0.003936s ]
INFO: [ app_begin ] --END-- [ RunTime:0.005162s ]
SQL: SHOW COLUMNS FROM `p39_category` [ RunTime:0.2443s ]
SQL: SHOW COLUMNS FROM `p39_goods` [ RunTime:0.0087s ]
SQL: SELECT `promote_price` FROM `p39_goods` WHERE `promote_price` > 0 AND `promote_start_date` <= '2018-03-20 20:04' AND `promote_end_date` >= '2018-03-20 20:04' LIMIT 1   [ RunTime:0.0003s ]
SQL: SELECT `shop_price` FROM `p39_goods` WHERE `id` = 36 LIMIT 1   [ RunTime:0.0003s ]
INFO: [ app_end ] --START--
INFO: Run Behavior\ShowPageTraceBehavior [ RunTime:0.002841s ]
INFO: [ app_end ] --END-- [ RunTime:0.003042s ]

