[ 2018-04-15T22:15:09+08:00 ] ::1 /www.39.com/index.php/Home/Member/ajaxChkLogin.html
INFO: [ app_begin ] --START--
INFO: Run Behavior\ReadHtmlCacheBehavior [ RunTime:0.002277s ]
INFO: [ app_begin ] --END-- [ RunTime:0.003170s ]
INFO: [ app_end ] --START--
INFO: Run Behavior\ShowPageTraceBehavior [ RunTime:0.002772s ]
INFO: [ app_end ] --END-- [ RunTime:0.003011s ]

[ 2018-04-15T22:15:11+08:00 ] ::1 /www.39.com/index.php/Home/Member/ajaxChkLogin.html
INFO: [ app_begin ] --START--
INFO: Run Behavior\ReadHtmlCacheBehavior [ RunTime:0.001418s ]
INFO: [ app_begin ] --END-- [ RunTime:0.002360s ]
INFO: [ app_end ] --START--
INFO: Run Behavior\ShowPageTraceBehavior [ RunTime:0.001287s ]
INFO: [ app_end ] --END-- [ RunTime:0.001409s ]

[ 2018-04-15T22:15:14+08:00 ] ::1 /www.39.com/index.php/Home/Member/ajaxChkLogin.html
INFO: [ app_begin ] --START--
INFO: Run Behavior\ReadHtmlCacheBehavior [ RunTime:0.020339s ]
INFO: [ app_begin ] --END-- [ RunTime:0.021919s ]
INFO: [ app_end ] --START--
INFO: Run Behavior\ShowPageTraceBehavior [ RunTime:0.004349s ]
INFO: [ app_end ] --END-- [ RunTime:0.005330s ]

[ 2018-04-15T22:15:17+08:00 ] ::1 /www.39.com/index.php/Home/Member/ajaxChkLogin.html
INFO: [ app_begin ] --START--
INFO: Run Behavior\ReadHtmlCacheBehavior [ RunTime:0.004114s ]
INFO: [ app_begin ] --END-- [ RunTime:0.005780s ]
INFO: [ app_end ] --START--
INFO: Run Behavior\ShowPageTraceBehavior [ RunTime:0.002325s ]
INFO: [ app_end ] --END-- [ RunTime:0.003076s ]

