[ 2018-04-18T10:53:46+08:00 ] ::1 /www.39.com/index.php/Home/Member/ajaxChkLogin.html
INFO: [ app_begin ] --START--
INFO: Run Behavior\ReadHtmlCacheBehavior [ RunTime:0.001523s ]
INFO: [ app_begin ] --END-- [ RunTime:0.009084s ]
INFO: [ app_end ] --START--
INFO: Run Behavior\ShowPageTraceBehavior [ RunTime:0.001542s ]
INFO: [ app_end ] --END-- [ RunTime:0.001772s ]

[ 2018-04-18T10:53:53+08:00 ] ::1 /www.39.com/index.php/Home/Member/ajaxChkLogin.html
INFO: [ app_begin ] --START--
INFO: Run Behavior\ReadHtmlCacheBehavior [ RunTime:0.029244s ]
INFO: [ app_begin ] --END-- [ RunTime:0.032197s ]
INFO: [ app_end ] --START--
INFO: Run Behavior\ShowPageTraceBehavior [ RunTime:0.002668s ]
INFO: [ app_end ] --END-- [ RunTime:0.002911s ]

[ 2018-04-18T10:54:04+08:00 ] ::1 /www.39.com/index.php/Home/Member/ajaxChkLogin.html
INFO: [ app_begin ] --START--
INFO: Run Behavior\ReadHtmlCacheBehavior [ RunTime:0.002427s ]
INFO: [ app_begin ] --END-- [ RunTime:0.003613s ]
INFO: [ app_end ] --START--
INFO: Run Behavior\ShowPageTraceBehavior [ RunTime:0.004048s ]
INFO: [ app_end ] --END-- [ RunTime:0.004591s ]

[ 2018-04-18T10:54:25+08:00 ] ::1 /www.39.com/index.php/Home/Member/ajaxChkLogin.html
INFO: [ app_begin ] --START--
INFO: Run Behavior\ReadHtmlCacheBehavior [ RunTime:0.002760s ]
INFO: [ app_begin ] --END-- [ RunTime:0.004272s ]
INFO: [ app_end ] --START--
INFO: Run Behavior\ShowPageTraceBehavior [ RunTime:0.001485s ]
INFO: [ app_end ] --END-- [ RunTime:0.001695s ]

[ 2018-04-18T10:54:29+08:00 ] ::1 /www.39.com/index.php/Home/Member/ajaxChkLogin.html
INFO: [ app_begin ] --START--
INFO: Run Behavior\ReadHtmlCacheBehavior [ RunTime:0.001069s ]
INFO: [ app_begin ] --END-- [ RunTime:0.001845s ]
INFO: [ app_end ] --START--
INFO: Run Behavior\ShowPageTraceBehavior [ RunTime:0.001118s ]
INFO: [ app_end ] --END-- [ RunTime:0.001263s ]

[ 2018-04-18T10:54:42+08:00 ] ::1 /www.39.com/index.php/Home/Member/ajaxChkLogin.html
INFO: [ app_begin ] --START--
INFO: Run Behavior\ReadHtmlCacheBehavior [ RunTime:0.001819s ]
INFO: [ app_begin ] --END-- [ RunTime:0.003450s ]
INFO: [ app_end ] --START--
INFO: Run Behavior\ShowPageTraceBehavior [ RunTime:0.010349s ]
INFO: [ app_end ] --END-- [ RunTime:0.010642s ]

[ 2018-04-18T10:58:36+08:00 ] ::1 /www.39.com/index.php/Home/Member/ajaxChkLogin.html
INFO: [ app_begin ] --START--
INFO: Run Behavior\ReadHtmlCacheBehavior [ RunTime:0.002274s ]
INFO: [ app_begin ] --END-- [ RunTime:0.003856s ]
INFO: [ app_end ] --START--
INFO: Run Behavior\ShowPageTraceBehavior [ RunTime:0.004169s ]
INFO: [ app_end ] --END-- [ RunTime:0.004424s ]

[ 2018-04-18T10:58:40+08:00 ] ::1 /www.39.com/index.php/Home/Member/ajaxChkLogin.html
INFO: [ app_begin ] --START--
INFO: Run Behavior\ReadHtmlCacheBehavior [ RunTime:0.001857s ]
INFO: [ app_begin ] --END-- [ RunTime:0.003108s ]
INFO: [ app_end ] --START--
INFO: Run Behavior\ShowPageTraceBehavior [ RunTime:0.001621s ]
INFO: [ app_end ] --END-- [ RunTime:0.001968s ]

[ 2018-04-18T10:58:43+08:00 ] ::1 /www.39.com/index.php/Home/Member/ajaxChkLogin.html
INFO: [ app_begin ] --START--
INFO: Run Behavior\ReadHtmlCacheBehavior [ RunTime:0.002000s ]
INFO: [ app_begin ] --END-- [ RunTime:0.003806s ]
INFO: [ app_end ] --START--
INFO: Run Behavior\ShowPageTraceBehavior [ RunTime:0.004260s ]
INFO: [ app_end ] --END-- [ RunTime:0.004736s ]

[ 2018-04-18T10:58:46+08:00 ] ::1 /www.39.com/index.php/Home/Member/ajaxChkLogin.html
INFO: [ app_begin ] --START--
INFO: Run Behavior\ReadHtmlCacheBehavior [ RunTime:0.001583s ]
INFO: [ app_begin ] --END-- [ RunTime:0.002587s ]
INFO: [ app_end ] --START--
INFO: Run Behavior\ShowPageTraceBehavior [ RunTime:0.003915s ]
INFO: [ app_end ] --END-- [ RunTime:0.004714s ]

[ 2018-04-18T10:58:51+08:00 ] ::1 /www.39.com/index.php/Home/Member/ajaxChkLogin.html
INFO: [ app_begin ] --START--
INFO: Run Behavior\ReadHtmlCacheBehavior [ RunTime:0.002417s ]
INFO: [ app_begin ] --END-- [ RunTime:0.004280s ]
INFO: [ app_end ] --START--
INFO: Run Behavior\ShowPageTraceBehavior [ RunTime:0.001488s ]
INFO: [ app_end ] --END-- [ RunTime:0.001701s ]

[ 2018-04-18T10:58:55+08:00 ] ::1 /www.39.com/index.php/Home/Member/ajaxChkLogin.html
INFO: [ app_begin ] --START--
INFO: Run Behavior\ReadHtmlCacheBehavior [ RunTime:0.001221s ]
INFO: [ app_begin ] --END-- [ RunTime:0.003990s ]
INFO: [ app_end ] --START--
INFO: Run Behavior\ShowPageTraceBehavior [ RunTime:0.001107s ]
INFO: [ app_end ] --END-- [ RunTime:0.001286s ]

[ 2018-04-18T10:59:01+08:00 ] ::1 /www.39.com/index.php/Home/Member/ajaxChkLogin.html
INFO: [ app_begin ] --START--
INFO: Run Behavior\ReadHtmlCacheBehavior [ RunTime:0.001310s ]
INFO: [ app_begin ] --END-- [ RunTime:0.002115s ]
INFO: [ app_end ] --START--
INFO: Run Behavior\ShowPageTraceBehavior [ RunTime:0.005917s ]
INFO: [ app_end ] --END-- [ RunTime:0.006309s ]

[ 2018-04-18T10:59:04+08:00 ] ::1 /www.39.com/index.php/Home/Member/ajaxChkLogin.html
INFO: [ app_begin ] --START--
INFO: Run Behavior\ReadHtmlCacheBehavior [ RunTime:0.001823s ]
INFO: [ app_begin ] --END-- [ RunTime:0.003388s ]
INFO: [ app_end ] --START--
INFO: Run Behavior\ShowPageTraceBehavior [ RunTime:0.002332s ]
INFO: [ app_end ] --END-- [ RunTime:0.002581s ]

[ 2018-04-18T10:59:06+08:00 ] ::1 /www.39.com/index.php/Home/Member/ajaxChkLogin.html
INFO: [ app_begin ] --START--
INFO: Run Behavior\ReadHtmlCacheBehavior [ RunTime:0.001336s ]
INFO: [ app_begin ] --END-- [ RunTime:0.002256s ]
INFO: [ app_end ] --START--
INFO: Run Behavior\ShowPageTraceBehavior [ RunTime:0.001723s ]
INFO: [ app_end ] --END-- [ RunTime:0.001950s ]

[ 2018-04-18T10:59:09+08:00 ] ::1 /www.39.com/index.php/Home/Member/ajaxChkLogin.html
INFO: [ app_begin ] --START--
INFO: Run Behavior\ReadHtmlCacheBehavior [ RunTime:0.008493s ]
INFO: [ app_begin ] --END-- [ RunTime:0.010013s ]
INFO: [ app_end ] --START--
INFO: Run Behavior\ShowPageTraceBehavior [ RunTime:0.001773s ]
INFO: [ app_end ] --END-- [ RunTime:0.002006s ]

[ 2018-04-18T10:59:12+08:00 ] ::1 /www.39.com/index.php/Home/Member/ajaxChkLogin.html
INFO: [ app_begin ] --START--
INFO: Run Behavior\ReadHtmlCacheBehavior [ RunTime:0.001826s ]
INFO: [ app_begin ] --END-- [ RunTime:0.003441s ]
INFO: [ app_end ] --START--
INFO: Run Behavior\ShowPageTraceBehavior [ RunTime:0.001851s ]
INFO: [ app_end ] --END-- [ RunTime:0.002122s ]

[ 2018-04-18T10:59:17+08:00 ] ::1 /www.39.com/index.php/Home/Search/cat_search/cat_id/14
ERR: 1064:You have an error in your SQL syntax; check the manual that corresponds to your MySQL server version for the right syntax to use near ') AND a.brand_id <> 0' at line 1
 [ SQL语句 ] : SELECT DISTINCT brand_id,b.brand_name,b.logo FROM p39_goods a LEFT JOIN p39_brand b ON a.brand_id=b.id  WHERE a.id IN () AND a.brand_id <> 0 

[ 2018-04-18T10:59:19+08:00 ] ::1 /www.39.com/index.php/Home/Member/ajaxChkLogin.html
INFO: [ app_begin ] --START--
INFO: Run Behavior\ReadHtmlCacheBehavior [ RunTime:0.001730s ]
INFO: [ app_begin ] --END-- [ RunTime:0.002972s ]
INFO: [ app_end ] --START--
INFO: Run Behavior\ShowPageTraceBehavior [ RunTime:0.001150s ]
INFO: [ app_end ] --END-- [ RunTime:0.001386s ]

[ 2018-04-18T10:59:21+08:00 ] ::1 /www.39.com/index.php/Home/Member/ajaxChkLogin.html
INFO: [ app_begin ] --START--
INFO: Run Behavior\ReadHtmlCacheBehavior [ RunTime:0.001319s ]
INFO: [ app_begin ] --END-- [ RunTime:0.002376s ]
INFO: [ app_end ] --START--
INFO: Run Behavior\ShowPageTraceBehavior [ RunTime:0.001310s ]
INFO: [ app_end ] --END-- [ RunTime:0.001531s ]

[ 2018-04-18T10:59:24+08:00 ] ::1 /www.39.com/index.php/Home/Member/ajaxChkLogin.html
INFO: [ app_begin ] --START--
INFO: Run Behavior\ReadHtmlCacheBehavior [ RunTime:0.001659s ]
INFO: [ app_begin ] --END-- [ RunTime:0.002999s ]
INFO: [ app_end ] --START--
INFO: Run Behavior\ShowPageTraceBehavior [ RunTime:0.001380s ]
INFO: [ app_end ] --END-- [ RunTime:0.001615s ]

[ 2018-04-18T10:59:26+08:00 ] ::1 /www.39.com/index.php/Home/Search/cat_search/cat_id/3
ERR: 1064:You have an error in your SQL syntax; check the manual that corresponds to your MySQL server version for the right syntax to use near ') AND a.brand_id <> 0' at line 1
 [ SQL语句 ] : SELECT DISTINCT brand_id,b.brand_name,b.logo FROM p39_goods a LEFT JOIN p39_brand b ON a.brand_id=b.id  WHERE a.id IN () AND a.brand_id <> 0 

[ 2018-04-18T10:59:28+08:00 ] ::1 /www.39.com/index.php/Home/Member/ajaxChkLogin.html
INFO: [ app_begin ] --START--
INFO: Run Behavior\ReadHtmlCacheBehavior [ RunTime:0.001407s ]
INFO: [ app_begin ] --END-- [ RunTime:0.002508s ]
INFO: [ app_end ] --START--
INFO: Run Behavior\ShowPageTraceBehavior [ RunTime:0.003285s ]
INFO: [ app_end ] --END-- [ RunTime:0.003867s ]

[ 2018-04-18T10:59:32+08:00 ] ::1 /www.39.com/index.php/Home/Member/ajaxChkLogin.html
INFO: [ app_begin ] --START--
INFO: Run Behavior\ReadHtmlCacheBehavior [ RunTime:0.003209s ]
INFO: [ app_begin ] --END-- [ RunTime:0.004717s ]
INFO: [ app_end ] --START--
INFO: Run Behavior\ShowPageTraceBehavior [ RunTime:0.001267s ]
INFO: [ app_end ] --END-- [ RunTime:0.001527s ]

[ 2018-04-18T10:59:36+08:00 ] ::1 /www.39.com/index.php/Home/Member/ajaxChkLogin.html
INFO: [ app_begin ] --START--
INFO: Run Behavior\ReadHtmlCacheBehavior [ RunTime:0.001802s ]
INFO: [ app_begin ] --END-- [ RunTime:0.005856s ]
INFO: [ app_end ] --START--
INFO: Run Behavior\ShowPageTraceBehavior [ RunTime:0.007324s ]
INFO: [ app_end ] --END-- [ RunTime:0.007699s ]

[ 2018-04-18T10:59:39+08:00 ] ::1 /www.39.com/index.php/Home/Index/ajaxGetMemberPrice/goods_id/29.html
INFO: [ app_begin ] --START--
INFO: Run Behavior\ReadHtmlCacheBehavior [ RunTime:0.002044s ]
INFO: [ app_begin ] --END-- [ RunTime:0.003256s ]
SQL: SHOW COLUMNS FROM `p39_category` [ RunTime:0.0008s ]
SQL: SHOW COLUMNS FROM `p39_goods` [ RunTime:0.0013s ]
SQL: SELECT `promote_price` FROM `p39_goods` WHERE `id` = '29' AND `promote_price` > 0 AND `promote_start_date` <= '2018-04-18 10:59' AND `promote_end_date` >= '2018-04-18 10:59' LIMIT 1   [ RunTime:0.0005s ]
SQL: SHOW COLUMNS FROM `p39_member_price` [ RunTime:0.0070s ]
SQL: SELECT `price` FROM `p39_member_price` WHERE `goods_id` = '29' AND `level_id` = '1' LIMIT 1   [ RunTime:0.1106s ]
INFO: [ app_end ] --START--
INFO: Run Behavior\ShowPageTraceBehavior [ RunTime:0.009347s ]
INFO: [ app_end ] --END-- [ RunTime:0.009733s ]

[ 2018-04-18T10:59:39+08:00 ] ::1 /www.39.com/index.php/Home/Index/displayHistory/id/29.html
INFO: [ app_begin ] --START--
INFO: Run Behavior\ReadHtmlCacheBehavior [ RunTime:0.002030s ]
INFO: [ app_begin ] --END-- [ RunTime:0.003524s ]
SQL: SHOW COLUMNS FROM `p39_category` [ RunTime:0.0010s ]
SQL: SHOW COLUMNS FROM `p39_goods` [ RunTime:0.0015s ]
ERR: 1064:You have an error in your SQL syntax; check the manual that corresponds to your MySQL server version for the right syntax to use near '33,32)' at line 1
 [ SQL语句 ] : SELECT `id`,`mid_logo`,`goods_name` FROM `p39_goods` WHERE `id` IN ('29','36','35','','33','32') AND `is_on_sale` = '是' ORDER BY FIELD(id,29,36,35,,33,32) 
ERR: 1064:You have an error in your SQL syntax; check the manual that corresponds to your MySQL server version for the right syntax to use near '33,32)' at line 1
 [ SQL语句 ] : SELECT `id`,`mid_logo`,`goods_name` FROM `p39_goods` WHERE `id` IN ('29','36','35','','33','32') AND `is_on_sale` = '是' ORDER BY FIELD(id,29,36,35,,33,32) 

[ 2018-04-18T10:59:39+08:00 ] ::1 /www.39.com/index.php/Home/Comment/ajaxGetPl/goods_id/29/p/1
INFO: [ app_begin ] --START--
INFO: Run Behavior\ReadHtmlCacheBehavior [ RunTime:0.001875s ]
INFO: [ app_begin ] --END-- [ RunTime:0.003104s ]
ERR: 非法操作:ajaxGetPl

[ 2018-04-18T10:59:39+08:00 ] ::1 /www.39.com/index.php/Home/Member/ajaxChkLogin.html
INFO: [ app_begin ] --START--
INFO: Run Behavior\ReadHtmlCacheBehavior [ RunTime:0.001463s ]
INFO: [ app_begin ] --END-- [ RunTime:0.002400s ]
INFO: [ app_end ] --START--
INFO: Run Behavior\ShowPageTraceBehavior [ RunTime:0.002008s ]
INFO: [ app_end ] --END-- [ RunTime:0.002251s ]

[ 2018-04-18T11:00:00+08:00 ] ::1 /www.39.com/index.php/Home/Index/ajaxGetMemberPrice/goods_id/29.html
INFO: [ app_begin ] --START--
INFO: Run Behavior\ReadHtmlCacheBehavior [ RunTime:0.007004s ]
INFO: [ app_begin ] --END-- [ RunTime:0.009291s ]
SQL: SHOW COLUMNS FROM `p39_category` [ RunTime:0.0011s ]
SQL: SHOW COLUMNS FROM `p39_goods` [ RunTime:0.0014s ]
SQL: SELECT `promote_price` FROM `p39_goods` WHERE `id` = '29' AND `promote_price` > 0 AND `promote_start_date` <= '2018-04-18 11:00' AND `promote_end_date` >= '2018-04-18 11:00' LIMIT 1   [ RunTime:0.0010s ]
SQL: SHOW COLUMNS FROM `p39_member_price` [ RunTime:0.0018s ]
SQL: SELECT `price` FROM `p39_member_price` WHERE `goods_id` = '29' AND `level_id` = '1' LIMIT 1   [ RunTime:0.0011s ]
INFO: [ app_end ] --START--
INFO: Run Behavior\ShowPageTraceBehavior [ RunTime:0.004498s ]
INFO: [ app_end ] --END-- [ RunTime:0.004795s ]

[ 2018-04-18T11:00:00+08:00 ] ::1 /www.39.com/index.php/Home/Comment/ajaxGetPl/goods_id/29/p/1
INFO: [ app_begin ] --START--
INFO: Run Behavior\ReadHtmlCacheBehavior [ RunTime:0.001628s ]
INFO: [ app_begin ] --END-- [ RunTime:0.002710s ]
ERR: 非法操作:ajaxGetPl

[ 2018-04-18T11:00:00+08:00 ] ::1 /www.39.com/index.php/Home/Index/displayHistory/id/29.html
INFO: [ app_begin ] --START--
INFO: Run Behavior\ReadHtmlCacheBehavior [ RunTime:0.001440s ]
INFO: [ app_begin ] --END-- [ RunTime:0.002530s ]
SQL: SHOW COLUMNS FROM `p39_category` [ RunTime:0.0010s ]
SQL: SHOW COLUMNS FROM `p39_goods` [ RunTime:0.0022s ]
ERR: 1064:You have an error in your SQL syntax; check the manual that corresponds to your MySQL server version for the right syntax to use near '33,32)' at line 1
 [ SQL语句 ] : SELECT `id`,`mid_logo`,`goods_name` FROM `p39_goods` WHERE `id` IN ('29','36','35','','33','32') AND `is_on_sale` = '是' ORDER BY FIELD(id,29,36,35,,33,32) 
ERR: 1064:You have an error in your SQL syntax; check the manual that corresponds to your MySQL server version for the right syntax to use near '33,32)' at line 1
 [ SQL语句 ] : SELECT `id`,`mid_logo`,`goods_name` FROM `p39_goods` WHERE `id` IN ('29','36','35','','33','32') AND `is_on_sale` = '是' ORDER BY FIELD(id,29,36,35,,33,32) 

[ 2018-04-18T11:00:00+08:00 ] ::1 /www.39.com/index.php/Home/Member/ajaxChkLogin.html
INFO: [ app_begin ] --START--
INFO: Run Behavior\ReadHtmlCacheBehavior [ RunTime:0.001721s ]
INFO: [ app_begin ] --END-- [ RunTime:0.002644s ]
INFO: [ app_end ] --START--
INFO: Run Behavior\ShowPageTraceBehavior [ RunTime:0.001734s ]
INFO: [ app_end ] --END-- [ RunTime:0.002099s ]

[ 2018-04-18T11:00:01+08:00 ] ::1 /www.39.com/index.php/Home/Index/displayHistory/id/29.html
INFO: [ app_begin ] --START--
INFO: Run Behavior\ReadHtmlCacheBehavior [ RunTime:0.002391s ]
INFO: [ app_begin ] --END-- [ RunTime:0.003619s ]
SQL: SHOW COLUMNS FROM `p39_category` [ RunTime:0.0009s ]
SQL: SHOW COLUMNS FROM `p39_goods` [ RunTime:0.0016s ]
ERR: 1064:You have an error in your SQL syntax; check the manual that corresponds to your MySQL server version for the right syntax to use near '33,32)' at line 1
 [ SQL语句 ] : SELECT `id`,`mid_logo`,`goods_name` FROM `p39_goods` WHERE `id` IN ('29','36','35','','33','32') AND `is_on_sale` = '是' ORDER BY FIELD(id,29,36,35,,33,32) 
ERR: 1064:You have an error in your SQL syntax; check the manual that corresponds to your MySQL server version for the right syntax to use near '33,32)' at line 1
 [ SQL语句 ] : SELECT `id`,`mid_logo`,`goods_name` FROM `p39_goods` WHERE `id` IN ('29','36','35','','33','32') AND `is_on_sale` = '是' ORDER BY FIELD(id,29,36,35,,33,32) 

[ 2018-04-18T11:00:02+08:00 ] ::1 /www.39.com/index.php/Home/Index/ajaxGetMemberPrice/goods_id/29.html
INFO: [ app_begin ] --START--
INFO: Run Behavior\ReadHtmlCacheBehavior [ RunTime:0.002642s ]
INFO: [ app_begin ] --END-- [ RunTime:0.003917s ]
SQL: SHOW COLUMNS FROM `p39_category` [ RunTime:0.0008s ]
SQL: SHOW COLUMNS FROM `p39_goods` [ RunTime:0.0018s ]
SQL: SELECT `promote_price` FROM `p39_goods` WHERE `id` = '29' AND `promote_price` > 0 AND `promote_start_date` <= '2018-04-18 11:00' AND `promote_end_date` >= '2018-04-18 11:00' LIMIT 1   [ RunTime:0.0005s ]
SQL: SHOW COLUMNS FROM `p39_member_price` [ RunTime:0.0010s ]
SQL: SELECT `price` FROM `p39_member_price` WHERE `goods_id` = '29' AND `level_id` = '1' LIMIT 1   [ RunTime:0.0008s ]
INFO: [ app_end ] --START--
INFO: Run Behavior\ShowPageTraceBehavior [ RunTime:0.001206s ]
INFO: [ app_end ] --END-- [ RunTime:0.001333s ]

[ 2018-04-18T11:00:02+08:00 ] ::1 /www.39.com/index.php/Home/Comment/ajaxGetPl/goods_id/29/p/1
INFO: [ app_begin ] --START--
INFO: Run Behavior\ReadHtmlCacheBehavior [ RunTime:0.004410s ]
INFO: [ app_begin ] --END-- [ RunTime:0.006343s ]
ERR: 非法操作:ajaxGetPl

[ 2018-04-18T11:00:02+08:00 ] ::1 /www.39.com/index.php/Home/Member/ajaxChkLogin.html
INFO: [ app_begin ] --START--
INFO: Run Behavior\ReadHtmlCacheBehavior [ RunTime:0.001818s ]
INFO: [ app_begin ] --END-- [ RunTime:0.003109s ]
INFO: [ app_end ] --START--
INFO: Run Behavior\ShowPageTraceBehavior [ RunTime:0.005301s ]
INFO: [ app_end ] --END-- [ RunTime:0.005535s ]

[ 2018-04-18T11:00:03+08:00 ] ::1 /www.39.com/index.php/Home/Index/displayHistory/id/29.html
INFO: [ app_begin ] --START--
INFO: Run Behavior\ReadHtmlCacheBehavior [ RunTime:0.002012s ]
INFO: [ app_begin ] --END-- [ RunTime:0.003960s ]
SQL: SHOW COLUMNS FROM `p39_category` [ RunTime:0.0010s ]
SQL: SHOW COLUMNS FROM `p39_goods` [ RunTime:0.0015s ]
ERR: 1064:You have an error in your SQL syntax; check the manual that corresponds to your MySQL server version for the right syntax to use near '33,32)' at line 1
 [ SQL语句 ] : SELECT `id`,`mid_logo`,`goods_name` FROM `p39_goods` WHERE `id` IN ('29','36','35','','33','32') AND `is_on_sale` = '是' ORDER BY FIELD(id,29,36,35,,33,32) 
ERR: 1064:You have an error in your SQL syntax; check the manual that corresponds to your MySQL server version for the right syntax to use near '33,32)' at line 1
 [ SQL语句 ] : SELECT `id`,`mid_logo`,`goods_name` FROM `p39_goods` WHERE `id` IN ('29','36','35','','33','32') AND `is_on_sale` = '是' ORDER BY FIELD(id,29,36,35,,33,32) 

[ 2018-04-18T11:00:03+08:00 ] ::1 /www.39.com/index.php/Home/Comment/ajaxGetPl/goods_id/29/p/1
INFO: [ app_begin ] --START--
INFO: Run Behavior\ReadHtmlCacheBehavior [ RunTime:0.002111s ]
INFO: [ app_begin ] --END-- [ RunTime:0.003306s ]
ERR: 非法操作:ajaxGetPl

[ 2018-04-18T11:00:03+08:00 ] ::1 /www.39.com/index.php/Home/Index/ajaxGetMemberPrice/goods_id/29.html
INFO: [ app_begin ] --START--
INFO: Run Behavior\ReadHtmlCacheBehavior [ RunTime:0.002863s ]
INFO: [ app_begin ] --END-- [ RunTime:0.020247s ]
SQL: SHOW COLUMNS FROM `p39_category` [ RunTime:0.0012s ]
SQL: SHOW COLUMNS FROM `p39_goods` [ RunTime:0.0013s ]
SQL: SELECT `promote_price` FROM `p39_goods` WHERE `id` = '29' AND `promote_price` > 0 AND `promote_start_date` <= '2018-04-18 11:00' AND `promote_end_date` >= '2018-04-18 11:00' LIMIT 1   [ RunTime:0.0005s ]
SQL: SHOW COLUMNS FROM `p39_member_price` [ RunTime:0.0048s ]
SQL: SELECT `price` FROM `p39_member_price` WHERE `goods_id` = '29' AND `level_id` = '1' LIMIT 1   [ RunTime:0.0006s ]
INFO: [ app_end ] --START--
INFO: Run Behavior\ShowPageTraceBehavior [ RunTime:0.001359s ]
INFO: [ app_end ] --END-- [ RunTime:0.001601s ]

[ 2018-04-18T11:00:03+08:00 ] ::1 /www.39.com/index.php/Home/Member/ajaxChkLogin.html
INFO: [ app_begin ] --START--
INFO: Run Behavior\ReadHtmlCacheBehavior [ RunTime:0.002105s ]
INFO: [ app_begin ] --END-- [ RunTime:0.003435s ]
INFO: [ app_end ] --START--
INFO: Run Behavior\ShowPageTraceBehavior [ RunTime:0.002902s ]
INFO: [ app_end ] --END-- [ RunTime:0.003189s ]

[ 2018-04-18T11:00:06+08:00 ] ::1 /www.39.com/index.php/Home/Index/displayHistory/id/29.html
INFO: [ app_begin ] --START--
INFO: Run Behavior\ReadHtmlCacheBehavior [ RunTime:0.001884s ]
INFO: [ app_begin ] --END-- [ RunTime:0.003381s ]
SQL: SHOW COLUMNS FROM `p39_category` [ RunTime:0.0014s ]
SQL: SHOW COLUMNS FROM `p39_goods` [ RunTime:0.0011s ]
ERR: 1064:You have an error in your SQL syntax; check the manual that corresponds to your MySQL server version for the right syntax to use near '33,32)' at line 1
 [ SQL语句 ] : SELECT `id`,`mid_logo`,`goods_name` FROM `p39_goods` WHERE `id` IN ('29','36','35','','33','32') AND `is_on_sale` = '是' ORDER BY FIELD(id,29,36,35,,33,32) 
ERR: 1064:You have an error in your SQL syntax; check the manual that corresponds to your MySQL server version for the right syntax to use near '33,32)' at line 1
 [ SQL语句 ] : SELECT `id`,`mid_logo`,`goods_name` FROM `p39_goods` WHERE `id` IN ('29','36','35','','33','32') AND `is_on_sale` = '是' ORDER BY FIELD(id,29,36,35,,33,32) 

[ 2018-04-18T11:00:06+08:00 ] ::1 /www.39.com/index.php/Home/Index/ajaxGetMemberPrice/goods_id/29.html
INFO: [ app_begin ] --START--
INFO: Run Behavior\ReadHtmlCacheBehavior [ RunTime:0.001181s ]
INFO: [ app_begin ] --END-- [ RunTime:0.002360s ]
SQL: SHOW COLUMNS FROM `p39_category` [ RunTime:0.0011s ]
SQL: SHOW COLUMNS FROM `p39_goods` [ RunTime:0.0013s ]
SQL: SELECT `promote_price` FROM `p39_goods` WHERE `id` = '29' AND `promote_price` > 0 AND `promote_start_date` <= '2018-04-18 11:00' AND `promote_end_date` >= '2018-04-18 11:00' LIMIT 1   [ RunTime:0.0006s ]
SQL: SHOW COLUMNS FROM `p39_member_price` [ RunTime:0.0088s ]
SQL: SELECT `price` FROM `p39_member_price` WHERE `goods_id` = '29' AND `level_id` = '1' LIMIT 1   [ RunTime:0.0023s ]
INFO: [ app_end ] --START--
INFO: Run Behavior\ShowPageTraceBehavior [ RunTime:0.001706s ]
INFO: [ app_end ] --END-- [ RunTime:0.001984s ]

[ 2018-04-18T11:00:06+08:00 ] ::1 /www.39.com/index.php/Home/Comment/ajaxGetPl/goods_id/29/p/1
INFO: [ app_begin ] --START--
INFO: Run Behavior\ReadHtmlCacheBehavior [ RunTime:0.002232s ]
INFO: [ app_begin ] --END-- [ RunTime:0.004118s ]
ERR: 非法操作:ajaxGetPl

[ 2018-04-18T11:00:07+08:00 ] ::1 /www.39.com/index.php/Home/Member/ajaxChkLogin.html
INFO: [ app_begin ] --START--
INFO: Run Behavior\ReadHtmlCacheBehavior [ RunTime:0.002190s ]
INFO: [ app_begin ] --END-- [ RunTime:0.005833s ]
INFO: [ app_end ] --START--
INFO: Run Behavior\ShowPageTraceBehavior [ RunTime:0.001430s ]
INFO: [ app_end ] --END-- [ RunTime:0.001683s ]

[ 2018-04-18T11:00:08+08:00 ] ::1 /www.39.com/index.php/Home/Index/displayHistory/id/29.html
INFO: [ app_begin ] --START--
INFO: Run Behavior\ReadHtmlCacheBehavior [ RunTime:0.001465s ]
INFO: [ app_begin ] --END-- [ RunTime:0.014950s ]
SQL: SHOW COLUMNS FROM `p39_category` [ RunTime:0.0009s ]
SQL: SHOW COLUMNS FROM `p39_goods` [ RunTime:0.0014s ]
ERR: 1064:You have an error in your SQL syntax; check the manual that corresponds to your MySQL server version for the right syntax to use near '33,32)' at line 1
 [ SQL语句 ] : SELECT `id`,`mid_logo`,`goods_name` FROM `p39_goods` WHERE `id` IN ('29','36','35','','33','32') AND `is_on_sale` = '是' ORDER BY FIELD(id,29,36,35,,33,32) 
ERR: 1064:You have an error in your SQL syntax; check the manual that corresponds to your MySQL server version for the right syntax to use near '33,32)' at line 1
 [ SQL语句 ] : SELECT `id`,`mid_logo`,`goods_name` FROM `p39_goods` WHERE `id` IN ('29','36','35','','33','32') AND `is_on_sale` = '是' ORDER BY FIELD(id,29,36,35,,33,32) 

[ 2018-04-18T11:00:08+08:00 ] ::1 /www.39.com/index.php/Home/Index/ajaxGetMemberPrice/goods_id/29.html
INFO: [ app_begin ] --START--
INFO: Run Behavior\ReadHtmlCacheBehavior [ RunTime:0.004251s ]
INFO: [ app_begin ] --END-- [ RunTime:0.006008s ]
SQL: SHOW COLUMNS FROM `p39_category` [ RunTime:0.0013s ]
SQL: SHOW COLUMNS FROM `p39_goods` [ RunTime:0.0019s ]
SQL: SELECT `promote_price` FROM `p39_goods` WHERE `id` = '29' AND `promote_price` > 0 AND `promote_start_date` <= '2018-04-18 11:00' AND `promote_end_date` >= '2018-04-18 11:00' LIMIT 1   [ RunTime:0.0005s ]
SQL: SHOW COLUMNS FROM `p39_member_price` [ RunTime:0.0013s ]
SQL: SELECT `price` FROM `p39_member_price` WHERE `goods_id` = '29' AND `level_id` = '1' LIMIT 1   [ RunTime:0.0006s ]
INFO: [ app_end ] --START--
INFO: Run Behavior\ShowPageTraceBehavior [ RunTime:0.001731s ]
INFO: [ app_end ] --END-- [ RunTime:0.001944s ]

[ 2018-04-18T11:00:08+08:00 ] ::1 /www.39.com/index.php/Home/Comment/ajaxGetPl/goods_id/29/p/1
INFO: [ app_begin ] --START--
INFO: Run Behavior\ReadHtmlCacheBehavior [ RunTime:0.009656s ]
INFO: [ app_begin ] --END-- [ RunTime:0.010834s ]
ERR: 非法操作:ajaxGetPl

[ 2018-04-18T11:00:09+08:00 ] ::1 /www.39.com/index.php/Home/Member/ajaxChkLogin.html
INFO: [ app_begin ] --START--
INFO: Run Behavior\ReadHtmlCacheBehavior [ RunTime:0.001826s ]
INFO: [ app_begin ] --END-- [ RunTime:0.003111s ]
INFO: [ app_end ] --START--
INFO: Run Behavior\ShowPageTraceBehavior [ RunTime:0.016566s ]
INFO: [ app_end ] --END-- [ RunTime:0.016830s ]

[ 2018-04-18T11:00:14+08:00 ] ::1 /www.39.com/index.php/Home/Member/ajaxChkLogin.html
INFO: [ app_begin ] --START--
INFO: Run Behavior\ReadHtmlCacheBehavior [ RunTime:0.002545s ]
INFO: [ app_begin ] --END-- [ RunTime:0.003948s ]
INFO: [ app_end ] --START--
INFO: Run Behavior\ShowPageTraceBehavior [ RunTime:0.002980s ]
INFO: [ app_end ] --END-- [ RunTime:0.004695s ]

