[ 2018-03-02T14:33:39+08:00 ] ::1 /www.39.com/index.php/Home/good
ERR: 无法加载控制器:Good

[ 2018-03-02T14:33:43+08:00 ] ::1 /www.39.com/index.php/Home/Good
ERR: 无法加载控制器:Good

[ 2018-03-02T14:36:48+08:00 ] ::1 /www.39.com/index.php/Home/Index/displayHistory.html
INFO: [ app_begin ] --START--
INFO: Run Behavior\ReadHtmlCacheBehavior [ RunTime:0.000842s ]
INFO: [ app_begin ] --END-- [ RunTime:0.001468s ]
SQL: SHOW COLUMNS FROM `p39_category` [ RunTime:0.0285s ]
ERR: 非法操作:displayHistory

[ 2018-03-02T14:40:19+08:00 ] ::1 /www.39.com/index.php/Home/Index/displayHistory.html
INFO: [ app_begin ] --START--
INFO: Run Behavior\ReadHtmlCacheBehavior [ RunTime:0.000788s ]
INFO: [ app_begin ] --END-- [ RunTime:0.001605s ]
SQL: SHOW COLUMNS FROM `p39_category` [ RunTime:0.0396s ]
ERR: 非法操作:displayHistory

[ 2018-03-02T14:40:25+08:00 ] ::1 /www.39.com/index.php/Home/Index/displayHistory.html
INFO: [ app_begin ] --START--
INFO: Run Behavior\ReadHtmlCacheBehavior [ RunTime:0.000978s ]
INFO: [ app_begin ] --END-- [ RunTime:0.002053s ]
SQL: SHOW COLUMNS FROM `p39_category` [ RunTime:0.0438s ]
ERR: 非法操作:displayHistory

[ 2018-03-02T14:42:03+08:00 ] ::1 /www.39.com/index.php/Home/Index/displayHistory.html
INFO: [ app_begin ] --START--
INFO: Run Behavior\ReadHtmlCacheBehavior [ RunTime:0.001342s ]
INFO: [ app_begin ] --END-- [ RunTime:0.002505s ]
SQL: SHOW COLUMNS FROM `p39_category` [ RunTime:0.0093s ]
ERR: 非法操作:displayHistory

[ 2018-03-02T14:46:46+08:00 ] ::1 /www.39.com/index.php/Home/Index/displayHistory.html
INFO: [ app_begin ] --START--
INFO: Run Behavior\ReadHtmlCacheBehavior [ RunTime:0.001836s ]
INFO: [ app_begin ] --END-- [ RunTime:0.003019s ]
SQL: SHOW COLUMNS FROM `p39_category` [ RunTime:0.0613s ]
ERR: 非法操作:displayHistory

[ 2018-03-02T14:46:49+08:00 ] ::1 /www.39.com/index.php/Home/Index/displayHistory.html
INFO: [ app_begin ] --START--
INFO: Run Behavior\ReadHtmlCacheBehavior [ RunTime:0.001041s ]
INFO: [ app_begin ] --END-- [ RunTime:0.001966s ]
SQL: SHOW COLUMNS FROM `p39_category` [ RunTime:0.0083s ]
ERR: 非法操作:displayHistory

[ 2018-03-02T14:47:48+08:00 ] ::1 /www.39.com/index.php/Home/Index/displayHistory/id/29.html
INFO: [ app_begin ] --START--
INFO: Run Behavior\ReadHtmlCacheBehavior [ RunTime:0.000972s ]
INFO: [ app_begin ] --END-- [ RunTime:0.002358s ]
SQL: SHOW COLUMNS FROM `p39_category` [ RunTime:0.0682s ]
ERR: 非法操作:displayHistory

[ 2018-03-02T15:01:46+08:00 ] ::1 /www.39.com/index.php/Home/Index/displayHistory/id/33.html
INFO: [ app_begin ] --START--
INFO: Run Behavior\ReadHtmlCacheBehavior [ RunTime:0.001123s ]
INFO: [ app_begin ] --END-- [ RunTime:0.001993s ]
SQL: SHOW COLUMNS FROM `p39_category` [ RunTime:0.0082s ]
NOTIC: [2] serialize() expects exactly 1 parameter, 3 given D:\wamp\www\www.39.com\Application\Home\Controller\IndexController.class.php 第 65 行.
SQL: SHOW COLUMNS FROM `p39_goods` [ RunTime:0.0128s ]
ERR: 表达式错误:,

[ 2018-03-02T15:04:31+08:00 ] ::1 /www.39.com/index.php/Home/Index/displayHistory/id/33.html
INFO: [ app_begin ] --START--
INFO: Run Behavior\ReadHtmlCacheBehavior [ RunTime:0.001129s ]
INFO: [ app_begin ] --END-- [ RunTime:0.002216s ]
SQL: SHOW COLUMNS FROM `p39_category` [ RunTime:0.1150s ]
SQL: SHOW COLUMNS FROM `p39_goods` [ RunTime:0.3056s ]
ERR: 1054:Champ 'good_name' inconnu dans field list
 [ SQL语句 ] : SELECT `id`,`mid_logo`,`good_name` FROM `p39_goods` WHERE `id` IN ('33') AND `is_on_sale` = '是' ORDER BY FIELD(id,33) 
ERR: 1054:Champ 'good_name' inconnu dans field list
 [ SQL语句 ] : SELECT `id`,`mid_logo`,`good_name` FROM `p39_goods` WHERE `id` IN ('33') AND `is_on_sale` = '是' ORDER BY FIELD(id,33) 

[ 2018-03-02T15:04:33+08:00 ] ::1 /www.39.com/index.php/Home/Index/displayHistory/id/33.html
INFO: [ app_begin ] --START--
INFO: Run Behavior\ReadHtmlCacheBehavior [ RunTime:0.001604s ]
INFO: [ app_begin ] --END-- [ RunTime:0.005716s ]
SQL: SHOW COLUMNS FROM `p39_category` [ RunTime:0.0250s ]
SQL: SHOW COLUMNS FROM `p39_goods` [ RunTime:0.0098s ]
ERR: 1054:Champ 'good_name' inconnu dans field list
 [ SQL语句 ] : SELECT `id`,`mid_logo`,`good_name` FROM `p39_goods` WHERE `id` IN ('33') AND `is_on_sale` = '是' ORDER BY FIELD(id,33) 
ERR: 1054:Champ 'good_name' inconnu dans field list
 [ SQL语句 ] : SELECT `id`,`mid_logo`,`good_name` FROM `p39_goods` WHERE `id` IN ('33') AND `is_on_sale` = '是' ORDER BY FIELD(id,33) 

[ 2018-03-02T15:04:40+08:00 ] ::1 /www.39.com/index.php/Home/Index/displayHistory/id/30.html
INFO: [ app_begin ] --START--
INFO: Run Behavior\ReadHtmlCacheBehavior [ RunTime:0.001278s ]
INFO: [ app_begin ] --END-- [ RunTime:0.002459s ]
SQL: SHOW COLUMNS FROM `p39_category` [ RunTime:0.0085s ]
SQL: SHOW COLUMNS FROM `p39_goods` [ RunTime:0.0054s ]
ERR: 1054:Champ 'good_name' inconnu dans field list
 [ SQL语句 ] : SELECT `id`,`mid_logo`,`good_name` FROM `p39_goods` WHERE `id` IN ('30','33') AND `is_on_sale` = '是' ORDER BY FIELD(id,30,33) 
ERR: 1054:Champ 'good_name' inconnu dans field list
 [ SQL语句 ] : SELECT `id`,`mid_logo`,`good_name` FROM `p39_goods` WHERE `id` IN ('30','33') AND `is_on_sale` = '是' ORDER BY FIELD(id,30,33) 

[ 2018-03-02T15:07:31+08:00 ] ::1 /www.39.com/index.php/Home/Index/displayHistory/id/30.html
INFO: [ app_begin ] --START--
INFO: Run Behavior\ReadHtmlCacheBehavior [ RunTime:0.002395s ]
INFO: [ app_begin ] --END-- [ RunTime:0.003482s ]
SQL: SHOW COLUMNS FROM `p39_category` [ RunTime:0.0073s ]
SQL: SHOW COLUMNS FROM `p39_goods` [ RunTime:0.0532s ]
SQL: SELECT `id`,`mid_logo`,`goods_name` FROM `p39_goods` WHERE `id` IN ('30','33') AND `is_on_sale` = '是' ORDER BY FIELD(id,30,33)  [ RunTime:0.1154s ]
INFO: [ app_end ] --START--
INFO: Run Behavior\ShowPageTraceBehavior [ RunTime:0.002995s ]
INFO: [ app_end ] --END-- [ RunTime:0.003303s ]

[ 2018-03-02T15:09:45+08:00 ] ::1 /www.39.com/index.php/Home/Index/displayHistory/id/30.html
INFO: [ app_begin ] --START--
INFO: Run Behavior\ReadHtmlCacheBehavior [ RunTime:0.002109s ]
INFO: [ app_begin ] --END-- [ RunTime:0.003308s ]
SQL: SHOW COLUMNS FROM `p39_category` [ RunTime:0.0085s ]
SQL: SHOW COLUMNS FROM `p39_goods` [ RunTime:0.0094s ]
SQL: SELECT `id`,`mid_logo`,`goods_name` FROM `p39_goods` WHERE `id` IN ('30','33') AND `is_on_sale` = '是' ORDER BY FIELD(id,30,33)  [ RunTime:0.0008s ]
INFO: [ app_end ] --START--
INFO: Run Behavior\ShowPageTraceBehavior [ RunTime:0.001251s ]
INFO: [ app_end ] --END-- [ RunTime:0.001497s ]

[ 2018-03-02T15:09:49+08:00 ] ::1 /www.39.com/index.php/Home/Index/displayHistory/id/33.html
INFO: [ app_begin ] --START--
INFO: Run Behavior\ReadHtmlCacheBehavior [ RunTime:0.000933s ]
INFO: [ app_begin ] --END-- [ RunTime:0.001809s ]
SQL: SHOW COLUMNS FROM `p39_category` [ RunTime:0.0080s ]
SQL: SHOW COLUMNS FROM `p39_goods` [ RunTime:0.0077s ]
SQL: SELECT `id`,`mid_logo`,`goods_name` FROM `p39_goods` WHERE `id` IN ('33','30') AND `is_on_sale` = '是' ORDER BY FIELD(id,33,30)  [ RunTime:0.0005s ]
INFO: [ app_end ] --START--
INFO: Run Behavior\ShowPageTraceBehavior [ RunTime:0.001089s ]
INFO: [ app_end ] --END-- [ RunTime:0.001265s ]

[ 2018-03-02T15:09:53+08:00 ] ::1 /www.39.com/index.php/Home/Index/displayHistory/id/29.html
INFO: [ app_begin ] --START--
INFO: Run Behavior\ReadHtmlCacheBehavior [ RunTime:0.000668s ]
INFO: [ app_begin ] --END-- [ RunTime:0.001233s ]
SQL: SHOW COLUMNS FROM `p39_category` [ RunTime:0.0087s ]
SQL: SHOW COLUMNS FROM `p39_goods` [ RunTime:0.0072s ]
SQL: SELECT `id`,`mid_logo`,`goods_name` FROM `p39_goods` WHERE `id` IN ('29','33','30') AND `is_on_sale` = '是' ORDER BY FIELD(id,29,33,30)  [ RunTime:0.0557s ]
INFO: [ app_end ] --START--
INFO: Run Behavior\ShowPageTraceBehavior [ RunTime:0.002194s ]
INFO: [ app_end ] --END-- [ RunTime:0.002423s ]

